> 100 10 0 2 526
> 100 10 0 2 531
> 100 10 0 2 528
> 100 10 0 2 522
> 100 10 0 2 551
> 100 10 0 2 529
> 100 10 0 2 528
> 100 10 0 2 555
> 100 10 0 2 528
> 100 10 0 2 547
> 100 10 0 2 537
> 100 10 0 2 554
> 100 10 0 2 534
> 100 10 0 2 538
> 100 10 0 2 533
> 100 10 0 2 538
> 100 10 0 2 555
> 100 10 0 2 550
> 100 10 0 2 532
> 100 10 0 2 521
> 100 10 0 2 548
> 100 10 0 2 535
> 100 10 0 2 526
> 100 10 0 2 541
> 100 10 0 2 529
> 100 10 0 2 550
> 100 10 0 2 549
> 100 10 0 2 531
> 100 10 0 2 503
> 100 10 0 2 536
> 100 10 0 2 557
> 100 10 0 2 532
> 100 10 0 2 527
> 100 10 0 2 528
> 100 10 0 2 544
> 100 10 0 2 539
> 100 10 0 2 551
> 100 10 0 2 523
> 100 10 0 2 540
> 100 10 0 2 548
> 100 10 0 2 576
> 100 10 0 2 560
> 100 10 0 2 540
> 100 10 0 2 526
> 100 10 0 2 519
> 100 10 0 2 528
> 100 10 0 2 541
> 100 10 0 2 544
> 100 10 0 2 545
> 100 10 0 2 530
> 100 10 0 2 528
> 100 10 0 2 530
> 100 10 0 2 561
> 100 10 0 2 552
> 100 10 0 2 517
> 100 10 0 2 529
> 100 10 0 2 525
> 100 10 0 2 528
> 100 10 0 2 519
> 100 10 0 2 544
> 100 10 0 2 527
> 100 10 0 2 523
> 100 10 0 2 540
> 100 10 0 2 525
> 100 10 0 2 537
> 100 10 0 2 521
> 100 10 0 2 545
> 100 10 0 2 527
> 100 10 0 2 540
> 100 10 0 2 545
> 100 10 0 2 514
> 100 10 0 2 530
> 100 10 0 2 510
> 100 10 0 2 557
> 100 10 0 2 513
> 100 10 0 2 549
> 100 10 0 2 575
> 100 10 0 2 552
> 100 10 0 2 546
> 100 10 0 2 546
> 100 10 0 2 541
> 100 10 0 2 539
> 100 10 0 2 518
> 100 10 0 2 550
> 100 10 0 2 525
> 100 10 0 2 548
> 100 10 0 2 511
> 100 10 0 2 558
> 100 10 0 2 529
> 100 10 0 2 539
> 100 10 0 2 539
> 100 10 0 2 542
> 100 10 0 2 542
> 100 10 0 2 546
> 100 10 0 2 532
> 100 10 0 2 544
> 100 10 0 2 532
> 100 10 0 2 563
> 100 10 0 2 553
> 100 10 0 2 518
> 100 10 0 3 608
> 100 10 0 3 661
> 100 10 0 3 650
> 100 10 0 3 666
> 100 10 0 3 652
> 100 10 0 3 628
> 100 10 0 3 670
> 100 10 0 3 664
> 100 10 0 3 646
> 100 10 0 3 650
> 100 10 0 3 601
> 100 10 0 3 655
> 100 10 0 3 642
> 100 10 0 3 627
> 100 10 0 3 612
> 100 10 0 3 631
> 100 10 0 3 646
> 100 10 0 3 667
> 100 10 0 3 667
> 100 10 0 3 656
> 100 10 0 3 664
> 100 10 0 3 642
> 100 10 0 3 638
> 100 10 0 3 618
> 100 10 0 3 673
> 100 10 0 3 674
> 100 10 0 3 645
> 100 10 0 3 669
> 100 10 0 3 596
> 100 10 0 3 624
> 100 10 0 3 676
> 100 10 0 3 674
> 100 10 0 3 649
> 100 10 0 3 614
> 100 10 0 3 629
> 100 10 0 3 673
> 100 10 0 3 653
> 100 10 0 3 654
> 100 10 0 3 632
> 100 10 0 3 658
> 100 10 0 3 645
> 100 10 0 3 640
> 100 10 0 3 622
> 100 10 0 3 652
> 100 10 0 3 610
> 100 10 0 3 655
> 100 10 0 3 643
> 100 10 0 3 666
> 100 10 0 3 646
> 100 10 0 3 667
> 100 10 0 3 666
> 100 10 0 3 677
> 100 10 0 3 673
> 100 10 0 3 684
> 100 10 0 3 669
> 100 10 0 3 631
> 100 10 0 3 660
> 100 10 0 3 684
> 100 10 0 3 652
> 100 10 0 3 606
> 100 10 0 3 688
> 100 10 0 3 656
> 100 10 0 3 665
> 100 10 0 3 662
> 100 10 0 3 685
> 100 10 0 3 629
> 100 10 0 3 641
> 100 10 0 3 663
> 100 10 0 3 676
> 100 10 0 3 665
> 100 10 0 3 670
> 100 10 0 3 646
> 100 10 0 3 646
> 100 10 0 3 667
> 100 10 0 3 679
> 100 10 0 3 684
> 100 10 0 3 655
> 100 10 0 3 685
> 100 10 0 3 631
> 100 10 0 3 644
> 100 10 0 3 605
> 100 10 0 3 652
> 100 10 0 3 643
> 100 10 0 3 658
> 100 10 0 3 625
> 100 10 0 3 631
> 100 10 0 3 650
> 100 10 0 3 653
> 100 10 0 3 631
> 100 10 0 3 668
> 100 10 0 3 668
> 100 10 0 3 666
> 100 10 0 3 696
> 100 10 0 3 654
> 100 10 0 3 643
> 100 10 0 3 674
> 100 10 0 3 686
> 100 10 0 3 659
> 100 10 0 3 635
> 100 10 0 3 624
> 100 10 0 4 760
> 100 10 0 4 786
> 100 10 0 4 694
> 100 10 0 4 743
> 100 10 0 4 714
> 100 10 0 4 759
> 100 10 0 4 778
> 100 10 0 4 744
> 100 10 0 4 765
> 100 10 0 4 758
> 100 10 0 4 779
> 100 10 0 4 785
> 100 10 0 4 757
> 100 10 0 4 775
> 100 10 0 4 771
> 100 10 0 4 785
> 100 10 0 4 715
> 100 10 0 4 719
> 100 10 0 4 765
> 100 10 0 4 720
> 100 10 0 4 758
> 100 10 0 4 738
> 100 10 0 4 769
> 100 10 0 4 739
> 100 10 0 4 818
> 100 10 0 4 717
> 100 10 0 4 736
> 100 10 0 4 723
> 100 10 0 4 772
> 100 10 0 4 785
> 100 10 0 4 766
> 100 10 0 4 776
> 100 10 0 4 770
> 100 10 0 4 747
> 100 10 0 4 783
> 100 10 0 4 732
> 100 10 0 4 734
> 100 10 0 4 739
> 100 10 0 4 735
> 100 10 0 4 731
> 100 10 0 4 768
> 100 10 0 4 730
> 100 10 0 4 777
> 100 10 0 4 757
> 100 10 0 4 763
> 100 10 0 4 693
> 100 10 0 4 764
> 100 10 0 4 736
> 100 10 0 4 706
> 100 10 0 4 737
> 100 10 0 4 730
> 100 10 0 4 727
> 100 10 0 4 759
> 100 10 0 4 726
> 100 10 0 4 721
> 100 10 0 4 708
> 100 10 0 4 813
> 100 10 0 4 765
> 100 10 0 4 767
> 100 10 0 4 813
> 100 10 0 4 762
> 100 10 0 4 720
> 100 10 0 4 768
> 100 10 0 4 778
> 100 10 0 4 691
> 100 10 0 4 752
> 100 10 0 4 796
> 100 10 0 4 779
> 100 10 0 4 738
> 100 10 0 4 823
> 100 10 0 4 789
> 100 10 0 4 748
> 100 10 0 4 796
> 100 10 0 4 765
> 100 10 0 4 751
> 100 10 0 4 740
> 100 10 0 4 789
> 100 10 0 4 778
> 100 10 0 4 798
> 100 10 0 4 768
> 100 10 0 4 723
> 100 10 0 4 784
> 100 10 0 4 781
> 100 10 0 4 756
> 100 10 0 4 703
> 100 10 0 4 728
> 100 10 0 4 737
> 100 10 0 4 708
> 100 10 0 4 805
> 100 10 0 4 792
> 100 10 0 4 753
> 100 10 0 4 696
> 100 10 0 4 755
> 100 10 0 4 764
> 100 10 0 4 725
> 100 10 0 4 715
> 100 10 0 4 720
> 100 10 0 4 761
> 100 10 0 4 747
> 100 10 0 4 796
> 100 10 0 5 838
> 100 10 0 5 893
> 100 10 0 5 882
> 100 10 0 5 907
> 100 10 0 5 789
> 100 10 0 5 858
> 100 10 0 5 832
> 100 10 0 5 913
> 100 10 0 5 900
> 100 10 0 5 897
> 100 10 0 5 912
> 100 10 0 5 808
> 100 10 0 5 819
> 100 10 0 5 823
> 100 10 0 5 870
> 100 10 0 5 842
> 100 10 0 5 918
> 100 10 0 5 887
> 100 10 0 5 858
> 100 10 0 5 921
> 100 10 0 5 885
> 100 10 0 5 885
> 100 10 0 5 829
> 100 10 0 5 872
> 100 10 0 5 869
> 100 10 0 5 917
> 100 10 0 5 883
> 100 10 0 5 780
> 100 10 0 5 873
> 100 10 0 5 890
> 100 10 0 5 911
> 100 10 0 5 871
> 100 10 0 5 845
> 100 10 0 5 915
> 100 10 0 5 881
> 100 10 0 5 882
> 100 10 0 5 929
> 100 10 0 5 824
> 100 10 0 5 891
> 100 10 0 5 900
> 100 10 0 5 853
> 100 10 0 5 894
> 100 10 0 5 898
> 100 10 0 5 879
> 100 10 0 5 931
> 100 10 0 5 838
> 100 10 0 5 877
> 100 10 0 5 856
> 100 10 0 5 851
> 100 10 0 5 920
> 100 10 0 5 868
> 100 10 0 5 828
> 100 10 0 5 868
> 100 10 0 5 885
> 100 10 0 5 849
> 100 10 0 5 904
> 100 10 0 5 917
> 100 10 0 5 869
> 100 10 0 5 910
> 100 10 0 5 837
> 100 10 0 5 908
> 100 10 0 5 861
> 100 10 0 5 829
> 100 10 0 5 816
> 100 10 0 5 867
> 100 10 0 5 853
> 100 10 0 5 898
> 100 10 0 5 876
> 100 10 0 5 861
> 100 10 0 5 813
> 100 10 0 5 876
> 100 10 0 5 857
> 100 10 0 5 866
> 100 10 0 5 850
> 100 10 0 5 862
> 100 10 0 5 884
> 100 10 0 5 847
> 100 10 0 5 909
> 100 10 0 5 898
> 100 10 0 5 870
> 100 10 0 5 892
> 100 10 0 5 941
> 100 10 0 5 887
> 100 10 0 5 881
> 100 10 0 5 874
> 100 10 0 5 895
> 100 10 0 5 830
> 100 10 0 5 871
> 100 10 0 5 918
> 100 10 0 5 863
> 100 10 0 5 811
> 100 10 0 5 897
> 100 10 0 5 901
> 100 10 0 5 906
> 100 10 0 5 822
> 100 10 0 5 845
> 100 10 0 5 898
> 100 10 0 5 904
> 100 10 0 5 847
> 100 10 0 5 834
> 100 10 0 6 971
> 100 10 0 6 936
> 100 10 0 6 976
> 100 10 0 6 1010
> 100 10 0 6 968
> 100 10 0 6 951
> 100 10 0 6 1029
> 100 10 0 6 952
> 100 10 0 6 955
> 100 10 0 6 1028
> 100 10 0 6 1002
> 100 10 0 6 938
> 100 10 0 6 925
> 100 10 0 6 940
> 100 10 0 6 952
> 100 10 0 6 946
> 100 10 0 6 1014
> 100 10 0 6 1001
> 100 10 0 6 994
> 100 10 0 6 1005
> 100 10 0 6 993
> 100 10 0 6 992
> 100 10 0 6 1017
> 100 10 0 6 952
> 100 10 0 6 971
> 100 10 0 6 1018
> 100 10 0 6 901
> 100 10 0 6 1078
> 100 10 0 6 942
> 100 10 0 6 998
> 100 10 0 6 1060
> 100 10 0 6 904
> 100 10 0 6 943
> 100 10 0 6 946
> 100 10 0 6 975
> 100 10 0 6 1053
> 100 10 0 6 1051
> 100 10 0 6 927
> 100 10 0 6 1083
> 100 10 0 6 971
> 100 10 0 6 1021
> 100 10 0 6 962
> 100 10 0 6 998
> 100 10 0 6 957
> 100 10 0 6 1006
> 100 10 0 6 909
> 100 10 0 6 978
> 100 10 0 6 920
> 100 10 0 6 965
> 100 10 0 6 982
> 100 10 0 6 941
> 100 10 0 6 990
> 100 10 0 6 961
> 100 10 0 6 946
> 100 10 0 6 1022
> 100 10 0 6 953
> 100 10 0 6 912
> 100 10 0 6 1036
> 100 10 0 6 985
> 100 10 0 6 963
> 100 10 0 6 967
> 100 10 0 6 987
> 100 10 0 6 980
> 100 10 0 6 986
> 100 10 0 6 1009
> 100 10 0 6 987
> 100 10 0 6 926
> 100 10 0 6 983
> 100 10 0 6 872
> 100 10 0 6 961
> 100 10 0 6 968
> 100 10 0 6 1025
> 100 10 0 6 984
> 100 10 0 6 929
> 100 10 0 6 1011
> 100 10 0 6 981
> 100 10 0 6 949
> 100 10 0 6 909
> 100 10 0 6 1038
> 100 10 0 6 942
> 100 10 0 6 983
> 100 10 0 6 1019
> 100 10 0 6 932
> 100 10 0 6 989
> 100 10 0 6 971
> 100 10 0 6 1032
> 100 10 0 6 936
> 100 10 0 6 1016
> 100 10 0 6 1008
> 100 10 0 6 955
> 100 10 0 6 1003
> 100 10 0 6 1021
> 100 10 0 6 926
> 100 10 0 6 921
> 100 10 0 6 982
> 100 10 0 6 895
> 100 10 0 6 965
> 100 10 0 6 980
> 100 10 0 6 991
> 100 10 0 6 933
> 100 10 0 7 1079
> 100 10 0 7 1180
> 100 10 0 7 1123
> 100 10 0 7 1127
> 100 10 0 7 1094
> 100 10 0 7 1048
> 100 10 0 7 1162
> 100 10 0 7 1125
> 100 10 0 7 1103
> 100 10 0 7 1041
> 100 10 0 7 1056
> 100 10 0 7 1152
> 100 10 0 7 1119
> 100 10 0 7 1043
> 100 10 0 7 1086
> 100 10 0 7 1086
> 100 10 0 7 1026
> 100 10 0 7 1154
> 100 10 0 7 1046
> 100 10 0 7 1095
> 100 10 0 7 1097
> 100 10 0 7 1040
> 100 10 0 7 1066
> 100 10 0 7 1037
> 100 10 0 7 1054
> 100 10 0 7 1105
> 100 10 0 7 1038
> 100 10 0 7 1115
> 100 10 0 7 1082
> 100 10 0 7 1056
> 100 10 0 7 1106
> 100 10 0 7 1104
> 100 10 0 7 1073
> 100 10 0 7 1052
> 100 10 0 7 1072
> 100 10 0 7 1070
> 100 10 0 7 1176
> 100 10 0 7 1070
> 100 10 0 7 1224
> 100 10 0 7 1004
> 100 10 0 7 1133
> 100 10 0 7 1126
> 100 10 0 7 1140
> 100 10 0 7 1080
> 100 10 0 7 1035
> 100 10 0 7 1104
> 100 10 0 7 1152
> 100 10 0 7 1059
> 100 10 0 7 1023
> 100 10 0 7 1081
> 100 10 0 7 1058
> 100 10 0 7 1013
> 100 10 0 7 1080
> 100 10 0 7 997
> 100 10 0 7 1092
> 100 10 0 7 992
> 100 10 0 7 1110
> 100 10 0 7 1039
> 100 10 0 7 1057
> 100 10 0 7 1101
> 100 10 0 7 1118
> 100 10 0 7 1096
> 100 10 0 7 1115
> 100 10 0 7 1038
> 100 10 0 7 1042
> 100 10 0 7 1040
> 100 10 0 7 1076
> 100 10 0 7 1126
> 100 10 0 7 1050
> 100 10 0 7 1139
> 100 10 0 7 1126
> 100 10 0 7 1034
> 100 10 0 7 1121
> 100 10 0 7 1060
> 100 10 0 7 1062
> 100 10 0 7 1060
> 100 10 0 7 1060
> 100 10 0 7 1073
> 100 10 0 7 1099
> 100 10 0 7 1063
> 100 10 0 7 1110
> 100 10 0 7 1054
> 100 10 0 7 979
> 100 10 0 7 993
> 100 10 0 7 1165
> 100 10 0 7 1136
> 100 10 0 7 1113
> 100 10 0 7 1076
> 100 10 0 7 1101
> 100 10 0 7 1157
> 100 10 0 7 1061
> 100 10 0 7 1106
> 100 10 0 7 1097
> 100 10 0 7 1004
> 100 10 0 7 1060
> 100 10 0 7 1170
> 100 10 0 7 1053
> 100 10 0 7 1045
> 100 10 0 7 1068
> 100 10 0 7 1132
> 100 10 0 8 1211
> 100 10 0 8 1101
> 100 10 0 8 1228
> 100 10 0 8 1127
> 100 10 0 8 1143
> 100 10 0 8 1207
> 100 10 0 8 1115
> 100 10 0 8 1115
> 100 10 0 8 1005
> 100 10 0 8 1186
> 100 10 0 8 1158
> 100 10 0 8 1208
> 100 10 0 8 1121
> 100 10 0 8 1091
> 100 10 0 8 1163
> 100 10 0 8 1144
> 100 10 0 8 1146
> 100 10 0 8 1129
> 100 10 0 8 1160
> 100 10 0 8 1189
> 100 10 0 8 1138
> 100 10 0 8 1106
> 100 10 0 8 1107
> 100 10 0 8 1136
> 100 10 0 8 1175
> 100 10 0 8 1142
> 100 10 0 8 1231
> 100 10 0 8 1218
> 100 10 0 8 1104
> 100 10 0 8 1219
> 100 10 0 8 1220
> 100 10 0 8 1209
> 100 10 0 8 1158
> 100 10 0 8 1089
> 100 10 0 8 1111
> 100 10 0 8 1142
> 100 10 0 8 1163
> 100 10 0 8 1165
> 100 10 0 8 1117
> 100 10 0 8 1168
> 100 10 0 8 1131
> 100 10 0 8 1094
> 100 10 0 8 1156
> 100 10 0 8 1206
> 100 10 0 8 1178
> 100 10 0 8 1078
> 100 10 0 8 1262
> 100 10 0 8 1164
> 100 10 0 8 1161
> 100 10 0 8 1056
> 100 10 0 8 1158
> 100 10 0 8 1147
> 100 10 0 8 1166
> 100 10 0 8 1136
> 100 10 0 8 1107
> 100 10 0 8 1174
> 100 10 0 8 1165
> 100 10 0 8 1192
> 100 10 0 8 1219
> 100 10 0 8 1225
> 100 10 0 8 1164
> 100 10 0 8 1140
> 100 10 0 8 1079
> 100 10 0 8 1197
> 100 10 0 8 1100
> 100 10 0 8 1226
> 100 10 0 8 1224
> 100 10 0 8 1139
> 100 10 0 8 1090
> 100 10 0 8 1346
> 100 10 0 8 1211
> 100 10 0 8 1165
> 100 10 0 8 1227
> 100 10 0 8 1184
> 100 10 0 8 1148
> 100 10 0 8 1083
> 100 10 0 8 1201
> 100 10 0 8 1177
> 100 10 0 8 1146
> 100 10 0 8 1083
> 100 10 0 8 1113
> 100 10 0 8 1165
> 100 10 0 8 1144
> 100 10 0 8 1164
> 100 10 0 8 1136
> 100 10 0 8 1202
> 100 10 0 8 1151
> 100 10 0 8 1185
> 100 10 0 8 1172
> 100 10 0 8 1207
> 100 10 0 8 1097
> 100 10 0 8 1179
> 100 10 0 8 1121
> 100 10 0 8 1118
> 100 10 0 8 1198
> 100 10 0 8 1099
> 100 10 0 8 1166
> 100 10 0 8 1145
> 100 10 0 8 1178
> 100 10 0 8 1160
> 100 10 0 9 1243
> 100 10 0 9 1186
> 100 10 0 9 1181
> 100 10 0 9 1242
> 100 10 0 9 1201
> 100 10 0 9 1163
> 100 10 0 9 1104
> 100 10 0 9 1219
> 100 10 0 9 1231
> 100 10 0 9 1201
> 100 10 0 9 1144
> 100 10 0 9 1164
> 100 10 0 9 1137
> 100 10 0 9 1340
> 100 10 0 9 1209
> 100 10 0 9 1243
> 100 10 0 9 1183
> 100 10 0 9 1212
> 100 10 0 9 1241
> 100 10 0 9 1256
> 100 10 0 9 1170
> 100 10 0 9 1219
> 100 10 0 9 1179
> 100 10 0 9 1362
> 100 10 0 9 1231
> 100 10 0 9 1238
> 100 10 0 9 1333
> 100 10 0 9 1228
> 100 10 0 9 1293
> 100 10 0 9 1227
> 100 10 0 9 1296
> 100 10 0 9 1248
> 100 10 0 9 1180
> 100 10 0 9 1176
> 100 10 0 9 1271
> 100 10 0 9 1192
> 100 10 0 9 1172
> 100 10 0 9 1154
> 100 10 0 9 1180
> 100 10 0 9 1275
> 100 10 0 9 1286
> 100 10 0 9 1202
> 100 10 0 9 1291
> 100 10 0 9 1244
> 100 10 0 9 1280
> 100 10 0 9 1228
> 100 10 0 9 1236
> 100 10 0 9 1241
> 100 10 0 9 1201
> 100 10 0 9 1172
> 100 10 0 9 1210
> 100 10 0 9 1294
> 100 10 0 9 1217
> 100 10 0 9 1275
> 100 10 0 9 1231
> 100 10 0 9 1272
> 100 10 0 9 1187
> 100 10 0 9 1300
> 100 10 0 9 1172
> 100 10 0 9 1213
> 100 10 0 9 1247
> 100 10 0 9 1230
> 100 10 0 9 1280
> 100 10 0 9 1231
> 100 10 0 9 1162
> 100 10 0 9 1228
> 100 10 0 9 1090
> 100 10 0 9 1150
> 100 10 0 9 1279
> 100 10 0 9 1166
> 100 10 0 9 1219
> 100 10 0 9 1228
> 100 10 0 9 1215
> 100 10 0 9 1279
> 100 10 0 9 1204
> 100 10 0 9 1223
> 100 10 0 9 1180
> 100 10 0 9 1186
> 100 10 0 9 1213
> 100 10 0 9 1189
> 100 10 0 9 1274
> 100 10 0 9 1226
> 100 10 0 9 1265
> 100 10 0 9 1311
> 100 10 0 9 1190
> 100 10 0 9 1236
> 100 10 0 9 1268
> 100 10 0 9 1208
> 100 10 0 9 1232
> 100 10 0 9 1267
> 100 10 0 9 1312
> 100 10 0 9 1210
> 100 10 0 9 1200
> 100 10 0 9 1136
> 100 10 0 9 1165
> 100 10 0 9 1195
> 100 10 0 9 1206
> 100 10 0 9 1221
> 100 10 0 9 1121
> 100 10 0 9 1222
