> 100 1 0 2 226
> 100 1 0 2 226
> 100 1 0 2 226
> 100 1 0 2 226
> 100 1 0 2 226
> 100 1 0 2 226
> 100 1 0 2 226
> 100 1 0 2 226
> 100 1 0 2 226
> 100 1 0 2 226
> 100 1 0 2 226
> 100 1 0 2 226
> 100 1 0 2 226
> 100 1 0 2 226
> 100 1 0 2 226
> 100 1 0 2 226
> 100 1 0 2 226
> 100 1 0 2 226
> 100 1 0 2 226
> 100 1 0 2 226
> 100 1 0 2 226
> 100 1 0 2 226
> 100 1 0 2 226
> 100 1 0 2 226
> 100 1 0 2 226
> 100 1 0 2 226
> 100 1 0 2 226
> 100 1 0 2 226
> 100 1 0 2 226
> 100 1 0 2 226
> 100 1 0 2 226
> 100 1 0 2 226
> 100 1 0 2 226
> 100 1 0 2 226
> 100 1 0 2 226
> 100 1 0 2 226
> 100 1 0 2 226
> 100 1 0 2 226
> 100 1 0 2 226
> 100 1 0 2 226
> 100 1 0 2 226
> 100 1 0 2 226
> 100 1 0 2 226
> 100 1 0 2 226
> 100 1 0 2 226
> 100 1 0 2 226
> 100 1 0 2 226
> 100 1 0 2 226
> 100 1 0 2 226
> 100 1 0 2 226
> 100 1 0 2 226
> 100 1 0 2 226
> 100 1 0 2 226
> 100 1 0 2 226
> 100 1 0 2 226
> 100 1 0 2 226
> 100 1 0 2 226
> 100 1 0 2 226
> 100 1 0 2 226
> 100 1 0 2 226
> 100 1 0 2 226
> 100 1 0 2 226
> 100 1 0 2 226
> 100 1 0 2 226
> 100 1 0 2 226
> 100 1 0 2 226
> 100 1 0 2 226
> 100 1 0 2 226
> 100 1 0 2 226
> 100 1 0 2 226
> 100 1 0 2 226
> 100 1 0 2 226
> 100 1 0 2 226
> 100 1 0 2 226
> 100 1 0 2 226
> 100 1 0 2 226
> 100 1 0 2 226
> 100 1 0 2 226
> 100 1 0 2 226
> 100 1 0 2 226
> 100 1 0 2 226
> 100 1 0 2 226
> 100 1 0 2 226
> 100 1 0 2 226
> 100 1 0 2 226
> 100 1 0 2 226
> 100 1 0 2 226
> 100 1 0 2 226
> 100 1 0 2 226
> 100 1 0 2 226
> 100 1 0 2 226
> 100 1 0 2 226
> 100 1 0 2 226
> 100 1 0 2 226
> 100 1 0 2 226
> 100 1 0 2 226
> 100 1 0 2 226
> 100 1 0 2 226
> 100 1 0 2 226
> 100 1 0 2 226
> 100 2 0 2 290
> 100 2 0 2 305
> 100 2 0 2 316
> 100 2 0 2 301
> 100 2 0 2 304
> 100 2 0 2 299
> 100 2 0 2 303
> 100 2 0 2 299
> 100 2 0 2 294
> 100 2 0 2 290
> 100 2 0 2 271
> 100 2 0 2 302
> 100 2 0 2 310
> 100 2 0 2 297
> 100 2 0 2 297
> 100 2 0 2 307
> 100 2 0 2 307
> 100 2 0 2 317
> 100 2 0 2 298
> 100 2 0 2 294
> 100 2 0 2 294
> 100 2 0 2 316
> 100 2 0 2 311
> 100 2 0 2 290
> 100 2 0 2 293
> 100 2 0 2 290
> 100 2 0 2 299
> 100 2 0 2 301
> 100 2 0 2 290
> 100 2 0 2 284
> 100 2 0 2 301
> 100 2 0 2 300
> 100 2 0 2 297
> 100 2 0 2 299
> 100 2 0 2 304
> 100 2 0 2 303
> 100 2 0 2 302
> 100 2 0 2 292
> 100 2 0 2 294
> 100 2 0 2 310
> 100 2 0 2 280
> 100 2 0 2 300
> 100 2 0 2 294
> 100 2 0 2 292
> 100 2 0 2 292
> 100 2 0 2 300
> 100 2 0 2 301
> 100 2 0 2 298
> 100 2 0 2 307
> 100 2 0 2 313
> 100 2 0 2 309
> 100 2 0 2 282
> 100 2 0 2 292
> 100 2 0 2 298
> 100 2 0 2 298
> 100 2 0 2 287
> 100 2 0 2 298
> 100 2 0 2 296
> 100 2 0 2 297
> 100 2 0 2 304
> 100 2 0 2 295
> 100 2 0 2 301
> 100 2 0 2 298
> 100 2 0 2 309
> 100 2 0 2 275
> 100 2 0 2 296
> 100 2 0 2 301
> 100 2 0 2 296
> 100 2 0 2 285
> 100 2 0 2 307
> 100 2 0 2 293
> 100 2 0 2 302
> 100 2 0 2 279
> 100 2 0 2 302
> 100 2 0 2 295
> 100 2 0 2 299
> 100 2 0 2 299
> 100 2 0 2 277
> 100 2 0 2 311
> 100 2 0 2 300
> 100 2 0 2 291
> 100 2 0 2 303
> 100 2 0 2 287
> 100 2 0 2 310
> 100 2 0 2 299
> 100 2 0 2 301
> 100 2 0 2 311
> 100 2 0 2 290
> 100 2 0 2 310
> 100 2 0 2 298
> 100 2 0 2 288
> 100 2 0 2 309
> 100 2 0 2 310
> 100 2 0 2 282
> 100 2 0 2 293
> 100 2 0 2 282
> 100 2 0 2 288
> 100 2 0 2 325
> 100 2 0 2 286
> 100 2 0 2 318
> 100 3 0 2 350
> 100 3 0 2 366
> 100 3 0 2 352
> 100 3 0 2 340
> 100 3 0 2 344
> 100 3 0 2 348
> 100 3 0 2 348
> 100 3 0 2 355
> 100 3 0 2 358
> 100 3 0 2 349
> 100 3 0 2 338
> 100 3 0 2 333
> 100 3 0 2 364
> 100 3 0 2 350
> 100 3 0 2 352
> 100 3 0 2 348
> 100 3 0 2 354
> 100 3 0 2 340
> 100 3 0 2 352
> 100 3 0 2 351
> 100 3 0 2 353
> 100 3 0 2 369
> 100 3 0 2 360
> 100 3 0 2 353
> 100 3 0 2 360
> 100 3 0 2 377
> 100 3 0 2 332
> 100 3 0 2 349
> 100 3 0 2 367
> 100 3 0 2 338
> 100 3 0 2 353
> 100 3 0 2 349
> 100 3 0 2 380
> 100 3 0 2 348
> 100 3 0 2 354
> 100 3 0 2 352
> 100 3 0 2 350
> 100 3 0 2 337
> 100 3 0 2 350
> 100 3 0 2 364
> 100 3 0 2 367
> 100 3 0 2 353
> 100 3 0 2 341
> 100 3 0 2 348
> 100 3 0 2 349
> 100 3 0 2 346
> 100 3 0 2 347
> 100 3 0 2 361
> 100 3 0 2 358
> 100 3 0 2 338
> 100 3 0 2 354
> 100 3 0 2 378
> 100 3 0 2 359
> 100 3 0 2 365
> 100 3 0 2 339
> 100 3 0 2 352
> 100 3 0 2 366
> 100 3 0 2 362
> 100 3 0 2 362
> 100 3 0 2 341
> 100 3 0 2 348
> 100 3 0 2 350
> 100 3 0 2 362
> 100 3 0 2 358
> 100 3 0 2 354
> 100 3 0 2 328
> 100 3 0 2 367
> 100 3 0 2 364
> 100 3 0 2 351
> 100 3 0 2 362
> 100 3 0 2 331
> 100 3 0 2 360
> 100 3 0 2 348
> 100 3 0 2 360
> 100 3 0 2 333
> 100 3 0 2 350
> 100 3 0 2 359
> 100 3 0 2 338
> 100 3 0 2 347
> 100 3 0 2 355
> 100 3 0 2 360
> 100 3 0 2 352
> 100 3 0 2 340
> 100 3 0 2 342
> 100 3 0 2 361
> 100 3 0 2 338
> 100 3 0 2 368
> 100 3 0 2 365
> 100 3 0 2 331
> 100 3 0 2 361
> 100 3 0 2 366
> 100 3 0 2 383
> 100 3 0 2 353
> 100 3 0 2 369
> 100 3 0 2 328
> 100 3 0 2 350
> 100 3 0 2 341
> 100 3 0 2 328
> 100 3 0 2 355
> 100 3 0 2 362
> 100 4 0 2 369
> 100 4 0 2 394
> 100 4 0 2 374
> 100 4 0 2 392
> 100 4 0 2 391
> 100 4 0 2 424
> 100 4 0 2 395
> 100 4 0 2 384
> 100 4 0 2 387
> 100 4 0 2 412
> 100 4 0 2 421
> 100 4 0 2 392
> 100 4 0 2 403
> 100 4 0 2 365
> 100 4 0 2 396
> 100 4 0 2 386
> 100 4 0 2 387
> 100 4 0 2 387
> 100 4 0 2 403
> 100 4 0 2 401
> 100 4 0 2 384
> 100 4 0 2 394
> 100 4 0 2 410
> 100 4 0 2 386
> 100 4 0 2 395
> 100 4 0 2 389
> 100 4 0 2 388
> 100 4 0 2 383
> 100 4 0 2 379
> 100 4 0 2 405
> 100 4 0 2 382
> 100 4 0 2 397
> 100 4 0 2 395
> 100 4 0 2 400
> 100 4 0 2 397
> 100 4 0 2 367
> 100 4 0 2 392
> 100 4 0 2 370
> 100 4 0 2 421
> 100 4 0 2 404
> 100 4 0 2 386
> 100 4 0 2 387
> 100 4 0 2 375
> 100 4 0 2 413
> 100 4 0 2 395
> 100 4 0 2 394
> 100 4 0 2 394
> 100 4 0 2 415
> 100 4 0 2 393
> 100 4 0 2 382
> 100 4 0 2 383
> 100 4 0 2 379
> 100 4 0 2 392
> 100 4 0 2 384
> 100 4 0 2 422
> 100 4 0 2 384
> 100 4 0 2 363
> 100 4 0 2 401
> 100 4 0 2 393
> 100 4 0 2 386
> 100 4 0 2 400
> 100 4 0 2 395
> 100 4 0 2 394
> 100 4 0 2 391
> 100 4 0 2 396
> 100 4 0 2 409
> 100 4 0 2 371
> 100 4 0 2 401
> 100 4 0 2 385
> 100 4 0 2 374
> 100 4 0 2 381
> 100 4 0 2 405
> 100 4 0 2 421
> 100 4 0 2 386
> 100 4 0 2 394
> 100 4 0 2 391
> 100 4 0 2 378
> 100 4 0 2 390
> 100 4 0 2 397
> 100 4 0 2 387
> 100 4 0 2 391
> 100 4 0 2 377
> 100 4 0 2 415
> 100 4 0 2 391
> 100 4 0 2 389
> 100 4 0 2 361
> 100 4 0 2 399
> 100 4 0 2 373
> 100 4 0 2 377
> 100 4 0 2 424
> 100 4 0 2 388
> 100 4 0 2 394
> 100 4 0 2 358
> 100 4 0 2 399
> 100 4 0 2 383
> 100 4 0 2 371
> 100 4 0 2 399
> 100 4 0 2 399
> 100 4 0 2 399
> 100 4 0 2 391
> 100 5 0 2 421
> 100 5 0 2 416
> 100 5 0 2 442
> 100 5 0 2 428
> 100 5 0 2 406
> 100 5 0 2 424
> 100 5 0 2 412
> 100 5 0 2 438
> 100 5 0 2 435
> 100 5 0 2 435
> 100 5 0 2 430
> 100 5 0 2 420
> 100 5 0 2 427
> 100 5 0 2 425
> 100 5 0 2 406
> 100 5 0 2 442
> 100 5 0 2 439
> 100 5 0 2 436
> 100 5 0 2 432
> 100 5 0 2 435
> 100 5 0 2 436
> 100 5 0 2 430
> 100 5 0 2 419
> 100 5 0 2 408
> 100 5 0 2 433
> 100 5 0 2 424
> 100 5 0 2 427
> 100 5 0 2 402
> 100 5 0 2 422
> 100 5 0 2 431
> 100 5 0 2 435
> 100 5 0 2 403
> 100 5 0 2 413
> 100 5 0 2 445
> 100 5 0 2 440
> 100 5 0 2 428
> 100 5 0 2 411
> 100 5 0 2 441
> 100 5 0 2 447
> 100 5 0 2 400
> 100 5 0 2 423
> 100 5 0 2 416
> 100 5 0 2 412
> 100 5 0 2 434
> 100 5 0 2 409
> 100 5 0 2 431
> 100 5 0 2 407
> 100 5 0 2 423
> 100 5 0 2 439
> 100 5 0 2 397
> 100 5 0 2 414
> 100 5 0 2 425
> 100 5 0 2 427
> 100 5 0 2 442
> 100 5 0 2 441
> 100 5 0 2 420
> 100 5 0 2 411
> 100 5 0 2 435
> 100 5 0 2 432
> 100 5 0 2 431
> 100 5 0 2 420
> 100 5 0 2 413
> 100 5 0 2 432
> 100 5 0 2 413
> 100 5 0 2 408
> 100 5 0 2 423
> 100 5 0 2 426
> 100 5 0 2 440
> 100 5 0 2 432
> 100 5 0 2 459
> 100 5 0 2 441
> 100 5 0 2 399
> 100 5 0 2 437
> 100 5 0 2 443
> 100 5 0 2 429
> 100 5 0 2 440
> 100 5 0 2 423
> 100 5 0 2 412
> 100 5 0 2 426
> 100 5 0 2 415
> 100 5 0 2 429
> 100 5 0 2 439
> 100 5 0 2 420
> 100 5 0 2 428
> 100 5 0 2 434
> 100 5 0 2 439
> 100 5 0 2 442
> 100 5 0 2 430
> 100 5 0 2 425
> 100 5 0 2 425
> 100 5 0 2 433
> 100 5 0 2 443
> 100 5 0 2 423
> 100 5 0 2 417
> 100 5 0 2 429
> 100 5 0 2 425
> 100 5 0 2 421
> 100 5 0 2 425
> 100 5 0 2 428
> 100 5 0 2 421
> 100 6 0 2 459
> 100 6 0 2 459
> 100 6 0 2 437
> 100 6 0 2 451
> 100 6 0 2 447
> 100 6 0 2 458
> 100 6 0 2 464
> 100 6 0 2 445
> 100 6 0 2 441
> 100 6 0 2 477
> 100 6 0 2 449
> 100 6 0 2 439
> 100 6 0 2 454
> 100 6 0 2 443
> 100 6 0 2 437
> 100 6 0 2 466
> 100 6 0 2 461
> 100 6 0 2 442
> 100 6 0 2 443
> 100 6 0 2 447
> 100 6 0 2 456
> 100 6 0 2 463
> 100 6 0 2 444
> 100 6 0 2 475
> 100 6 0 2 437
> 100 6 0 2 462
> 100 6 0 2 453
> 100 6 0 2 461
> 100 6 0 2 448
> 100 6 0 2 475
> 100 6 0 2 477
> 100 6 0 2 451
> 100 6 0 2 453
> 100 6 0 2 464
> 100 6 0 2 436
> 100 6 0 2 439
> 100 6 0 2 460
> 100 6 0 2 441
> 100 6 0 2 464
> 100 6 0 2 426
> 100 6 0 2 467
> 100 6 0 2 460
> 100 6 0 2 462
> 100 6 0 2 458
> 100 6 0 2 446
> 100 6 0 2 452
> 100 6 0 2 459
> 100 6 0 2 439
> 100 6 0 2 467
> 100 6 0 2 434
> 100 6 0 2 438
> 100 6 0 2 453
> 100 6 0 2 472
> 100 6 0 2 451
> 100 6 0 2 434
> 100 6 0 2 437
> 100 6 0 2 455
> 100 6 0 2 433
> 100 6 0 2 456
> 100 6 0 2 452
> 100 6 0 2 455
> 100 6 0 2 435
> 100 6 0 2 465
> 100 6 0 2 447
> 100 6 0 2 446
> 100 6 0 2 449
> 100 6 0 2 467
> 100 6 0 2 459
> 100 6 0 2 481
> 100 6 0 2 450
> 100 6 0 2 441
> 100 6 0 2 447
> 100 6 0 2 483
> 100 6 0 2 453
> 100 6 0 2 438
> 100 6 0 2 475
> 100 6 0 2 468
> 100 6 0 2 439
> 100 6 0 2 439
> 100 6 0 2 439
> 100 6 0 2 435
> 100 6 0 2 481
> 100 6 0 2 462
> 100 6 0 2 450
> 100 6 0 2 430
> 100 6 0 2 439
> 100 6 0 2 459
> 100 6 0 2 462
> 100 6 0 2 446
> 100 6 0 2 459
> 100 6 0 2 469
> 100 6 0 2 461
> 100 6 0 2 442
> 100 6 0 2 460
> 100 6 0 2 457
> 100 6 0 2 452
> 100 6 0 2 466
> 100 6 0 2 442
> 100 6 0 2 446
> 100 6 0 2 464
> 100 7 0 2 474
> 100 7 0 2 477
> 100 7 0 2 468
> 100 7 0 2 476
> 100 7 0 2 482
> 100 7 0 2 474
> 100 7 0 2 485
> 100 7 0 2 488
> 100 7 0 2 459
> 100 7 0 2 479
> 100 7 0 2 472
> 100 7 0 2 485
> 100 7 0 2 470
> 100 7 0 2 465
> 100 7 0 2 485
> 100 7 0 2 475
> 100 7 0 2 466
> 100 7 0 2 448
> 100 7 0 2 471
> 100 7 0 2 467
> 100 7 0 2 497
> 100 7 0 2 476
> 100 7 0 2 482
> 100 7 0 2 476
> 100 7 0 2 447
> 100 7 0 2 463
> 100 7 0 2 504
> 100 7 0 2 466
> 100 7 0 2 473
> 100 7 0 2 469
> 100 7 0 2 503
> 100 7 0 2 510
> 100 7 0 2 480
> 100 7 0 2 503
> 100 7 0 2 477
> 100 7 0 2 449
> 100 7 0 2 474
> 100 7 0 2 501
> 100 7 0 2 504
> 100 7 0 2 464
> 100 7 0 2 488
> 100 7 0 2 493
> 100 7 0 2 482
> 100 7 0 2 474
> 100 7 0 2 454
> 100 7 0 2 470
> 100 7 0 2 510
> 100 7 0 2 457
> 100 7 0 2 503
> 100 7 0 2 479
> 100 7 0 2 451
> 100 7 0 2 495
> 100 7 0 2 501
> 100 7 0 2 471
> 100 7 0 2 461
> 100 7 0 2 472
> 100 7 0 2 464
> 100 7 0 2 465
> 100 7 0 2 455
> 100 7 0 2 495
> 100 7 0 2 476
> 100 7 0 2 481
> 100 7 0 2 465
> 100 7 0 2 459
> 100 7 0 2 470
> 100 7 0 2 478
> 100 7 0 2 497
> 100 7 0 2 474
> 100 7 0 2 476
> 100 7 0 2 463
> 100 7 0 2 472
> 100 7 0 2 477
> 100 7 0 2 496
> 100 7 0 2 498
> 100 7 0 2 471
> 100 7 0 2 480
> 100 7 0 2 458
> 100 7 0 2 481
> 100 7 0 2 479
> 100 7 0 2 467
> 100 7 0 2 474
> 100 7 0 2 461
> 100 7 0 2 494
> 100 7 0 2 500
> 100 7 0 2 480
> 100 7 0 2 477
> 100 7 0 2 471
> 100 7 0 2 450
> 100 7 0 2 477
> 100 7 0 2 463
> 100 7 0 2 467
> 100 7 0 2 459
> 100 7 0 2 486
> 100 7 0 2 499
> 100 7 0 2 487
> 100 7 0 2 478
> 100 7 0 2 481
> 100 7 0 2 484
> 100 7 0 2 494
> 100 7 0 2 479
> 100 8 0 2 483
> 100 8 0 2 501
> 100 8 0 2 471
> 100 8 0 2 500
> 100 8 0 2 546
> 100 8 0 2 477
> 100 8 0 2 501
> 100 8 0 2 485
> 100 8 0 2 485
> 100 8 0 2 476
> 100 8 0 2 500
> 100 8 0 2 471
> 100 8 0 2 467
> 100 8 0 2 517
> 100 8 0 2 523
> 100 8 0 2 488
> 100 8 0 2 500
> 100 8 0 2 511
> 100 8 0 2 493
> 100 8 0 2 505
> 100 8 0 2 504
> 100 8 0 2 479
> 100 8 0 2 480
> 100 8 0 2 508
> 100 8 0 2 522
> 100 8 0 2 510
> 100 8 0 2 492
> 100 8 0 2 497
> 100 8 0 2 504
> 100 8 0 2 523
> 100 8 0 2 481
> 100 8 0 2 480
> 100 8 0 2 500
> 100 8 0 2 495
> 100 8 0 2 482
> 100 8 0 2 503
> 100 8 0 2 508
> 100 8 0 2 502
> 100 8 0 2 507
> 100 8 0 2 497
> 100 8 0 2 496
> 100 8 0 2 511
> 100 8 0 2 522
> 100 8 0 2 516
> 100 8 0 2 493
> 100 8 0 2 510
> 100 8 0 2 505
> 100 8 0 2 489
> 100 8 0 2 494
> 100 8 0 2 482
> 100 8 0 2 482
> 100 8 0 2 492
> 100 8 0 2 482
> 100 8 0 2 494
> 100 8 0 2 512
> 100 8 0 2 482
> 100 8 0 2 505
> 100 8 0 2 515
> 100 8 0 2 480
> 100 8 0 2 484
> 100 8 0 2 506
> 100 8 0 2 482
> 100 8 0 2 490
> 100 8 0 2 507
> 100 8 0 2 505
> 100 8 0 2 503
> 100 8 0 2 500
> 100 8 0 2 508
> 100 8 0 2 514
> 100 8 0 2 493
> 100 8 0 2 512
> 100 8 0 2 503
> 100 8 0 2 513
> 100 8 0 2 516
> 100 8 0 2 473
> 100 8 0 2 517
> 100 8 0 2 493
> 100 8 0 2 505
> 100 8 0 2 497
> 100 8 0 2 500
> 100 8 0 2 478
> 100 8 0 2 515
> 100 8 0 2 466
> 100 8 0 2 477
> 100 8 0 2 459
> 100 8 0 2 499
> 100 8 0 2 490
> 100 8 0 2 509
> 100 8 0 2 490
> 100 8 0 2 511
> 100 8 0 2 513
> 100 8 0 2 506
> 100 8 0 2 495
> 100 8 0 2 488
> 100 8 0 2 514
> 100 8 0 2 488
> 100 8 0 2 494
> 100 8 0 2 500
> 100 8 0 2 486
> 100 8 0 2 484
> 100 9 0 2 511
> 100 9 0 2 521
> 100 9 0 2 535
> 100 9 0 2 494
> 100 9 0 2 521
> 100 9 0 2 529
> 100 9 0 2 526
> 100 9 0 2 537
> 100 9 0 2 507
> 100 9 0 2 525
> 100 9 0 2 531
> 100 9 0 2 529
> 100 9 0 2 509
> 100 9 0 2 554
> 100 9 0 2 493
> 100 9 0 2 519
> 100 9 0 2 524
> 100 9 0 2 528
> 100 9 0 2 517
> 100 9 0 2 536
> 100 9 0 2 524
> 100 9 0 2 519
> 100 9 0 2 550
> 100 9 0 2 517
> 100 9 0 2 526
> 100 9 0 2 530
> 100 9 0 2 485
> 100 9 0 2 549
> 100 9 0 2 501
> 100 9 0 2 522
> 100 9 0 2 535
> 100 9 0 2 491
> 100 9 0 2 495
> 100 9 0 2 521
> 100 9 0 2 529
> 100 9 0 2 533
> 100 9 0 2 541
> 100 9 0 2 534
> 100 9 0 2 546
> 100 9 0 2 507
> 100 9 0 2 542
> 100 9 0 2 529
> 100 9 0 2 514
> 100 9 0 2 471
> 100 9 0 2 510
> 100 9 0 2 509
> 100 9 0 2 502
> 100 9 0 2 519
> 100 9 0 2 525
> 100 9 0 2 510
> 100 9 0 2 525
> 100 9 0 2 544
> 100 9 0 2 518
> 100 9 0 2 509
> 100 9 0 2 521
> 100 9 0 2 518
> 100 9 0 2 497
> 100 9 0 2 521
> 100 9 0 2 505
> 100 9 0 2 544
> 100 9 0 2 503
> 100 9 0 2 499
> 100 9 0 2 525
> 100 9 0 2 515
> 100 9 0 2 510
> 100 9 0 2 518
> 100 9 0 2 509
> 100 9 0 2 516
> 100 9 0 2 489
> 100 9 0 2 516
> 100 9 0 2 485
> 100 9 0 2 514
> 100 9 0 2 520
> 100 9 0 2 527
> 100 9 0 2 516
> 100 9 0 2 529
> 100 9 0 2 494
> 100 9 0 2 521
> 100 9 0 2 518
> 100 9 0 2 528
> 100 9 0 2 491
> 100 9 0 2 521
> 100 9 0 2 541
> 100 9 0 2 513
> 100 9 0 2 514
> 100 9 0 2 513
> 100 9 0 2 522
> 100 9 0 2 523
> 100 9 0 2 528
> 100 9 0 2 543
> 100 9 0 2 537
> 100 9 0 2 546
> 100 9 0 2 527
> 100 9 0 2 502
> 100 9 0 2 518
> 100 9 0 2 489
> 100 9 0 2 482
> 100 9 0 2 508
> 100 9 0 2 502
> 100 9 0 2 513
> 100 10 0 2 528
> 100 10 0 2 525
> 100 10 0 2 536
> 100 10 0 2 564
> 100 10 0 2 526
> 100 10 0 2 543
> 100 10 0 2 521
> 100 10 0 2 542
> 100 10 0 2 529
> 100 10 0 2 556
> 100 10 0 2 539
> 100 10 0 2 518
> 100 10 0 2 550
> 100 10 0 2 560
> 100 10 0 2 554
> 100 10 0 2 521
> 100 10 0 2 527
> 100 10 0 2 521
> 100 10 0 2 546
> 100 10 0 2 510
> 100 10 0 2 525
> 100 10 0 2 549
> 100 10 0 2 532
> 100 10 0 2 537
> 100 10 0 2 542
> 100 10 0 2 545
> 100 10 0 2 540
> 100 10 0 2 532
> 100 10 0 2 541
> 100 10 0 2 513
> 100 10 0 2 513
> 100 10 0 2 572
> 100 10 0 2 538
> 100 10 0 2 508
> 100 10 0 2 534
> 100 10 0 2 526
> 100 10 0 2 524
> 100 10 0 2 514
> 100 10 0 2 561
> 100 10 0 2 559
> 100 10 0 2 527
> 100 10 0 2 551
> 100 10 0 2 536
> 100 10 0 2 558
> 100 10 0 2 511
> 100 10 0 2 537
> 100 10 0 2 537
> 100 10 0 2 553
> 100 10 0 2 530
> 100 10 0 2 543
> 100 10 0 2 528
> 100 10 0 2 561
> 100 10 0 2 528
> 100 10 0 2 547
> 100 10 0 2 548
> 100 10 0 2 530
> 100 10 0 2 519
> 100 10 0 2 559
> 100 10 0 2 530
> 100 10 0 2 546
> 100 10 0 2 532
> 100 10 0 2 552
> 100 10 0 2 517
> 100 10 0 2 544
> 100 10 0 2 559
> 100 10 0 2 526
> 100 10 0 2 535
> 100 10 0 2 533
> 100 10 0 2 551
> 100 10 0 2 541
> 100 10 0 2 560
> 100 10 0 2 516
> 100 10 0 2 535
> 100 10 0 2 510
> 100 10 0 2 563
> 100 10 0 2 542
> 100 10 0 2 548
> 100 10 0 2 545
> 100 10 0 2 513
> 100 10 0 2 537
> 100 10 0 2 518
> 100 10 0 2 558
> 100 10 0 2 526
> 100 10 0 2 545
> 100 10 0 2 520
> 100 10 0 2 560
> 100 10 0 2 545
> 100 10 0 2 523
> 100 10 0 2 567
> 100 10 0 2 566
> 100 10 0 2 523
> 100 10 0 2 534
> 100 10 0 2 536
> 100 10 0 2 567
> 100 10 0 2 506
> 100 10 0 2 547
> 100 10 0 2 543
> 100 10 0 2 516
> 100 10 0 2 544
> 100 10 0 2 534
> 100 11 0 2 542
> 100 11 0 2 560
> 100 11 0 2 573
> 100 11 0 2 540
> 100 11 0 2 545
> 100 11 0 2 564
> 100 11 0 2 572
> 100 11 0 2 580
> 100 11 0 2 538
> 100 11 0 2 560
> 100 11 0 2 541
> 100 11 0 2 530
> 100 11 0 2 565
> 100 11 0 2 593
> 100 11 0 2 546
> 100 11 0 2 565
> 100 11 0 2 567
> 100 11 0 2 552
> 100 11 0 2 573
> 100 11 0 2 543
> 100 11 0 2 564
> 100 11 0 2 565
> 100 11 0 2 593
> 100 11 0 2 543
> 100 11 0 2 567
> 100 11 0 2 547
> 100 11 0 2 563
> 100 11 0 2 546
> 100 11 0 2 565
> 100 11 0 2 562
> 100 11 0 2 544
> 100 11 0 2 553
> 100 11 0 2 526
> 100 11 0 2 567
> 100 11 0 2 544
> 100 11 0 2 583
> 100 11 0 2 549
> 100 11 0 2 545
> 100 11 0 2 561
> 100 11 0 2 522
> 100 11 0 2 555
> 100 11 0 2 577
> 100 11 0 2 554
> 100 11 0 2 523
> 100 11 0 2 562
> 100 11 0 2 531
> 100 11 0 2 552
> 100 11 0 2 577
> 100 11 0 2 559
> 100 11 0 2 521
> 100 11 0 2 547
> 100 11 0 2 531
> 100 11 0 2 553
> 100 11 0 2 558
> 100 11 0 2 551
> 100 11 0 2 539
> 100 11 0 2 556
> 100 11 0 2 549
> 100 11 0 2 555
> 100 11 0 2 529
> 100 11 0 2 579
> 100 11 0 2 523
> 100 11 0 2 580
> 100 11 0 2 571
> 100 11 0 2 577
> 100 11 0 2 521
> 100 11 0 2 561
> 100 11 0 2 518
> 100 11 0 2 568
> 100 11 0 2 530
> 100 11 0 2 544
> 100 11 0 2 548
> 100 11 0 2 535
> 100 11 0 2 542
> 100 11 0 2 555
> 100 11 0 2 530
> 100 11 0 2 570
> 100 11 0 2 535
> 100 11 0 2 549
> 100 11 0 2 576
> 100 11 0 2 529
> 100 11 0 2 564
> 100 11 0 2 556
> 100 11 0 2 540
> 100 11 0 2 549
> 100 11 0 2 594
> 100 11 0 2 557
> 100 11 0 2 541
> 100 11 0 2 515
> 100 11 0 2 563
> 100 11 0 2 559
> 100 11 0 2 527
> 100 11 0 2 563
> 100 11 0 2 549
> 100 11 0 2 557
> 100 11 0 2 561
> 100 11 0 2 539
> 100 11 0 2 527
> 100 11 0 2 556
> 100 11 0 2 525
> 100 12 0 2 574
> 100 12 0 2 590
> 100 12 0 2 563
> 100 12 0 2 586
> 100 12 0 2 583
> 100 12 0 2 565
> 100 12 0 2 546
> 100 12 0 2 563
> 100 12 0 2 585
> 100 12 0 2 569
> 100 12 0 2 578
> 100 12 0 2 578
> 100 12 0 2 556
> 100 12 0 2 567
> 100 12 0 2 587
> 100 12 0 2 543
> 100 12 0 2 554
> 100 12 0 2 565
> 100 12 0 2 598
> 100 12 0 2 533
> 100 12 0 2 550
> 100 12 0 2 545
> 100 12 0 2 576
> 100 12 0 2 526
> 100 12 0 2 553
> 100 12 0 2 554
> 100 12 0 2 584
> 100 12 0 2 561
> 100 12 0 2 569
> 100 12 0 2 565
> 100 12 0 2 581
> 100 12 0 2 568
> 100 12 0 2 561
> 100 12 0 2 584
> 100 12 0 2 557
> 100 12 0 2 576
> 100 12 0 2 579
> 100 12 0 2 574
> 100 12 0 2 571
> 100 12 0 2 596
> 100 12 0 2 552
> 100 12 0 2 563
> 100 12 0 2 578
> 100 12 0 2 577
> 100 12 0 2 557
> 100 12 0 2 528
> 100 12 0 2 556
> 100 12 0 2 568
> 100 12 0 2 542
> 100 12 0 2 603
> 100 12 0 2 574
> 100 12 0 2 580
> 100 12 0 2 572
> 100 12 0 2 550
> 100 12 0 2 555
> 100 12 0 2 572
> 100 12 0 2 562
> 100 12 0 2 568
> 100 12 0 2 562
> 100 12 0 2 560
> 100 12 0 2 575
> 100 12 0 2 589
> 100 12 0 2 552
> 100 12 0 2 572
> 100 12 0 2 564
> 100 12 0 2 553
> 100 12 0 2 556
> 100 12 0 2 577
> 100 12 0 2 575
> 100 12 0 2 549
> 100 12 0 2 543
> 100 12 0 2 553
> 100 12 0 2 576
> 100 12 0 2 526
> 100 12 0 2 541
> 100 12 0 2 549
> 100 12 0 2 562
> 100 12 0 2 572
> 100 12 0 2 581
> 100 12 0 2 562
> 100 12 0 2 569
> 100 12 0 2 555
> 100 12 0 2 565
> 100 12 0 2 562
> 100 12 0 2 538
> 100 12 0 2 581
> 100 12 0 2 572
> 100 12 0 2 576
> 100 12 0 2 567
> 100 12 0 2 559
> 100 12 0 2 552
> 100 12 0 2 541
> 100 12 0 2 579
> 100 12 0 2 579
> 100 12 0 2 527
> 100 12 0 2 551
> 100 12 0 2 561
> 100 12 0 2 557
> 100 12 0 2 555
> 100 12 0 2 551
> 100 13 0 2 554
> 100 13 0 2 611
> 100 13 0 2 574
> 100 13 0 2 594
> 100 13 0 2 581
> 100 13 0 2 581
> 100 13 0 2 585
> 100 13 0 2 539
> 100 13 0 2 614
> 100 13 0 2 597
> 100 13 0 2 616
> 100 13 0 2 589
> 100 13 0 2 591
> 100 13 0 2 576
> 100 13 0 2 556
> 100 13 0 2 593
> 100 13 0 2 592
> 100 13 0 2 600
> 100 13 0 2 599
> 100 13 0 2 595
> 100 13 0 2 579
> 100 13 0 2 594
> 100 13 0 2 593
> 100 13 0 2 589
> 100 13 0 2 627
> 100 13 0 2 590
> 100 13 0 2 601
> 100 13 0 2 585
> 100 13 0 2 592
> 100 13 0 2 608
> 100 13 0 2 585
> 100 13 0 2 598
> 100 13 0 2 566
> 100 13 0 2 589
> 100 13 0 2 552
> 100 13 0 2 580
> 100 13 0 2 583
> 100 13 0 2 556
> 100 13 0 2 589
> 100 13 0 2 562
> 100 13 0 2 576
> 100 13 0 2 578
> 100 13 0 2 607
> 100 13 0 2 593
> 100 13 0 2 578
> 100 13 0 2 579
> 100 13 0 2 569
> 100 13 0 2 557
> 100 13 0 2 545
> 100 13 0 2 602
> 100 13 0 2 595
> 100 13 0 2 570
> 100 13 0 2 571
> 100 13 0 2 576
> 100 13 0 2 571
> 100 13 0 2 585
> 100 13 0 2 603
> 100 13 0 2 570
> 100 13 0 2 564
> 100 13 0 2 568
> 100 13 0 2 577
> 100 13 0 2 594
> 100 13 0 2 603
> 100 13 0 2 612
> 100 13 0 2 591
> 100 13 0 2 581
> 100 13 0 2 577
> 100 13 0 2 592
> 100 13 0 2 558
> 100 13 0 2 600
> 100 13 0 2 579
> 100 13 0 2 557
> 100 13 0 2 555
> 100 13 0 2 574
> 100 13 0 2 600
> 100 13 0 2 608
> 100 13 0 2 574
> 100 13 0 2 579
> 100 13 0 2 568
> 100 13 0 2 587
> 100 13 0 2 589
> 100 13 0 2 597
> 100 13 0 2 598
> 100 13 0 2 582
> 100 13 0 2 590
> 100 13 0 2 589
> 100 13 0 2 578
> 100 13 0 2 593
> 100 13 0 2 588
> 100 13 0 2 608
> 100 13 0 2 568
> 100 13 0 2 576
> 100 13 0 2 563
> 100 13 0 2 576
> 100 13 0 2 581
> 100 13 0 2 611
> 100 13 0 2 564
> 100 13 0 2 569
> 100 13 0 2 583
> 100 13 0 2 569
> 100 14 0 2 581
> 100 14 0 2 582
> 100 14 0 2 588
> 100 14 0 2 597
> 100 14 0 2 588
> 100 14 0 2 585
> 100 14 0 2 605
> 100 14 0 2 580
> 100 14 0 2 592
> 100 14 0 2 597
> 100 14 0 2 594
> 100 14 0 2 619
> 100 14 0 2 564
> 100 14 0 2 586
> 100 14 0 2 564
> 100 14 0 2 611
> 100 14 0 2 618
> 100 14 0 2 576
> 100 14 0 2 599
> 100 14 0 2 591
> 100 14 0 2 607
> 100 14 0 2 601
> 100 14 0 2 594
> 100 14 0 2 572
> 100 14 0 2 568
> 100 14 0 2 610
> 100 14 0 2 586
> 100 14 0 2 593
> 100 14 0 2 623
> 100 14 0 2 604
> 100 14 0 2 626
> 100 14 0 2 588
> 100 14 0 2 580
> 100 14 0 2 586
> 100 14 0 2 644
> 100 14 0 2 595
> 100 14 0 2 603
> 100 14 0 2 598
> 100 14 0 2 604
> 100 14 0 2 583
> 100 14 0 2 564
> 100 14 0 2 591
> 100 14 0 2 594
> 100 14 0 2 602
> 100 14 0 2 601
> 100 14 0 2 577
> 100 14 0 2 578
> 100 14 0 2 566
> 100 14 0 2 580
> 100 14 0 2 580
> 100 14 0 2 566
> 100 14 0 2 556
> 100 14 0 2 601
> 100 14 0 2 547
> 100 14 0 2 572
> 100 14 0 2 595
> 100 14 0 2 557
> 100 14 0 2 586
> 100 14 0 2 589
> 100 14 0 2 580
> 100 14 0 2 581
> 100 14 0 2 570
> 100 14 0 2 588
> 100 14 0 2 622
> 100 14 0 2 602
> 100 14 0 2 593
> 100 14 0 2 556
> 100 14 0 2 589
> 100 14 0 2 572
> 100 14 0 2 561
> 100 14 0 2 554
> 100 14 0 2 595
> 100 14 0 2 629
> 100 14 0 2 588
> 100 14 0 2 619
> 100 14 0 2 619
> 100 14 0 2 571
> 100 14 0 2 568
> 100 14 0 2 609
> 100 14 0 2 577
> 100 14 0 2 592
> 100 14 0 2 606
> 100 14 0 2 606
> 100 14 0 2 573
> 100 14 0 2 566
> 100 14 0 2 604
> 100 14 0 2 584
> 100 14 0 2 572
> 100 14 0 2 610
> 100 14 0 2 613
> 100 14 0 2 605
> 100 14 0 2 588
> 100 14 0 2 587
> 100 14 0 2 569
> 100 14 0 2 588
> 100 14 0 2 604
> 100 14 0 2 607
> 100 14 0 2 597
> 100 14 0 2 606
> 100 14 0 2 622
> 100 15 0 2 589
> 100 15 0 2 583
> 100 15 0 2 597
> 100 15 0 2 621
> 100 15 0 2 595
> 100 15 0 2 591
> 100 15 0 2 569
> 100 15 0 2 606
> 100 15 0 2 637
> 100 15 0 2 610
> 100 15 0 2 593
> 100 15 0 2 605
> 100 15 0 2 607
> 100 15 0 2 622
> 100 15 0 2 623
> 100 15 0 2 623
> 100 15 0 2 615
> 100 15 0 2 621
> 100 15 0 2 614
> 100 15 0 2 592
> 100 15 0 2 577
> 100 15 0 2 620
> 100 15 0 2 596
> 100 15 0 2 617
> 100 15 0 2 602
> 100 15 0 2 610
> 100 15 0 2 601
> 100 15 0 2 608
> 100 15 0 2 628
> 100 15 0 2 600
> 100 15 0 2 617
> 100 15 0 2 590
> 100 15 0 2 562
> 100 15 0 2 595
> 100 15 0 2 582
> 100 15 0 2 571
> 100 15 0 2 598
> 100 15 0 2 610
> 100 15 0 2 598
> 100 15 0 2 617
> 100 15 0 2 609
> 100 15 0 2 586
> 100 15 0 2 603
> 100 15 0 2 560
> 100 15 0 2 615
> 100 15 0 2 578
> 100 15 0 2 616
> 100 15 0 2 610
> 100 15 0 2 610
> 100 15 0 2 613
> 100 15 0 2 614
> 100 15 0 2 596
> 100 15 0 2 619
> 100 15 0 2 576
> 100 15 0 2 599
> 100 15 0 2 652
> 100 15 0 2 585
> 100 15 0 2 594
> 100 15 0 2 588
> 100 15 0 2 583
> 100 15 0 2 600
> 100 15 0 2 638
> 100 15 0 2 561
> 100 15 0 2 595
> 100 15 0 2 599
> 100 15 0 2 617
> 100 15 0 2 592
> 100 15 0 2 627
> 100 15 0 2 584
> 100 15 0 2 611
> 100 15 0 2 620
> 100 15 0 2 609
> 100 15 0 2 640
> 100 15 0 2 601
> 100 15 0 2 594
> 100 15 0 2 608
> 100 15 0 2 601
> 100 15 0 2 616
> 100 15 0 2 590
> 100 15 0 2 594
> 100 15 0 2 625
> 100 15 0 2 577
> 100 15 0 2 577
> 100 15 0 2 573
> 100 15 0 2 606
> 100 15 0 2 605
> 100 15 0 2 652
> 100 15 0 2 598
> 100 15 0 2 594
> 100 15 0 2 581
> 100 15 0 2 625
> 100 15 0 2 612
> 100 15 0 2 646
> 100 15 0 2 625
> 100 15 0 2 563
> 100 15 0 2 622
> 100 15 0 2 583
> 100 15 0 2 608
> 100 15 0 2 616
> 100 15 0 2 605
> 100 16 0 2 622
> 100 16 0 2 604
> 100 16 0 2 615
> 100 16 0 2 606
> 100 16 0 2 612
> 100 16 0 2 609
> 100 16 0 2 598
> 100 16 0 2 619
> 100 16 0 2 642
> 100 16 0 2 615
> 100 16 0 2 627
> 100 16 0 2 617
> 100 16 0 2 630
> 100 16 0 2 643
> 100 16 0 2 608
> 100 16 0 2 608
> 100 16 0 2 594
> 100 16 0 2 623
> 100 16 0 2 601
> 100 16 0 2 653
> 100 16 0 2 616
> 100 16 0 2 608
> 100 16 0 2 626
> 100 16 0 2 616
> 100 16 0 2 620
> 100 16 0 2 624
> 100 16 0 2 634
> 100 16 0 2 609
> 100 16 0 2 615
> 100 16 0 2 639
> 100 16 0 2 644
> 100 16 0 2 649
> 100 16 0 2 616
> 100 16 0 2 642
> 100 16 0 2 622
> 100 16 0 2 600
> 100 16 0 2 623
> 100 16 0 2 627
> 100 16 0 2 667
> 100 16 0 2 588
> 100 16 0 2 624
> 100 16 0 2 603
> 100 16 0 2 605
> 100 16 0 2 626
> 100 16 0 2 636
> 100 16 0 2 572
> 100 16 0 2 632
> 100 16 0 2 586
> 100 16 0 2 601
> 100 16 0 2 631
> 100 16 0 2 631
> 100 16 0 2 572
> 100 16 0 2 602
> 100 16 0 2 626
> 100 16 0 2 618
> 100 16 0 2 603
> 100 16 0 2 618
> 100 16 0 2 605
> 100 16 0 2 642
> 100 16 0 2 655
> 100 16 0 2 581
> 100 16 0 2 625
> 100 16 0 2 603
> 100 16 0 2 600
> 100 16 0 2 657
> 100 16 0 2 600
> 100 16 0 2 600
> 100 16 0 2 606
> 100 16 0 2 585
> 100 16 0 2 596
> 100 16 0 2 601
> 100 16 0 2 607
> 100 16 0 2 625
> 100 16 0 2 601
> 100 16 0 2 616
> 100 16 0 2 625
> 100 16 0 2 621
> 100 16 0 2 614
> 100 16 0 2 636
> 100 16 0 2 601
> 100 16 0 2 616
> 100 16 0 2 654
> 100 16 0 2 586
> 100 16 0 2 561
> 100 16 0 2 644
> 100 16 0 2 604
> 100 16 0 2 642
> 100 16 0 2 621
> 100 16 0 2 620
> 100 16 0 2 584
> 100 16 0 2 630
> 100 16 0 2 635
> 100 16 0 2 625
> 100 16 0 2 635
> 100 16 0 2 642
> 100 16 0 2 601
> 100 16 0 2 578
> 100 16 0 2 575
> 100 16 0 2 605
> 100 16 0 2 627
> 100 17 0 2 636
> 100 17 0 2 628
> 100 17 0 2 618
> 100 17 0 2 609
> 100 17 0 2 652
> 100 17 0 2 601
> 100 17 0 2 631
> 100 17 0 2 639
> 100 17 0 2 615
> 100 17 0 2 623
> 100 17 0 2 606
> 100 17 0 2 647
> 100 17 0 2 645
> 100 17 0 2 620
> 100 17 0 2 640
> 100 17 0 2 650
> 100 17 0 2 640
> 100 17 0 2 579
> 100 17 0 2 647
> 100 17 0 2 631
> 100 17 0 2 592
> 100 17 0 2 657
> 100 17 0 2 625
> 100 17 0 2 624
> 100 17 0 2 624
> 100 17 0 2 586
> 100 17 0 2 609
> 100 17 0 2 605
> 100 17 0 2 623
> 100 17 0 2 619
> 100 17 0 2 598
> 100 17 0 2 669
> 100 17 0 2 627
> 100 17 0 2 636
> 100 17 0 2 630
> 100 17 0 2 609
> 100 17 0 2 666
> 100 17 0 2 627
> 100 17 0 2 624
> 100 17 0 2 610
> 100 17 0 2 655
> 100 17 0 2 624
> 100 17 0 2 651
> 100 17 0 2 590
> 100 17 0 2 622
> 100 17 0 2 615
> 100 17 0 2 620
> 100 17 0 2 611
> 100 17 0 2 618
> 100 17 0 2 602
> 100 17 0 2 628
> 100 17 0 2 605
> 100 17 0 2 624
> 100 17 0 2 622
> 100 17 0 2 586
> 100 17 0 2 627
> 100 17 0 2 613
> 100 17 0 2 616
> 100 17 0 2 618
> 100 17 0 2 648
> 100 17 0 2 614
> 100 17 0 2 623
> 100 17 0 2 628
> 100 17 0 2 621
> 100 17 0 2 619
> 100 17 0 2 611
> 100 17 0 2 672
> 100 17 0 2 619
> 100 17 0 2 611
> 100 17 0 2 646
> 100 17 0 2 608
> 100 17 0 2 625
> 100 17 0 2 633
> 100 17 0 2 607
> 100 17 0 2 631
> 100 17 0 2 615
> 100 17 0 2 629
> 100 17 0 2 625
> 100 17 0 2 633
> 100 17 0 2 629
> 100 17 0 2 613
> 100 17 0 2 613
> 100 17 0 2 596
> 100 17 0 2 639
> 100 17 0 2 619
> 100 17 0 2 631
> 100 17 0 2 635
> 100 17 0 2 618
> 100 17 0 2 600
> 100 17 0 2 631
> 100 17 0 2 618
> 100 17 0 2 622
> 100 17 0 2 632
> 100 17 0 2 642
> 100 17 0 2 636
> 100 17 0 2 611
> 100 17 0 2 603
> 100 17 0 2 647
> 100 17 0 2 626
> 100 17 0 2 627
> 100 18 0 2 657
> 100 18 0 2 644
> 100 18 0 2 638
> 100 18 0 2 650
> 100 18 0 2 642
> 100 18 0 2 623
> 100 18 0 2 632
> 100 18 0 2 618
> 100 18 0 2 649
> 100 18 0 2 665
> 100 18 0 2 628
> 100 18 0 2 638
> 100 18 0 2 641
> 100 18 0 2 621
> 100 18 0 2 632
> 100 18 0 2 633
> 100 18 0 2 653
> 100 18 0 2 620
> 100 18 0 2 650
> 100 18 0 2 646
> 100 18 0 2 644
> 100 18 0 2 635
> 100 18 0 2 617
> 100 18 0 2 625
> 100 18 0 2 628
> 100 18 0 2 656
> 100 18 0 2 625
> 100 18 0 2 650
> 100 18 0 2 665
> 100 18 0 2 632
> 100 18 0 2 622
> 100 18 0 2 593
> 100 18 0 2 624
> 100 18 0 2 626
> 100 18 0 2 652
> 100 18 0 2 633
> 100 18 0 2 626
> 100 18 0 2 607
> 100 18 0 2 634
> 100 18 0 2 619
> 100 18 0 2 642
> 100 18 0 2 649
> 100 18 0 2 649
> 100 18 0 2 619
> 100 18 0 2 646
> 100 18 0 2 636
> 100 18 0 2 646
> 100 18 0 2 638
> 100 18 0 2 655
> 100 18 0 2 644
> 100 18 0 2 624
> 100 18 0 2 624
> 100 18 0 2 639
> 100 18 0 2 615
> 100 18 0 2 635
> 100 18 0 2 659
> 100 18 0 2 641
> 100 18 0 2 654
> 100 18 0 2 666
> 100 18 0 2 609
> 100 18 0 2 621
> 100 18 0 2 656
> 100 18 0 2 633
> 100 18 0 2 639
> 100 18 0 2 630
> 100 18 0 2 627
> 100 18 0 2 622
> 100 18 0 2 613
> 100 18 0 2 612
> 100 18 0 2 668
> 100 18 0 2 646
> 100 18 0 2 609
> 100 18 0 2 643
> 100 18 0 2 622
> 100 18 0 2 644
> 100 18 0 2 625
> 100 18 0 2 630
> 100 18 0 2 646
> 100 18 0 2 677
> 100 18 0 2 642
> 100 18 0 2 653
> 100 18 0 2 659
> 100 18 0 2 629
> 100 18 0 2 644
> 100 18 0 2 652
> 100 18 0 2 644
> 100 18 0 2 631
> 100 18 0 2 641
> 100 18 0 2 607
> 100 18 0 2 635
> 100 18 0 2 616
> 100 18 0 2 642
> 100 18 0 2 636
> 100 18 0 2 625
> 100 18 0 2 620
> 100 18 0 2 622
> 100 18 0 2 643
> 100 18 0 2 631
> 100 18 0 2 643
> 100 18 0 2 651
> 100 19 0 2 629
> 100 19 0 2 655
> 100 19 0 2 656
> 100 19 0 2 668
> 100 19 0 2 674
> 100 19 0 2 629
> 100 19 0 2 665
> 100 19 0 2 654
> 100 19 0 2 628
> 100 19 0 2 662
> 100 19 0 2 643
> 100 19 0 2 629
> 100 19 0 2 599
> 100 19 0 2 656
> 100 19 0 2 659
> 100 19 0 2 640
> 100 19 0 2 596
> 100 19 0 2 648
> 100 19 0 2 638
> 100 19 0 2 639
> 100 19 0 2 672
> 100 19 0 2 639
> 100 19 0 2 648
> 100 19 0 2 665
> 100 19 0 2 701
> 100 19 0 2 651
> 100 19 0 2 651
> 100 19 0 2 654
> 100 19 0 2 603
> 100 19 0 2 626
> 100 19 0 2 636
> 100 19 0 2 646
> 100 19 0 2 641
> 100 19 0 2 682
> 100 19 0 2 635
> 100 19 0 2 681
> 100 19 0 2 641
> 100 19 0 2 621
> 100 19 0 2 664
> 100 19 0 2 615
> 100 19 0 2 636
> 100 19 0 2 643
> 100 19 0 2 629
> 100 19 0 2 644
> 100 19 0 2 652
> 100 19 0 2 633
> 100 19 0 2 659
> 100 19 0 2 635
> 100 19 0 2 634
> 100 19 0 2 630
> 100 19 0 2 642
> 100 19 0 2 622
> 100 19 0 2 617
> 100 19 0 2 621
> 100 19 0 2 651
> 100 19 0 2 648
> 100 19 0 2 656
> 100 19 0 2 640
> 100 19 0 2 643
> 100 19 0 2 641
> 100 19 0 2 662
> 100 19 0 2 620
> 100 19 0 2 650
> 100 19 0 2 650
> 100 19 0 2 629
> 100 19 0 2 660
> 100 19 0 2 644
> 100 19 0 2 665
> 100 19 0 2 645
> 100 19 0 2 662
> 100 19 0 2 620
> 100 19 0 2 639
> 100 19 0 2 654
> 100 19 0 2 633
> 100 19 0 2 661
> 100 19 0 2 640
> 100 19 0 2 652
> 100 19 0 2 645
> 100 19 0 2 649
> 100 19 0 2 596
> 100 19 0 2 650
> 100 19 0 2 674
> 100 19 0 2 648
> 100 19 0 2 609
> 100 19 0 2 639
> 100 19 0 2 662
> 100 19 0 2 641
> 100 19 0 2 651
> 100 19 0 2 636
> 100 19 0 2 679
> 100 19 0 2 627
> 100 19 0 2 668
> 100 19 0 2 647
> 100 19 0 2 602
> 100 19 0 2 646
> 100 19 0 2 650
> 100 19 0 2 624
> 100 19 0 2 653
> 100 19 0 2 655
> 100 19 0 2 651
> 100 20 0 2 668
> 100 20 0 2 659
> 100 20 0 2 653
> 100 20 0 2 630
> 100 20 0 2 653
> 100 20 0 2 667
> 100 20 0 2 629
> 100 20 0 2 684
> 100 20 0 2 625
> 100 20 0 2 680
> 100 20 0 2 622
> 100 20 0 2 635
> 100 20 0 2 673
> 100 20 0 2 655
> 100 20 0 2 669
> 100 20 0 2 695
> 100 20 0 2 637
> 100 20 0 2 656
> 100 20 0 2 655
> 100 20 0 2 655
> 100 20 0 2 616
> 100 20 0 2 674
> 100 20 0 2 621
> 100 20 0 2 646
> 100 20 0 2 636
> 100 20 0 2 632
> 100 20 0 2 629
> 100 20 0 2 630
> 100 20 0 2 640
> 100 20 0 2 644
> 100 20 0 2 646
> 100 20 0 2 633
> 100 20 0 2 687
> 100 20 0 2 693
> 100 20 0 2 648
> 100 20 0 2 643
> 100 20 0 2 670
> 100 20 0 2 664
> 100 20 0 2 677
> 100 20 0 2 679
> 100 20 0 2 636
> 100 20 0 2 680
> 100 20 0 2 643
> 100 20 0 2 639
> 100 20 0 2 647
> 100 20 0 2 626
> 100 20 0 2 634
> 100 20 0 2 689
> 100 20 0 2 620
> 100 20 0 2 675
> 100 20 0 2 649
> 100 20 0 2 624
> 100 20 0 2 647
> 100 20 0 2 647
> 100 20 0 2 647
> 100 20 0 2 671
> 100 20 0 2 670
> 100 20 0 2 639
> 100 20 0 2 649
> 100 20 0 2 674
> 100 20 0 2 683
> 100 20 0 2 664
> 100 20 0 2 668
> 100 20 0 2 653
> 100 20 0 2 659
> 100 20 0 2 648
> 100 20 0 2 642
> 100 20 0 2 651
> 100 20 0 2 663
> 100 20 0 2 676
> 100 20 0 2 665
> 100 20 0 2 651
> 100 20 0 2 641
> 100 20 0 2 654
> 100 20 0 2 672
> 100 20 0 2 640
> 100 20 0 2 658
> 100 20 0 2 632
> 100 20 0 2 649
> 100 20 0 2 656
> 100 20 0 2 664
> 100 20 0 2 658
> 100 20 0 2 672
> 100 20 0 2 654
> 100 20 0 2 666
> 100 20 0 2 688
> 100 20 0 2 652
> 100 20 0 2 648
> 100 20 0 2 633
> 100 20 0 2 662
> 100 20 0 2 630
> 100 20 0 2 629
> 100 20 0 2 644
> 100 20 0 2 631
> 100 20 0 2 666
> 100 20 0 2 653
> 100 20 0 2 655
> 100 20 0 2 655
> 100 20 0 2 655
> 100 20 0 2 684
> 100 21 0 2 655
> 100 21 0 2 678
> 100 21 0 2 654
> 100 21 0 2 685
> 100 21 0 2 639
> 100 21 0 2 656
> 100 21 0 2 677
> 100 21 0 2 641
> 100 21 0 2 672
> 100 21 0 2 642
> 100 21 0 2 681
> 100 21 0 2 693
> 100 21 0 2 676
> 100 21 0 2 670
> 100 21 0 2 678
> 100 21 0 2 669
> 100 21 0 2 669
> 100 21 0 2 686
> 100 21 0 2 665
> 100 21 0 2 659
> 100 21 0 2 650
> 100 21 0 2 663
> 100 21 0 2 677
> 100 21 0 2 673
> 100 21 0 2 661
> 100 21 0 2 672
> 100 21 0 2 665
> 100 21 0 2 671
> 100 21 0 2 683
> 100 21 0 2 650
> 100 21 0 2 643
> 100 21 0 2 642
> 100 21 0 2 683
> 100 21 0 2 671
> 100 21 0 2 621
> 100 21 0 2 656
> 100 21 0 2 653
> 100 21 0 2 642
> 100 21 0 2 686
> 100 21 0 2 666
> 100 21 0 2 675
> 100 21 0 2 644
> 100 21 0 2 639
> 100 21 0 2 658
> 100 21 0 2 670
> 100 21 0 2 666
> 100 21 0 2 673
> 100 21 0 2 646
> 100 21 0 2 646
> 100 21 0 2 688
> 100 21 0 2 663
> 100 21 0 2 660
> 100 21 0 2 618
> 100 21 0 2 656
> 100 21 0 2 667
> 100 21 0 2 669
> 100 21 0 2 670
> 100 21 0 2 669
> 100 21 0 2 667
> 100 21 0 2 657
> 100 21 0 2 655
> 100 21 0 2 669
> 100 21 0 2 671
> 100 21 0 2 650
> 100 21 0 2 678
> 100 21 0 2 616
> 100 21 0 2 658
> 100 21 0 2 663
> 100 21 0 2 684
> 100 21 0 2 678
> 100 21 0 2 655
> 100 21 0 2 651
> 100 21 0 2 640
> 100 21 0 2 654
> 100 21 0 2 650
> 100 21 0 2 677
> 100 21 0 2 638
> 100 21 0 2 601
> 100 21 0 2 655
> 100 21 0 2 669
> 100 21 0 2 667
> 100 21 0 2 679
> 100 21 0 2 652
> 100 21 0 2 655
> 100 21 0 2 673
> 100 21 0 2 655
> 100 21 0 2 665
> 100 21 0 2 674
> 100 21 0 2 689
> 100 21 0 2 686
> 100 21 0 2 676
> 100 21 0 2 672
> 100 21 0 2 674
> 100 21 0 2 644
> 100 21 0 2 695
> 100 21 0 2 644
> 100 21 0 2 655
> 100 21 0 2 662
> 100 21 0 2 670
> 100 21 0 2 640
> 100 22 0 2 671
> 100 22 0 2 674
> 100 22 0 2 679
> 100 22 0 2 676
> 100 22 0 2 670
> 100 22 0 2 694
> 100 22 0 2 652
> 100 22 0 2 684
> 100 22 0 2 671
> 100 22 0 2 652
> 100 22 0 2 636
> 100 22 0 2 661
> 100 22 0 2 663
> 100 22 0 2 677
> 100 22 0 2 654
> 100 22 0 2 675
> 100 22 0 2 646
> 100 22 0 2 647
> 100 22 0 2 697
> 100 22 0 2 682
> 100 22 0 2 651
> 100 22 0 2 676
> 100 22 0 2 697
> 100 22 0 2 682
> 100 22 0 2 660
> 100 22 0 2 660
> 100 22 0 2 681
> 100 22 0 2 649
> 100 22 0 2 663
> 100 22 0 2 644
> 100 22 0 2 682
> 100 22 0 2 645
> 100 22 0 2 663
> 100 22 0 2 660
> 100 22 0 2 664
> 100 22 0 2 687
> 100 22 0 2 666
> 100 22 0 2 675
> 100 22 0 2 655
> 100 22 0 2 654
> 100 22 0 2 659
> 100 22 0 2 680
> 100 22 0 2 658
> 100 22 0 2 640
> 100 22 0 2 682
> 100 22 0 2 690
> 100 22 0 2 659
> 100 22 0 2 697
> 100 22 0 2 707
> 100 22 0 2 656
> 100 22 0 2 703
> 100 22 0 2 703
> 100 22 0 2 678
> 100 22 0 2 653
> 100 22 0 2 682
> 100 22 0 2 657
> 100 22 0 2 658
> 100 22 0 2 633
> 100 22 0 2 663
> 100 22 0 2 664
> 100 22 0 2 682
> 100 22 0 2 666
> 100 22 0 2 693
> 100 22 0 2 664
> 100 22 0 2 683
> 100 22 0 2 684
> 100 22 0 2 703
> 100 22 0 2 664
> 100 22 0 2 651
> 100 22 0 2 667
> 100 22 0 2 679
> 100 22 0 2 710
> 100 22 0 2 651
> 100 22 0 2 639
> 100 22 0 2 656
> 100 22 0 2 663
> 100 22 0 2 643
> 100 22 0 2 661
> 100 22 0 2 690
> 100 22 0 2 676
> 100 22 0 2 655
> 100 22 0 2 669
> 100 22 0 2 664
> 100 22 0 2 702
> 100 22 0 2 686
> 100 22 0 2 665
> 100 22 0 2 639
> 100 22 0 2 680
> 100 22 0 2 675
> 100 22 0 2 666
> 100 22 0 2 685
> 100 22 0 2 669
> 100 22 0 2 665
> 100 22 0 2 684
> 100 22 0 2 665
> 100 22 0 2 666
> 100 22 0 2 697
> 100 22 0 2 659
> 100 22 0 2 671
> 100 22 0 2 686
> 100 23 0 2 679
> 100 23 0 2 671
> 100 23 0 2 681
> 100 23 0 2 650
> 100 23 0 2 677
> 100 23 0 2 673
> 100 23 0 2 689
> 100 23 0 2 665
> 100 23 0 2 673
> 100 23 0 2 683
> 100 23 0 2 660
> 100 23 0 2 643
> 100 23 0 2 644
> 100 23 0 2 681
> 100 23 0 2 675
> 100 23 0 2 690
> 100 23 0 2 682
> 100 23 0 2 656
> 100 23 0 2 675
> 100 23 0 2 639
> 100 23 0 2 684
> 100 23 0 2 659
> 100 23 0 2 678
> 100 23 0 2 700
> 100 23 0 2 668
> 100 23 0 2 651
> 100 23 0 2 704
> 100 23 0 2 696
> 100 23 0 2 697
> 100 23 0 2 714
> 100 23 0 2 695
> 100 23 0 2 678
> 100 23 0 2 686
> 100 23 0 2 694
> 100 23 0 2 680
> 100 23 0 2 696
> 100 23 0 2 656
> 100 23 0 2 678
> 100 23 0 2 663
> 100 23 0 2 650
> 100 23 0 2 676
> 100 23 0 2 700
> 100 23 0 2 699
> 100 23 0 2 692
> 100 23 0 2 659
> 100 23 0 2 665
> 100 23 0 2 664
> 100 23 0 2 704
> 100 23 0 2 666
> 100 23 0 2 667
> 100 23 0 2 687
> 100 23 0 2 673
> 100 23 0 2 683
> 100 23 0 2 650
> 100 23 0 2 666
> 100 23 0 2 691
> 100 23 0 2 675
> 100 23 0 2 663
> 100 23 0 2 698
> 100 23 0 2 655
> 100 23 0 2 642
> 100 23 0 2 702
> 100 23 0 2 643
> 100 23 0 2 707
> 100 23 0 2 664
> 100 23 0 2 691
> 100 23 0 2 650
> 100 23 0 2 678
> 100 23 0 2 680
> 100 23 0 2 671
> 100 23 0 2 712
> 100 23 0 2 719
> 100 23 0 2 646
> 100 23 0 2 686
> 100 23 0 2 681
> 100 23 0 2 705
> 100 23 0 2 665
> 100 23 0 2 668
> 100 23 0 2 693
> 100 23 0 2 684
> 100 23 0 2 630
> 100 23 0 2 693
> 100 23 0 2 687
> 100 23 0 2 686
> 100 23 0 2 661
> 100 23 0 2 717
> 100 23 0 2 686
> 100 23 0 2 713
> 100 23 0 2 663
> 100 23 0 2 663
> 100 23 0 2 670
> 100 23 0 2 683
> 100 23 0 2 681
> 100 23 0 2 668
> 100 23 0 2 672
> 100 23 0 2 669
> 100 23 0 2 679
> 100 23 0 2 688
> 100 23 0 2 681
> 100 23 0 2 656
> 100 24 0 2 692
> 100 24 0 2 705
> 100 24 0 2 689
> 100 24 0 2 684
> 100 24 0 2 695
> 100 24 0 2 660
> 100 24 0 2 696
> 100 24 0 2 677
> 100 24 0 2 655
> 100 24 0 2 683
> 100 24 0 2 701
> 100 24 0 2 687
> 100 24 0 2 724
> 100 24 0 2 660
> 100 24 0 2 688
> 100 24 0 2 676
> 100 24 0 2 669
> 100 24 0 2 704
> 100 24 0 2 674
> 100 24 0 2 697
> 100 24 0 2 688
> 100 24 0 2 689
> 100 24 0 2 663
> 100 24 0 2 716
> 100 24 0 2 672
> 100 24 0 2 652
> 100 24 0 2 675
> 100 24 0 2 690
> 100 24 0 2 688
> 100 24 0 2 678
> 100 24 0 2 714
> 100 24 0 2 683
> 100 24 0 2 659
> 100 24 0 2 713
> 100 24 0 2 671
> 100 24 0 2 676
> 100 24 0 2 671
> 100 24 0 2 675
> 100 24 0 2 705
> 100 24 0 2 720
> 100 24 0 2 685
> 100 24 0 2 692
> 100 24 0 2 661
> 100 24 0 2 672
> 100 24 0 2 674
> 100 24 0 2 652
> 100 24 0 2 688
> 100 24 0 2 689
> 100 24 0 2 713
> 100 24 0 2 664
> 100 24 0 2 668
> 100 24 0 2 695
> 100 24 0 2 709
> 100 24 0 2 688
> 100 24 0 2 674
> 100 24 0 2 706
> 100 24 0 2 673
> 100 24 0 2 697
> 100 24 0 2 668
> 100 24 0 2 697
> 100 24 0 2 678
> 100 24 0 2 689
> 100 24 0 2 674
> 100 24 0 2 671
> 100 24 0 2 689
> 100 24 0 2 712
> 100 24 0 2 695
> 100 24 0 2 693
> 100 24 0 2 687
> 100 24 0 2 708
> 100 24 0 2 706
> 100 24 0 2 686
> 100 24 0 2 685
> 100 24 0 2 697
> 100 24 0 2 663
> 100 24 0 2 676
> 100 24 0 2 688
> 100 24 0 2 703
> 100 24 0 2 691
> 100 24 0 2 685
> 100 24 0 2 651
> 100 24 0 2 695
> 100 24 0 2 708
> 100 24 0 2 683
> 100 24 0 2 645
> 100 24 0 2 690
> 100 24 0 2 701
> 100 24 0 2 681
> 100 24 0 2 694
> 100 24 0 2 665
> 100 24 0 2 673
> 100 24 0 2 685
> 100 24 0 2 677
> 100 24 0 2 689
> 100 24 0 2 645
> 100 24 0 2 672
> 100 24 0 2 712
> 100 24 0 2 699
> 100 24 0 2 686
> 100 24 0 2 679
> 100 25 0 2 701
> 100 25 0 2 714
> 100 25 0 2 702
> 100 25 0 2 689
> 100 25 0 2 711
> 100 25 0 2 694
> 100 25 0 2 709
> 100 25 0 2 700
> 100 25 0 2 687
> 100 25 0 2 702
> 100 25 0 2 681
> 100 25 0 2 671
> 100 25 0 2 697
> 100 25 0 2 664
> 100 25 0 2 691
> 100 25 0 2 720
> 100 25 0 2 684
> 100 25 0 2 711
> 100 25 0 2 705
> 100 25 0 2 666
> 100 25 0 2 655
> 100 25 0 2 682
> 100 25 0 2 760
> 100 25 0 2 688
> 100 25 0 2 668
> 100 25 0 2 702
> 100 25 0 2 700
> 100 25 0 2 705
> 100 25 0 2 710
> 100 25 0 2 725
> 100 25 0 2 715
> 100 25 0 2 628
> 100 25 0 2 641
> 100 25 0 2 717
> 100 25 0 2 680
> 100 25 0 2 690
> 100 25 0 2 697
> 100 25 0 2 709
> 100 25 0 2 707
> 100 25 0 2 688
> 100 25 0 2 691
> 100 25 0 2 686
> 100 25 0 2 709
> 100 25 0 2 660
> 100 25 0 2 706
> 100 25 0 2 668
> 100 25 0 2 680
> 100 25 0 2 693
> 100 25 0 2 694
> 100 25 0 2 702
> 100 25 0 2 682
> 100 25 0 2 667
> 100 25 0 2 710
> 100 25 0 2 708
> 100 25 0 2 689
> 100 25 0 2 687
> 100 25 0 2 708
> 100 25 0 2 685
> 100 25 0 2 713
> 100 25 0 2 709
> 100 25 0 2 712
> 100 25 0 2 685
> 100 25 0 2 690
> 100 25 0 2 674
> 100 25 0 2 683
> 100 25 0 2 692
> 100 25 0 2 686
> 100 25 0 2 719
> 100 25 0 2 717
> 100 25 0 2 719
> 100 25 0 2 731
> 100 25 0 2 710
> 100 25 0 2 688
> 100 25 0 2 686
> 100 25 0 2 665
> 100 25 0 2 693
> 100 25 0 2 675
> 100 25 0 2 691
> 100 25 0 2 689
> 100 25 0 2 699
> 100 25 0 2 706
> 100 25 0 2 681
> 100 25 0 2 690
> 100 25 0 2 686
> 100 25 0 2 708
> 100 25 0 2 683
> 100 25 0 2 731
> 100 25 0 2 725
> 100 25 0 2 654
> 100 25 0 2 723
> 100 25 0 2 698
> 100 25 0 2 693
> 100 25 0 2 702
> 100 25 0 2 674
> 100 25 0 2 690
> 100 25 0 2 695
> 100 25 0 2 686
> 100 25 0 2 718
> 100 25 0 2 686
> 100 25 0 2 685
> 100 26 0 2 716
> 100 26 0 2 675
> 100 26 0 2 694
> 100 26 0 2 705
> 100 26 0 2 705
> 100 26 0 2 725
> 100 26 0 2 682
> 100 26 0 2 729
> 100 26 0 2 689
> 100 26 0 2 689
> 100 26 0 2 681
> 100 26 0 2 703
> 100 26 0 2 695
> 100 26 0 2 726
> 100 26 0 2 723
> 100 26 0 2 726
> 100 26 0 2 711
> 100 26 0 2 705
> 100 26 0 2 676
> 100 26 0 2 679
> 100 26 0 2 682
> 100 26 0 2 681
> 100 26 0 2 694
> 100 26 0 2 705
> 100 26 0 2 726
> 100 26 0 2 705
> 100 26 0 2 718
> 100 26 0 2 728
> 100 26 0 2 672
> 100 26 0 2 721
> 100 26 0 2 668
> 100 26 0 2 699
> 100 26 0 2 691
> 100 26 0 2 708
> 100 26 0 2 718
> 100 26 0 2 688
> 100 26 0 2 694
> 100 26 0 2 699
> 100 26 0 2 729
> 100 26 0 2 736
> 100 26 0 2 731
> 100 26 0 2 709
> 100 26 0 2 716
> 100 26 0 2 686
> 100 26 0 2 731
> 100 26 0 2 700
> 100 26 0 2 669
> 100 26 0 2 705
> 100 26 0 2 686
> 100 26 0 2 682
> 100 26 0 2 699
> 100 26 0 2 710
> 100 26 0 2 711
> 100 26 0 2 719
> 100 26 0 2 702
> 100 26 0 2 679
> 100 26 0 2 719
> 100 26 0 2 712
> 100 26 0 2 731
> 100 26 0 2 693
> 100 26 0 2 673
> 100 26 0 2 676
> 100 26 0 2 708
> 100 26 0 2 700
> 100 26 0 2 689
> 100 26 0 2 716
> 100 26 0 2 698
> 100 26 0 2 714
> 100 26 0 2 726
> 100 26 0 2 676
> 100 26 0 2 693
> 100 26 0 2 737
> 100 26 0 2 731
> 100 26 0 2 682
> 100 26 0 2 715
> 100 26 0 2 690
> 100 26 0 2 700
> 100 26 0 2 698
> 100 26 0 2 684
> 100 26 0 2 702
> 100 26 0 2 688
> 100 26 0 2 736
> 100 26 0 2 700
> 100 26 0 2 702
> 100 26 0 2 724
> 100 26 0 2 696
> 100 26 0 2 675
> 100 26 0 2 685
> 100 26 0 2 703
> 100 26 0 2 704
> 100 26 0 2 695
> 100 26 0 2 670
> 100 26 0 2 676
> 100 26 0 2 697
> 100 26 0 2 726
> 100 26 0 2 735
> 100 26 0 2 704
> 100 26 0 2 688
> 100 26 0 2 699
> 100 26 0 2 703
> 100 27 0 2 694
> 100 27 0 2 749
> 100 27 0 2 688
> 100 27 0 2 722
> 100 27 0 2 698
> 100 27 0 2 690
> 100 27 0 2 684
> 100 27 0 2 699
> 100 27 0 2 640
> 100 27 0 2 700
> 100 27 0 2 724
> 100 27 0 2 705
> 100 27 0 2 731
> 100 27 0 2 718
> 100 27 0 2 702
> 100 27 0 2 732
> 100 27 0 2 690
> 100 27 0 2 723
> 100 27 0 2 683
> 100 27 0 2 713
> 100 27 0 2 691
> 100 27 0 2 723
> 100 27 0 2 690
> 100 27 0 2 678
> 100 27 0 2 721
> 100 27 0 2 689
> 100 27 0 2 700
> 100 27 0 2 694
> 100 27 0 2 692
> 100 27 0 2 730
> 100 27 0 2 735
> 100 27 0 2 704
> 100 27 0 2 705
> 100 27 0 2 722
> 100 27 0 2 706
> 100 27 0 2 716
> 100 27 0 2 678
> 100 27 0 2 728
> 100 27 0 2 678
> 100 27 0 2 719
> 100 27 0 2 690
> 100 27 0 2 744
> 100 27 0 2 686
> 100 27 0 2 684
> 100 27 0 2 707
> 100 27 0 2 709
> 100 27 0 2 697
> 100 27 0 2 694
> 100 27 0 2 687
> 100 27 0 2 727
> 100 27 0 2 718
> 100 27 0 2 714
> 100 27 0 2 714
> 100 27 0 2 728
> 100 27 0 2 736
> 100 27 0 2 728
> 100 27 0 2 692
> 100 27 0 2 681
> 100 27 0 2 710
> 100 27 0 2 687
> 100 27 0 2 716
> 100 27 0 2 723
> 100 27 0 2 731
> 100 27 0 2 701
> 100 27 0 2 698
> 100 27 0 2 700
> 100 27 0 2 698
> 100 27 0 2 688
> 100 27 0 2 719
> 100 27 0 2 708
> 100 27 0 2 700
> 100 27 0 2 682
> 100 27 0 2 686
> 100 27 0 2 715
> 100 27 0 2 731
> 100 27 0 2 700
> 100 27 0 2 711
> 100 27 0 2 701
> 100 27 0 2 684
> 100 27 0 2 686
> 100 27 0 2 691
> 100 27 0 2 708
> 100 27 0 2 687
> 100 27 0 2 687
> 100 27 0 2 703
> 100 27 0 2 711
> 100 27 0 2 718
> 100 27 0 2 719
> 100 27 0 2 702
> 100 27 0 2 690
> 100 27 0 2 704
> 100 27 0 2 692
> 100 27 0 2 715
> 100 27 0 2 713
> 100 27 0 2 708
> 100 27 0 2 686
> 100 27 0 2 710
> 100 27 0 2 721
> 100 27 0 2 700
> 100 27 0 2 690
> 100 28 0 2 758
> 100 28 0 2 711
> 100 28 0 2 683
> 100 28 0 2 678
> 100 28 0 2 710
> 100 28 0 2 709
> 100 28 0 2 662
> 100 28 0 2 741
> 100 28 0 2 702
> 100 28 0 2 745
> 100 28 0 2 722
> 100 28 0 2 704
> 100 28 0 2 690
> 100 28 0 2 726
> 100 28 0 2 707
> 100 28 0 2 738
> 100 28 0 2 697
> 100 28 0 2 723
> 100 28 0 2 710
> 100 28 0 2 709
> 100 28 0 2 686
> 100 28 0 2 733
> 100 28 0 2 744
> 100 28 0 2 722
> 100 28 0 2 741
> 100 28 0 2 691
> 100 28 0 2 706
> 100 28 0 2 720
> 100 28 0 2 713
> 100 28 0 2 738
> 100 28 0 2 691
> 100 28 0 2 682
> 100 28 0 2 688
> 100 28 0 2 709
> 100 28 0 2 713
> 100 28 0 2 693
> 100 28 0 2 693
> 100 28 0 2 716
> 100 28 0 2 740
> 100 28 0 2 737
> 100 28 0 2 730
> 100 28 0 2 753
> 100 28 0 2 710
> 100 28 0 2 740
> 100 28 0 2 700
> 100 28 0 2 701
> 100 28 0 2 695
> 100 28 0 2 714
> 100 28 0 2 747
> 100 28 0 2 681
> 100 28 0 2 723
> 100 28 0 2 718
> 100 28 0 2 687
> 100 28 0 2 686
> 100 28 0 2 712
> 100 28 0 2 719
> 100 28 0 2 715
> 100 28 0 2 710
> 100 28 0 2 708
> 100 28 0 2 676
> 100 28 0 2 738
> 100 28 0 2 723
> 100 28 0 2 720
> 100 28 0 2 747
> 100 28 0 2 671
> 100 28 0 2 701
> 100 28 0 2 686
> 100 28 0 2 731
> 100 28 0 2 715
> 100 28 0 2 724
> 100 28 0 2 716
> 100 28 0 2 697
> 100 28 0 2 709
> 100 28 0 2 711
> 100 28 0 2 729
> 100 28 0 2 724
> 100 28 0 2 699
> 100 28 0 2 679
> 100 28 0 2 706
> 100 28 0 2 723
> 100 28 0 2 684
> 100 28 0 2 691
> 100 28 0 2 727
> 100 28 0 2 697
> 100 28 0 2 720
> 100 28 0 2 721
> 100 28 0 2 702
> 100 28 0 2 693
> 100 28 0 2 743
> 100 28 0 2 709
> 100 28 0 2 709
> 100 28 0 2 748
> 100 28 0 2 736
> 100 28 0 2 716
> 100 28 0 2 716
> 100 28 0 2 697
> 100 28 0 2 726
> 100 28 0 2 711
> 100 28 0 2 723
> 100 28 0 2 708
> 100 29 0 2 716
> 100 29 0 2 721
> 100 29 0 2 702
> 100 29 0 2 738
> 100 29 0 2 722
> 100 29 0 2 734
> 100 29 0 2 716
> 100 29 0 2 734
> 100 29 0 2 717
> 100 29 0 2 750
> 100 29 0 2 759
> 100 29 0 2 721
> 100 29 0 2 696
> 100 29 0 2 753
> 100 29 0 2 697
> 100 29 0 2 671
> 100 29 0 2 698
> 100 29 0 2 730
> 100 29 0 2 717
> 100 29 0 2 735
> 100 29 0 2 710
> 100 29 0 2 734
> 100 29 0 2 735
> 100 29 0 2 735
> 100 29 0 2 715
> 100 29 0 2 742
> 100 29 0 2 713
> 100 29 0 2 677
> 100 29 0 2 716
> 100 29 0 2 746
> 100 29 0 2 716
> 100 29 0 2 732
> 100 29 0 2 730
> 100 29 0 2 733
> 100 29 0 2 724
> 100 29 0 2 729
> 100 29 0 2 747
> 100 29 0 2 709
> 100 29 0 2 733
> 100 29 0 2 727
> 100 29 0 2 721
> 100 29 0 2 730
> 100 29 0 2 692
> 100 29 0 2 709
> 100 29 0 2 721
> 100 29 0 2 711
> 100 29 0 2 746
> 100 29 0 2 742
> 100 29 0 2 710
> 100 29 0 2 735
> 100 29 0 2 750
> 100 29 0 2 706
> 100 29 0 2 727
> 100 29 0 2 703
> 100 29 0 2 714
> 100 29 0 2 768
> 100 29 0 2 721
> 100 29 0 2 729
> 100 29 0 2 723
> 100 29 0 2 695
> 100 29 0 2 746
> 100 29 0 2 733
> 100 29 0 2 710
> 100 29 0 2 712
> 100 29 0 2 738
> 100 29 0 2 713
> 100 29 0 2 755
> 100 29 0 2 697
> 100 29 0 2 720
> 100 29 0 2 719
> 100 29 0 2 728
> 100 29 0 2 701
> 100 29 0 2 740
> 100 29 0 2 716
> 100 29 0 2 727
> 100 29 0 2 737
> 100 29 0 2 714
> 100 29 0 2 694
> 100 29 0 2 736
> 100 29 0 2 735
> 100 29 0 2 679
> 100 29 0 2 727
> 100 29 0 2 700
> 100 29 0 2 701
> 100 29 0 2 739
> 100 29 0 2 749
> 100 29 0 2 691
> 100 29 0 2 735
> 100 29 0 2 740
> 100 29 0 2 700
> 100 29 0 2 737
> 100 29 0 2 745
> 100 29 0 2 700
> 100 29 0 2 696
> 100 29 0 2 707
> 100 29 0 2 720
> 100 29 0 2 740
> 100 29 0 2 718
> 100 29 0 2 736
> 100 29 0 2 693
> 100 30 0 2 713
> 100 30 0 2 739
> 100 30 0 2 722
> 100 30 0 2 728
> 100 30 0 2 719
> 100 30 0 2 760
> 100 30 0 2 727
> 100 30 0 2 722
> 100 30 0 2 733
> 100 30 0 2 720
> 100 30 0 2 761
> 100 30 0 2 749
> 100 30 0 2 742
> 100 30 0 2 734
> 100 30 0 2 732
> 100 30 0 2 748
> 100 30 0 2 671
> 100 30 0 2 744
> 100 30 0 2 748
> 100 30 0 2 735
> 100 30 0 2 740
> 100 30 0 2 724
> 100 30 0 2 700
> 100 30 0 2 711
> 100 30 0 2 754
> 100 30 0 2 718
> 100 30 0 2 737
> 100 30 0 2 719
> 100 30 0 2 744
> 100 30 0 2 735
> 100 30 0 2 736
> 100 30 0 2 740
> 100 30 0 2 745
> 100 30 0 2 761
> 100 30 0 2 729
> 100 30 0 2 737
> 100 30 0 2 723
> 100 30 0 2 726
> 100 30 0 2 725
> 100 30 0 2 753
> 100 30 0 2 719
> 100 30 0 2 707
> 100 30 0 2 727
> 100 30 0 2 726
> 100 30 0 2 754
> 100 30 0 2 749
> 100 30 0 2 706
> 100 30 0 2 734
> 100 30 0 2 706
> 100 30 0 2 733
> 100 30 0 2 706
> 100 30 0 2 740
> 100 30 0 2 720
> 100 30 0 2 723
> 100 30 0 2 746
> 100 30 0 2 697
> 100 30 0 2 750
> 100 30 0 2 738
> 100 30 0 2 748
> 100 30 0 2 735
> 100 30 0 2 755
> 100 30 0 2 752
> 100 30 0 2 736
> 100 30 0 2 706
> 100 30 0 2 710
> 100 30 0 2 739
> 100 30 0 2 732
> 100 30 0 2 701
> 100 30 0 2 753
> 100 30 0 2 716
> 100 30 0 2 731
> 100 30 0 2 751
> 100 30 0 2 716
> 100 30 0 2 745
> 100 30 0 2 722
> 100 30 0 2 725
> 100 30 0 2 703
> 100 30 0 2 729
> 100 30 0 2 712
> 100 30 0 2 749
> 100 30 0 2 767
> 100 30 0 2 747
> 100 30 0 2 785
> 100 30 0 2 714
> 100 30 0 2 733
> 100 30 0 2 745
> 100 30 0 2 713
> 100 30 0 2 737
> 100 30 0 2 755
> 100 30 0 2 693
> 100 30 0 2 749
> 100 30 0 2 740
> 100 30 0 2 739
> 100 30 0 2 717
> 100 30 0 2 771
> 100 30 0 2 743
> 100 30 0 2 686
> 100 30 0 2 728
> 100 30 0 2 731
> 100 30 0 2 733
> 100 31 0 2 749
> 100 31 0 2 709
> 100 31 0 2 779
> 100 31 0 2 732
> 100 31 0 2 689
> 100 31 0 2 735
> 100 31 0 2 733
> 100 31 0 2 711
> 100 31 0 2 779
> 100 31 0 2 733
> 100 31 0 2 740
> 100 31 0 2 707
> 100 31 0 2 759
> 100 31 0 2 742
> 100 31 0 2 711
> 100 31 0 2 764
> 100 31 0 2 750
> 100 31 0 2 725
> 100 31 0 2 711
> 100 31 0 2 757
> 100 31 0 2 719
> 100 31 0 2 736
> 100 31 0 2 724
> 100 31 0 2 688
> 100 31 0 2 737
> 100 31 0 2 737
> 100 31 0 2 705
> 100 31 0 2 737
> 100 31 0 2 747
> 100 31 0 2 709
> 100 31 0 2 748
> 100 31 0 2 750
> 100 31 0 2 761
> 100 31 0 2 758
> 100 31 0 2 757
> 100 31 0 2 745
> 100 31 0 2 760
> 100 31 0 2 739
> 100 31 0 2 755
> 100 31 0 2 750
> 100 31 0 2 769
> 100 31 0 2 704
> 100 31 0 2 775
> 100 31 0 2 758
> 100 31 0 2 714
> 100 31 0 2 726
> 100 31 0 2 740
> 100 31 0 2 757
> 100 31 0 2 745
> 100 31 0 2 720
> 100 31 0 2 754
> 100 31 0 2 680
> 100 31 0 2 740
> 100 31 0 2 742
> 100 31 0 2 746
> 100 31 0 2 703
> 100 31 0 2 751
> 100 31 0 2 766
> 100 31 0 2 764
> 100 31 0 2 730
> 100 31 0 2 752
> 100 31 0 2 751
> 100 31 0 2 731
> 100 31 0 2 713
> 100 31 0 2 699
> 100 31 0 2 731
> 100 31 0 2 759
> 100 31 0 2 764
> 100 31 0 2 747
> 100 31 0 2 757
> 100 31 0 2 753
> 100 31 0 2 733
> 100 31 0 2 759
> 100 31 0 2 746
> 100 31 0 2 726
> 100 31 0 2 728
> 100 31 0 2 739
> 100 31 0 2 706
> 100 31 0 2 751
> 100 31 0 2 780
> 100 31 0 2 772
> 100 31 0 2 708
> 100 31 0 2 730
> 100 31 0 2 716
> 100 31 0 2 739
> 100 31 0 2 758
> 100 31 0 2 749
> 100 31 0 2 756
> 100 31 0 2 747
> 100 31 0 2 750
> 100 31 0 2 722
> 100 31 0 2 751
> 100 31 0 2 717
> 100 31 0 2 747
> 100 31 0 2 754
> 100 31 0 2 690
> 100 31 0 2 747
> 100 31 0 2 730
> 100 31 0 2 705
> 100 31 0 2 762
> 100 32 0 2 731
> 100 32 0 2 760
> 100 32 0 2 719
> 100 32 0 2 776
> 100 32 0 2 762
> 100 32 0 2 762
> 100 32 0 2 743
> 100 32 0 2 750
> 100 32 0 2 740
> 100 32 0 2 739
> 100 32 0 2 764
> 100 32 0 2 731
> 100 32 0 2 749
> 100 32 0 2 761
> 100 32 0 2 779
> 100 32 0 2 743
> 100 32 0 2 748
> 100 32 0 2 728
> 100 32 0 2 740
> 100 32 0 2 749
> 100 32 0 2 758
> 100 32 0 2 705
> 100 32 0 2 737
> 100 32 0 2 741
> 100 32 0 2 734
> 100 32 0 2 725
> 100 32 0 2 731
> 100 32 0 2 705
> 100 32 0 2 759
> 100 32 0 2 777
> 100 32 0 2 735
> 100 32 0 2 787
> 100 32 0 2 737
> 100 32 0 2 758
> 100 32 0 2 739
> 100 32 0 2 741
> 100 32 0 2 733
> 100 32 0 2 724
> 100 32 0 2 721
> 100 32 0 2 742
> 100 32 0 2 723
> 100 32 0 2 744
> 100 32 0 2 742
> 100 32 0 2 713
> 100 32 0 2 746
> 100 32 0 2 764
> 100 32 0 2 749
> 100 32 0 2 719
> 100 32 0 2 724
> 100 32 0 2 716
> 100 32 0 2 728
> 100 32 0 2 745
> 100 32 0 2 726
> 100 32 0 2 752
> 100 32 0 2 751
> 100 32 0 2 729
> 100 32 0 2 736
> 100 32 0 2 717
> 100 32 0 2 722
> 100 32 0 2 727
> 100 32 0 2 729
> 100 32 0 2 716
> 100 32 0 2 714
> 100 32 0 2 714
> 100 32 0 2 712
> 100 32 0 2 741
> 100 32 0 2 717
> 100 32 0 2 730
> 100 32 0 2 734
> 100 32 0 2 715
> 100 32 0 2 736
> 100 32 0 2 711
> 100 32 0 2 773
> 100 32 0 2 726
> 100 32 0 2 755
> 100 32 0 2 774
> 100 32 0 2 734
> 100 32 0 2 751
> 100 32 0 2 726
> 100 32 0 2 737
> 100 32 0 2 757
> 100 32 0 2 750
> 100 32 0 2 763
> 100 32 0 2 743
> 100 32 0 2 722
> 100 32 0 2 730
> 100 32 0 2 772
> 100 32 0 2 739
> 100 32 0 2 730
> 100 32 0 2 728
> 100 32 0 2 749
> 100 32 0 2 741
> 100 32 0 2 760
> 100 32 0 2 761
> 100 32 0 2 746
> 100 32 0 2 705
> 100 32 0 2 738
> 100 32 0 2 792
> 100 32 0 2 713
> 100 32 0 2 743
> 100 33 0 2 754
> 100 33 0 2 749
> 100 33 0 2 729
> 100 33 0 2 733
> 100 33 0 2 707
> 100 33 0 2 772
> 100 33 0 2 749
> 100 33 0 2 761
> 100 33 0 2 766
> 100 33 0 2 729
> 100 33 0 2 753
> 100 33 0 2 746
> 100 33 0 2 751
> 100 33 0 2 750
> 100 33 0 2 739
> 100 33 0 2 713
> 100 33 0 2 737
> 100 33 0 2 726
> 100 33 0 2 761
> 100 33 0 2 748
> 100 33 0 2 733
> 100 33 0 2 746
> 100 33 0 2 741
> 100 33 0 2 778
> 100 33 0 2 748
> 100 33 0 2 739
> 100 33 0 2 724
> 100 33 0 2 758
> 100 33 0 2 744
> 100 33 0 2 768
> 100 33 0 2 755
> 100 33 0 2 737
> 100 33 0 2 736
> 100 33 0 2 741
> 100 33 0 2 771
> 100 33 0 2 771
> 100 33 0 2 773
> 100 33 0 2 783
> 100 33 0 2 749
> 100 33 0 2 745
> 100 33 0 2 720
> 100 33 0 2 753
> 100 33 0 2 782
> 100 33 0 2 752
> 100 33 0 2 748
> 100 33 0 2 751
> 100 33 0 2 756
> 100 33 0 2 724
> 100 33 0 2 790
> 100 33 0 2 766
> 100 33 0 2 757
> 100 33 0 2 751
> 100 33 0 2 759
> 100 33 0 2 747
> 100 33 0 2 747
> 100 33 0 2 762
> 100 33 0 2 772
> 100 33 0 2 750
> 100 33 0 2 752
> 100 33 0 2 763
> 100 33 0 2 709
> 100 33 0 2 744
> 100 33 0 2 735
> 100 33 0 2 748
> 100 33 0 2 757
> 100 33 0 2 765
> 100 33 0 2 757
> 100 33 0 2 761
> 100 33 0 2 724
> 100 33 0 2 718
> 100 33 0 2 744
> 100 33 0 2 750
> 100 33 0 2 768
> 100 33 0 2 770
> 100 33 0 2 719
> 100 33 0 2 735
> 100 33 0 2 750
> 100 33 0 2 739
> 100 33 0 2 721
> 100 33 0 2 758
> 100 33 0 2 772
> 100 33 0 2 720
> 100 33 0 2 726
> 100 33 0 2 765
> 100 33 0 2 757
> 100 33 0 2 782
> 100 33 0 2 757
> 100 33 0 2 753
> 100 33 0 2 755
> 100 33 0 2 724
> 100 33 0 2 758
> 100 33 0 2 748
> 100 33 0 2 783
> 100 33 0 2 765
> 100 33 0 2 740
> 100 33 0 2 737
> 100 33 0 2 752
> 100 33 0 2 749
> 100 33 0 2 730
> 100 33 0 2 770
> 100 34 0 2 769
> 100 34 0 2 766
> 100 34 0 2 761
> 100 34 0 2 740
> 100 34 0 2 741
> 100 34 0 2 768
> 100 34 0 2 761
> 100 34 0 2 749
> 100 34 0 2 769
> 100 34 0 2 756
> 100 34 0 2 732
> 100 34 0 2 717
> 100 34 0 2 769
> 100 34 0 2 723
> 100 34 0 2 781
> 100 34 0 2 771
> 100 34 0 2 730
> 100 34 0 2 736
> 100 34 0 2 734
> 100 34 0 2 718
> 100 34 0 2 786
> 100 34 0 2 752
> 100 34 0 2 736
> 100 34 0 2 756
> 100 34 0 2 761
> 100 34 0 2 751
> 100 34 0 2 761
> 100 34 0 2 750
> 100 34 0 2 756
> 100 34 0 2 757
> 100 34 0 2 703
> 100 34 0 2 733
> 100 34 0 2 752
> 100 34 0 2 753
> 100 34 0 2 784
> 100 34 0 2 743
> 100 34 0 2 751
> 100 34 0 2 746
> 100 34 0 2 759
> 100 34 0 2 731
> 100 34 0 2 731
> 100 34 0 2 739
> 100 34 0 2 773
> 100 34 0 2 769
> 100 34 0 2 771
> 100 34 0 2 760
> 100 34 0 2 742
> 100 34 0 2 756
> 100 34 0 2 753
> 100 34 0 2 748
> 100 34 0 2 734
> 100 34 0 2 778
> 100 34 0 2 785
> 100 34 0 2 761
> 100 34 0 2 756
> 100 34 0 2 771
> 100 34 0 2 766
> 100 34 0 2 735
> 100 34 0 2 751
> 100 34 0 2 768
> 100 34 0 2 783
> 100 34 0 2 761
> 100 34 0 2 760
> 100 34 0 2 754
> 100 34 0 2 740
> 100 34 0 2 745
> 100 34 0 2 734
> 100 34 0 2 751
> 100 34 0 2 741
> 100 34 0 2 729
> 100 34 0 2 738
> 100 34 0 2 768
> 100 34 0 2 771
> 100 34 0 2 741
> 100 34 0 2 709
> 100 34 0 2 759
> 100 34 0 2 730
> 100 34 0 2 725
> 100 34 0 2 722
> 100 34 0 2 746
> 100 34 0 2 787
> 100 34 0 2 776
> 100 34 0 2 749
> 100 34 0 2 757
> 100 34 0 2 786
> 100 34 0 2 752
> 100 34 0 2 730
> 100 34 0 2 719
> 100 34 0 2 756
> 100 34 0 2 752
> 100 34 0 2 811
> 100 34 0 2 738
> 100 34 0 2 767
> 100 34 0 2 725
> 100 34 0 2 740
> 100 34 0 2 730
> 100 34 0 2 712
> 100 34 0 2 743
> 100 34 0 2 721
> 100 34 0 2 764
> 100 35 0 2 754
> 100 35 0 2 729
> 100 35 0 2 747
> 100 35 0 2 811
> 100 35 0 2 786
> 100 35 0 2 748
> 100 35 0 2 749
> 100 35 0 2 712
> 100 35 0 2 729
> 100 35 0 2 770
> 100 35 0 2 781
> 100 35 0 2 745
> 100 35 0 2 773
> 100 35 0 2 745
> 100 35 0 2 763
> 100 35 0 2 762
> 100 35 0 2 804
> 100 35 0 2 786
> 100 35 0 2 774
> 100 35 0 2 770
> 100 35 0 2 738
> 100 35 0 2 750
> 100 35 0 2 775
> 100 35 0 2 760
> 100 35 0 2 750
> 100 35 0 2 718
> 100 35 0 2 768
> 100 35 0 2 767
> 100 35 0 2 753
> 100 35 0 2 769
> 100 35 0 2 800
> 100 35 0 2 763
> 100 35 0 2 737
> 100 35 0 2 763
> 100 35 0 2 767
> 100 35 0 2 781
> 100 35 0 2 746
> 100 35 0 2 724
> 100 35 0 2 756
> 100 35 0 2 790
> 100 35 0 2 763
> 100 35 0 2 757
> 100 35 0 2 751
> 100 35 0 2 764
> 100 35 0 2 771
> 100 35 0 2 785
> 100 35 0 2 746
> 100 35 0 2 780
> 100 35 0 2 753
> 100 35 0 2 766
> 100 35 0 2 753
> 100 35 0 2 748
> 100 35 0 2 781
> 100 35 0 2 767
> 100 35 0 2 756
> 100 35 0 2 761
> 100 35 0 2 752
> 100 35 0 2 759
> 100 35 0 2 768
> 100 35 0 2 746
> 100 35 0 2 721
> 100 35 0 2 757
> 100 35 0 2 780
> 100 35 0 2 786
> 100 35 0 2 769
> 100 35 0 2 718
> 100 35 0 2 753
> 100 35 0 2 774
> 100 35 0 2 782
> 100 35 0 2 776
> 100 35 0 2 774
> 100 35 0 2 747
> 100 35 0 2 755
> 100 35 0 2 755
> 100 35 0 2 756
> 100 35 0 2 744
> 100 35 0 2 796
> 100 35 0 2 745
> 100 35 0 2 731
> 100 35 0 2 722
> 100 35 0 2 749
> 100 35 0 2 769
> 100 35 0 2 735
> 100 35 0 2 775
> 100 35 0 2 786
> 100 35 0 2 742
> 100 35 0 2 771
> 100 35 0 2 731
> 100 35 0 2 776
> 100 35 0 2 744
> 100 35 0 2 772
> 100 35 0 2 753
> 100 35 0 2 810
> 100 35 0 2 762
> 100 35 0 2 748
> 100 35 0 2 743
> 100 35 0 2 765
> 100 35 0 2 749
> 100 35 0 2 782
> 100 35 0 2 762
> 100 36 0 2 770
> 100 36 0 2 726
> 100 36 0 2 758
> 100 36 0 2 762
> 100 36 0 2 760
> 100 36 0 2 752
> 100 36 0 2 753
> 100 36 0 2 751
> 100 36 0 2 764
> 100 36 0 2 788
> 100 36 0 2 724
> 100 36 0 2 749
> 100 36 0 2 772
> 100 36 0 2 752
> 100 36 0 2 794
> 100 36 0 2 755
> 100 36 0 2 787
> 100 36 0 2 771
> 100 36 0 2 767
> 100 36 0 2 756
> 100 36 0 2 759
> 100 36 0 2 779
> 100 36 0 2 782
> 100 36 0 2 768
> 100 36 0 2 767
> 100 36 0 2 713
> 100 36 0 2 767
> 100 36 0 2 782
> 100 36 0 2 770
> 100 36 0 2 788
> 100 36 0 2 767
> 100 36 0 2 789
> 100 36 0 2 768
> 100 36 0 2 774
> 100 36 0 2 770
> 100 36 0 2 773
> 100 36 0 2 762
> 100 36 0 2 720
> 100 36 0 2 756
> 100 36 0 2 773
> 100 36 0 2 749
> 100 36 0 2 769
> 100 36 0 2 725
> 100 36 0 2 767
> 100 36 0 2 757
> 100 36 0 2 754
> 100 36 0 2 753
> 100 36 0 2 741
> 100 36 0 2 773
> 100 36 0 2 756
> 100 36 0 2 750
> 100 36 0 2 772
> 100 36 0 2 749
> 100 36 0 2 766
> 100 36 0 2 755
> 100 36 0 2 773
> 100 36 0 2 743
> 100 36 0 2 755
> 100 36 0 2 745
> 100 36 0 2 767
> 100 36 0 2 764
> 100 36 0 2 782
> 100 36 0 2 773
> 100 36 0 2 768
> 100 36 0 2 774
> 100 36 0 2 756
> 100 36 0 2 764
> 100 36 0 2 792
> 100 36 0 2 772
> 100 36 0 2 756
> 100 36 0 2 763
> 100 36 0 2 744
> 100 36 0 2 713
> 100 36 0 2 748
> 100 36 0 2 722
> 100 36 0 2 769
> 100 36 0 2 791
> 100 36 0 2 756
> 100 36 0 2 791
> 100 36 0 2 791
> 100 36 0 2 771
> 100 36 0 2 791
> 100 36 0 2 780
> 100 36 0 2 787
> 100 36 0 2 772
> 100 36 0 2 782
> 100 36 0 2 756
> 100 36 0 2 753
> 100 36 0 2 747
> 100 36 0 2 799
> 100 36 0 2 750
> 100 36 0 2 751
> 100 36 0 2 786
> 100 36 0 2 728
> 100 36 0 2 749
> 100 36 0 2 738
> 100 36 0 2 729
> 100 36 0 2 781
> 100 36 0 2 794
> 100 36 0 2 772
> 100 37 0 2 770
> 100 37 0 2 785
> 100 37 0 2 797
> 100 37 0 2 755
> 100 37 0 2 791
> 100 37 0 2 796
> 100 37 0 2 792
> 100 37 0 2 762
> 100 37 0 2 738
> 100 37 0 2 779
> 100 37 0 2 793
> 100 37 0 2 777
> 100 37 0 2 750
> 100 37 0 2 794
> 100 37 0 2 777
> 100 37 0 2 776
> 100 37 0 2 758
> 100 37 0 2 787
> 100 37 0 2 801
> 100 37 0 2 785
> 100 37 0 2 762
> 100 37 0 2 782
> 100 37 0 2 727
> 100 37 0 2 755
> 100 37 0 2 795
> 100 37 0 2 767
> 100 37 0 2 760
> 100 37 0 2 826
> 100 37 0 2 790
> 100 37 0 2 754
> 100 37 0 2 760
> 100 37 0 2 767
> 100 37 0 2 770
> 100 37 0 2 758
> 100 37 0 2 768
> 100 37 0 2 760
> 100 37 0 2 758
> 100 37 0 2 768
> 100 37 0 2 757
> 100 37 0 2 729
> 100 37 0 2 768
> 100 37 0 2 751
> 100 37 0 2 786
> 100 37 0 2 757
> 100 37 0 2 802
> 100 37 0 2 791
> 100 37 0 2 730
> 100 37 0 2 800
> 100 37 0 2 808
> 100 37 0 2 736
> 100 37 0 2 770
> 100 37 0 2 789
> 100 37 0 2 782
> 100 37 0 2 753
> 100 37 0 2 750
> 100 37 0 2 718
> 100 37 0 2 787
> 100 37 0 2 758
> 100 37 0 2 778
> 100 37 0 2 744
> 100 37 0 2 765
> 100 37 0 2 751
> 100 37 0 2 808
> 100 37 0 2 772
> 100 37 0 2 779
> 100 37 0 2 763
> 100 37 0 2 776
> 100 37 0 2 788
> 100 37 0 2 775
> 100 37 0 2 784
> 100 37 0 2 767
> 100 37 0 2 765
> 100 37 0 2 777
> 100 37 0 2 771
> 100 37 0 2 763
> 100 37 0 2 766
> 100 37 0 2 778
> 100 37 0 2 775
> 100 37 0 2 756
> 100 37 0 2 767
> 100 37 0 2 815
> 100 37 0 2 773
> 100 37 0 2 757
> 100 37 0 2 776
> 100 37 0 2 810
> 100 37 0 2 794
> 100 37 0 2 784
> 100 37 0 2 794
> 100 37 0 2 765
> 100 37 0 2 785
> 100 37 0 2 769
> 100 37 0 2 783
> 100 37 0 2 797
> 100 37 0 2 759
> 100 37 0 2 763
> 100 37 0 2 757
> 100 37 0 2 819
> 100 37 0 2 777
> 100 37 0 2 803
> 100 37 0 2 780
> 100 38 0 2 792
> 100 38 0 2 783
> 100 38 0 2 732
> 100 38 0 2 790
> 100 38 0 2 769
> 100 38 0 2 777
> 100 38 0 2 738
> 100 38 0 2 771
> 100 38 0 2 773
> 100 38 0 2 784
> 100 38 0 2 746
> 100 38 0 2 775
> 100 38 0 2 790
> 100 38 0 2 767
> 100 38 0 2 803
> 100 38 0 2 758
> 100 38 0 2 806
> 100 38 0 2 776
> 100 38 0 2 793
> 100 38 0 2 776
> 100 38 0 2 802
> 100 38 0 2 751
> 100 38 0 2 788
> 100 38 0 2 784
> 100 38 0 2 769
> 100 38 0 2 785
> 100 38 0 2 816
> 100 38 0 2 797
> 100 38 0 2 776
> 100 38 0 2 788
> 100 38 0 2 785
> 100 38 0 2 751
> 100 38 0 2 778
> 100 38 0 2 767
> 100 38 0 2 791
> 100 38 0 2 758
> 100 38 0 2 783
> 100 38 0 2 767
> 100 38 0 2 785
> 100 38 0 2 758
> 100 38 0 2 783
> 100 38 0 2 755
> 100 38 0 2 781
> 100 38 0 2 734
> 100 38 0 2 832
> 100 38 0 2 801
> 100 38 0 2 795
> 100 38 0 2 783
> 100 38 0 2 788
> 100 38 0 2 778
> 100 38 0 2 807
> 100 38 0 2 770
> 100 38 0 2 735
> 100 38 0 2 753
> 100 38 0 2 802
> 100 38 0 2 812
> 100 38 0 2 756
> 100 38 0 2 770
> 100 38 0 2 750
> 100 38 0 2 782
> 100 38 0 2 777
> 100 38 0 2 756
> 100 38 0 2 776
> 100 38 0 2 755
> 100 38 0 2 756
> 100 38 0 2 796
> 100 38 0 2 792
> 100 38 0 2 772
> 100 38 0 2 803
> 100 38 0 2 769
> 100 38 0 2 731
> 100 38 0 2 786
> 100 38 0 2 795
> 100 38 0 2 770
> 100 38 0 2 798
> 100 38 0 2 759
> 100 38 0 2 792
> 100 38 0 2 739
> 100 38 0 2 744
> 100 38 0 2 772
> 100 38 0 2 794
> 100 38 0 2 745
> 100 38 0 2 771
> 100 38 0 2 752
> 100 38 0 2 797
> 100 38 0 2 775
> 100 38 0 2 796
> 100 38 0 2 748
> 100 38 0 2 795
> 100 38 0 2 813
> 100 38 0 2 779
> 100 38 0 2 791
> 100 38 0 2 768
> 100 38 0 2 751
> 100 38 0 2 786
> 100 38 0 2 758
> 100 38 0 2 775
> 100 38 0 2 769
> 100 38 0 2 791
> 100 38 0 2 805
> 100 39 0 2 783
> 100 39 0 2 786
> 100 39 0 2 815
> 100 39 0 2 796
> 100 39 0 2 772
> 100 39 0 2 771
> 100 39 0 2 797
> 100 39 0 2 772
> 100 39 0 2 777
> 100 39 0 2 819
> 100 39 0 2 795
> 100 39 0 2 760
> 100 39 0 2 785
> 100 39 0 2 778
> 100 39 0 2 767
> 100 39 0 2 792
> 100 39 0 2 802
> 100 39 0 2 807
> 100 39 0 2 756
> 100 39 0 2 755
> 100 39 0 2 777
> 100 39 0 2 799
> 100 39 0 2 763
> 100 39 0 2 788
> 100 39 0 2 750
> 100 39 0 2 790
> 100 39 0 2 775
> 100 39 0 2 789
> 100 39 0 2 832
> 100 39 0 2 757
> 100 39 0 2 767
> 100 39 0 2 823
> 100 39 0 2 783
> 100 39 0 2 814
> 100 39 0 2 771
> 100 39 0 2 791
> 100 39 0 2 777
> 100 39 0 2 782
> 100 39 0 2 787
> 100 39 0 2 779
> 100 39 0 2 805
> 100 39 0 2 804
> 100 39 0 2 786
> 100 39 0 2 749
> 100 39 0 2 813
> 100 39 0 2 757
> 100 39 0 2 802
> 100 39 0 2 791
> 100 39 0 2 744
> 100 39 0 2 797
> 100 39 0 2 745
> 100 39 0 2 793
> 100 39 0 2 777
> 100 39 0 2 765
> 100 39 0 2 799
> 100 39 0 2 784
> 100 39 0 2 813
> 100 39 0 2 783
> 100 39 0 2 814
> 100 39 0 2 782
> 100 39 0 2 794
> 100 39 0 2 775
> 100 39 0 2 756
> 100 39 0 2 781
> 100 39 0 2 776
> 100 39 0 2 770
> 100 39 0 2 765
> 100 39 0 2 768
> 100 39 0 2 790
> 100 39 0 2 766
> 100 39 0 2 777
> 100 39 0 2 776
> 100 39 0 2 749
> 100 39 0 2 804
> 100 39 0 2 772
> 100 39 0 2 755
> 100 39 0 2 806
> 100 39 0 2 754
> 100 39 0 2 791
> 100 39 0 2 767
> 100 39 0 2 819
> 100 39 0 2 780
> 100 39 0 2 752
> 100 39 0 2 804
> 100 39 0 2 775
> 100 39 0 2 780
> 100 39 0 2 771
> 100 39 0 2 774
> 100 39 0 2 818
> 100 39 0 2 789
> 100 39 0 2 793
> 100 39 0 2 802
> 100 39 0 2 770
> 100 39 0 2 830
> 100 39 0 2 782
> 100 39 0 2 753
> 100 39 0 2 782
> 100 39 0 2 766
> 100 39 0 2 779
> 100 39 0 2 776
> 100 40 0 2 804
> 100 40 0 2 809
> 100 40 0 2 777
> 100 40 0 2 815
> 100 40 0 2 786
> 100 40 0 2 813
> 100 40 0 2 787
> 100 40 0 2 787
> 100 40 0 2 792
> 100 40 0 2 791
> 100 40 0 2 793
> 100 40 0 2 778
> 100 40 0 2 793
> 100 40 0 2 792
> 100 40 0 2 802
> 100 40 0 2 799
> 100 40 0 2 787
> 100 40 0 2 731
> 100 40 0 2 792
> 100 40 0 2 726
> 100 40 0 2 797
> 100 40 0 2 791
> 100 40 0 2 818
> 100 40 0 2 799
> 100 40 0 2 769
> 100 40 0 2 785
> 100 40 0 2 786
> 100 40 0 2 779
> 100 40 0 2 804
> 100 40 0 2 788
> 100 40 0 2 759
> 100 40 0 2 803
> 100 40 0 2 784
> 100 40 0 2 820
> 100 40 0 2 771
> 100 40 0 2 750
> 100 40 0 2 783
> 100 40 0 2 793
> 100 40 0 2 779
> 100 40 0 2 770
> 100 40 0 2 783
> 100 40 0 2 781
> 100 40 0 2 800
> 100 40 0 2 798
> 100 40 0 2 764
> 100 40 0 2 785
> 100 40 0 2 796
> 100 40 0 2 792
> 100 40 0 2 806
> 100 40 0 2 797
> 100 40 0 2 800
> 100 40 0 2 758
> 100 40 0 2 810
> 100 40 0 2 825
> 100 40 0 2 798
> 100 40 0 2 789
> 100 40 0 2 793
> 100 40 0 2 776
> 100 40 0 2 742
> 100 40 0 2 750
> 100 40 0 2 810
> 100 40 0 2 784
> 100 40 0 2 756
> 100 40 0 2 807
> 100 40 0 2 777
> 100 40 0 2 762
> 100 40 0 2 757
> 100 40 0 2 785
> 100 40 0 2 783
> 100 40 0 2 767
> 100 40 0 2 769
> 100 40 0 2 786
> 100 40 0 2 767
> 100 40 0 2 773
> 100 40 0 2 802
> 100 40 0 2 809
> 100 40 0 2 757
> 100 40 0 2 775
> 100 40 0 2 803
> 100 40 0 2 821
> 100 40 0 2 768
> 100 40 0 2 777
> 100 40 0 2 787
> 100 40 0 2 774
> 100 40 0 2 787
> 100 40 0 2 778
> 100 40 0 2 785
> 100 40 0 2 808
> 100 40 0 2 782
> 100 40 0 2 785
> 100 40 0 2 802
> 100 40 0 2 788
> 100 40 0 2 795
> 100 40 0 2 747
> 100 40 0 2 773
> 100 40 0 2 795
> 100 40 0 2 762
> 100 40 0 2 796
> 100 40 0 2 791
> 100 40 0 2 830
> 100 41 0 2 827
> 100 41 0 2 771
> 100 41 0 2 798
> 100 41 0 2 760
> 100 41 0 2 770
> 100 41 0 2 758
> 100 41 0 2 764
> 100 41 0 2 811
> 100 41 0 2 741
> 100 41 0 2 804
> 100 41 0 2 852
> 100 41 0 2 808
> 100 41 0 2 793
> 100 41 0 2 773
> 100 41 0 2 775
> 100 41 0 2 782
> 100 41 0 2 779
> 100 41 0 2 833
> 100 41 0 2 827
> 100 41 0 2 818
> 100 41 0 2 803
> 100 41 0 2 801
> 100 41 0 2 811
> 100 41 0 2 795
> 100 41 0 2 832
> 100 41 0 2 769
> 100 41 0 2 834
> 100 41 0 2 736
> 100 41 0 2 786
> 100 41 0 2 798
> 100 41 0 2 823
> 100 41 0 2 805
> 100 41 0 2 796
> 100 41 0 2 784
> 100 41 0 2 786
> 100 41 0 2 796
> 100 41 0 2 819
> 100 41 0 2 781
> 100 41 0 2 774
> 100 41 0 2 800
> 100 41 0 2 790
> 100 41 0 2 779
> 100 41 0 2 775
> 100 41 0 2 771
> 100 41 0 2 831
> 100 41 0 2 816
> 100 41 0 2 807
> 100 41 0 2 774
> 100 41 0 2 780
> 100 41 0 2 783
> 100 41 0 2 791
> 100 41 0 2 822
> 100 41 0 2 758
> 100 41 0 2 814
> 100 41 0 2 784
> 100 41 0 2 797
> 100 41 0 2 765
> 100 41 0 2 775
> 100 41 0 2 803
> 100 41 0 2 791
> 100 41 0 2 794
> 100 41 0 2 786
> 100 41 0 2 803
> 100 41 0 2 773
> 100 41 0 2 758
> 100 41 0 2 804
> 100 41 0 2 756
> 100 41 0 2 789
> 100 41 0 2 767
> 100 41 0 2 751
> 100 41 0 2 798
> 100 41 0 2 793
> 100 41 0 2 800
> 100 41 0 2 813
> 100 41 0 2 787
> 100 41 0 2 797
> 100 41 0 2 792
> 100 41 0 2 786
> 100 41 0 2 792
> 100 41 0 2 783
> 100 41 0 2 786
> 100 41 0 2 785
> 100 41 0 2 802
> 100 41 0 2 801
> 100 41 0 2 782
> 100 41 0 2 803
> 100 41 0 2 800
> 100 41 0 2 795
> 100 41 0 2 810
> 100 41 0 2 775
> 100 41 0 2 750
> 100 41 0 2 822
> 100 41 0 2 812
> 100 41 0 2 794
> 100 41 0 2 778
> 100 41 0 2 818
> 100 41 0 2 811
> 100 41 0 2 826
> 100 41 0 2 799
> 100 41 0 2 746
> 100 42 0 2 805
> 100 42 0 2 780
> 100 42 0 2 773
> 100 42 0 2 769
> 100 42 0 2 812
> 100 42 0 2 803
> 100 42 0 2 802
> 100 42 0 2 817
> 100 42 0 2 800
> 100 42 0 2 802
> 100 42 0 2 783
> 100 42 0 2 781
> 100 42 0 2 824
> 100 42 0 2 788
> 100 42 0 2 804
> 100 42 0 2 840
> 100 42 0 2 846
> 100 42 0 2 795
> 100 42 0 2 769
> 100 42 0 2 796
> 100 42 0 2 776
> 100 42 0 2 795
> 100 42 0 2 786
> 100 42 0 2 812
> 100 42 0 2 791
> 100 42 0 2 819
> 100 42 0 2 810
> 100 42 0 2 784
> 100 42 0 2 797
> 100 42 0 2 820
> 100 42 0 2 802
> 100 42 0 2 770
> 100 42 0 2 799
> 100 42 0 2 812
> 100 42 0 2 794
> 100 42 0 2 807
> 100 42 0 2 788
> 100 42 0 2 828
> 100 42 0 2 784
> 100 42 0 2 771
> 100 42 0 2 809
> 100 42 0 2 815
> 100 42 0 2 795
> 100 42 0 2 831
> 100 42 0 2 774
> 100 42 0 2 802
> 100 42 0 2 813
> 100 42 0 2 825
> 100 42 0 2 797
> 100 42 0 2 807
> 100 42 0 2 743
> 100 42 0 2 799
> 100 42 0 2 794
> 100 42 0 2 818
> 100 42 0 2 795
> 100 42 0 2 797
> 100 42 0 2 816
> 100 42 0 2 804
> 100 42 0 2 812
> 100 42 0 2 778
> 100 42 0 2 814
> 100 42 0 2 780
> 100 42 0 2 787
> 100 42 0 2 804
> 100 42 0 2 783
> 100 42 0 2 818
> 100 42 0 2 759
> 100 42 0 2 798
> 100 42 0 2 776
> 100 42 0 2 800
> 100 42 0 2 802
> 100 42 0 2 808
> 100 42 0 2 780
> 100 42 0 2 795
> 100 42 0 2 779
> 100 42 0 2 793
> 100 42 0 2 764
> 100 42 0 2 819
> 100 42 0 2 774
> 100 42 0 2 774
> 100 42 0 2 796
> 100 42 0 2 827
> 100 42 0 2 750
> 100 42 0 2 807
> 100 42 0 2 816
> 100 42 0 2 794
> 100 42 0 2 784
> 100 42 0 2 793
> 100 42 0 2 817
> 100 42 0 2 811
> 100 42 0 2 775
> 100 42 0 2 826
> 100 42 0 2 781
> 100 42 0 2 792
> 100 42 0 2 804
> 100 42 0 2 787
> 100 42 0 2 813
> 100 42 0 2 799
> 100 42 0 2 796
> 100 42 0 2 823
> 100 43 0 2 789
> 100 43 0 2 790
> 100 43 0 2 836
> 100 43 0 2 819
> 100 43 0 2 791
> 100 43 0 2 819
> 100 43 0 2 791
> 100 43 0 2 825
> 100 43 0 2 807
> 100 43 0 2 819
> 100 43 0 2 768
> 100 43 0 2 800
> 100 43 0 2 790
> 100 43 0 2 807
> 100 43 0 2 805
> 100 43 0 2 846
> 100 43 0 2 832
> 100 43 0 2 781
> 100 43 0 2 817
> 100 43 0 2 764
> 100 43 0 2 776
> 100 43 0 2 794
> 100 43 0 2 812
> 100 43 0 2 792
> 100 43 0 2 831
> 100 43 0 2 818
> 100 43 0 2 804
> 100 43 0 2 837
> 100 43 0 2 826
> 100 43 0 2 820
> 100 43 0 2 825
> 100 43 0 2 792
> 100 43 0 2 792
> 100 43 0 2 811
> 100 43 0 2 821
> 100 43 0 2 785
> 100 43 0 2 776
> 100 43 0 2 827
> 100 43 0 2 798
> 100 43 0 2 762
> 100 43 0 2 789
> 100 43 0 2 782
> 100 43 0 2 817
> 100 43 0 2 825
> 100 43 0 2 784
> 100 43 0 2 776
> 100 43 0 2 771
> 100 43 0 2 783
> 100 43 0 2 839
> 100 43 0 2 789
> 100 43 0 2 847
> 100 43 0 2 804
> 100 43 0 2 848
> 100 43 0 2 802
> 100 43 0 2 787
> 100 43 0 2 800
> 100 43 0 2 775
> 100 43 0 2 803
> 100 43 0 2 804
> 100 43 0 2 795
> 100 43 0 2 844
> 100 43 0 2 794
> 100 43 0 2 790
> 100 43 0 2 804
> 100 43 0 2 776
> 100 43 0 2 786
> 100 43 0 2 817
> 100 43 0 2 791
> 100 43 0 2 789
> 100 43 0 2 807
> 100 43 0 2 845
> 100 43 0 2 838
> 100 43 0 2 805
> 100 43 0 2 841
> 100 43 0 2 795
> 100 43 0 2 801
> 100 43 0 2 812
> 100 43 0 2 803
> 100 43 0 2 760
> 100 43 0 2 788
> 100 43 0 2 807
> 100 43 0 2 810
> 100 43 0 2 781
> 100 43 0 2 759
> 100 43 0 2 848
> 100 43 0 2 792
> 100 43 0 2 793
> 100 43 0 2 787
> 100 43 0 2 828
> 100 43 0 2 812
> 100 43 0 2 801
> 100 43 0 2 809
> 100 43 0 2 778
> 100 43 0 2 848
> 100 43 0 2 797
> 100 43 0 2 816
> 100 43 0 2 832
> 100 43 0 2 830
> 100 43 0 2 786
> 100 43 0 2 782
> 100 44 0 2 814
> 100 44 0 2 787
> 100 44 0 2 825
> 100 44 0 2 830
> 100 44 0 2 837
> 100 44 0 2 808
> 100 44 0 2 832
> 100 44 0 2 806
> 100 44 0 2 798
> 100 44 0 2 863
> 100 44 0 2 828
> 100 44 0 2 815
> 100 44 0 2 804
> 100 44 0 2 791
> 100 44 0 2 788
> 100 44 0 2 844
> 100 44 0 2 847
> 100 44 0 2 826
> 100 44 0 2 830
> 100 44 0 2 805
> 100 44 0 2 793
> 100 44 0 2 799
> 100 44 0 2 810
> 100 44 0 2 845
> 100 44 0 2 800
> 100 44 0 2 829
> 100 44 0 2 843
> 100 44 0 2 790
> 100 44 0 2 806
> 100 44 0 2 783
> 100 44 0 2 880
> 100 44 0 2 787
> 100 44 0 2 833
> 100 44 0 2 811
> 100 44 0 2 841
> 100 44 0 2 809
> 100 44 0 2 821
> 100 44 0 2 828
> 100 44 0 2 825
> 100 44 0 2 828
> 100 44 0 2 793
> 100 44 0 2 789
> 100 44 0 2 804
> 100 44 0 2 787
> 100 44 0 2 784
> 100 44 0 2 820
> 100 44 0 2 805
> 100 44 0 2 838
> 100 44 0 2 804
> 100 44 0 2 787
> 100 44 0 2 806
> 100 44 0 2 764
> 100 44 0 2 837
> 100 44 0 2 778
> 100 44 0 2 803
> 100 44 0 2 787
> 100 44 0 2 806
> 100 44 0 2 806
> 100 44 0 2 782
> 100 44 0 2 792
> 100 44 0 2 819
> 100 44 0 2 798
> 100 44 0 2 782
> 100 44 0 2 834
> 100 44 0 2 807
> 100 44 0 2 829
> 100 44 0 2 759
> 100 44 0 2 835
> 100 44 0 2 811
> 100 44 0 2 840
> 100 44 0 2 808
> 100 44 0 2 795
> 100 44 0 2 793
> 100 44 0 2 789
> 100 44 0 2 817
> 100 44 0 2 806
> 100 44 0 2 796
> 100 44 0 2 816
> 100 44 0 2 808
> 100 44 0 2 810
> 100 44 0 2 784
> 100 44 0 2 825
> 100 44 0 2 824
> 100 44 0 2 794
> 100 44 0 2 832
> 100 44 0 2 800
> 100 44 0 2 767
> 100 44 0 2 797
> 100 44 0 2 799
> 100 44 0 2 795
> 100 44 0 2 810
> 100 44 0 2 829
> 100 44 0 2 836
> 100 44 0 2 795
> 100 44 0 2 790
> 100 44 0 2 826
> 100 44 0 2 825
> 100 44 0 2 759
> 100 44 0 2 773
> 100 44 0 2 818
> 100 45 0 2 821
> 100 45 0 2 820
> 100 45 0 2 816
> 100 45 0 2 827
> 100 45 0 2 824
> 100 45 0 2 840
> 100 45 0 2 801
> 100 45 0 2 818
> 100 45 0 2 807
> 100 45 0 2 826
> 100 45 0 2 805
> 100 45 0 2 828
> 100 45 0 2 830
> 100 45 0 2 794
> 100 45 0 2 809
> 100 45 0 2 794
> 100 45 0 2 826
> 100 45 0 2 798
> 100 45 0 2 789
> 100 45 0 2 793
> 100 45 0 2 790
> 100 45 0 2 793
> 100 45 0 2 819
> 100 45 0 2 779
> 100 45 0 2 836
> 100 45 0 2 844
> 100 45 0 2 829
> 100 45 0 2 837
> 100 45 0 2 818
> 100 45 0 2 812
> 100 45 0 2 835
> 100 45 0 2 844
> 100 45 0 2 823
> 100 45 0 2 799
> 100 45 0 2 778
> 100 45 0 2 822
> 100 45 0 2 823
> 100 45 0 2 802
> 100 45 0 2 807
> 100 45 0 2 798
> 100 45 0 2 823
> 100 45 0 2 794
> 100 45 0 2 814
> 100 45 0 2 833
> 100 45 0 2 838
> 100 45 0 2 803
> 100 45 0 2 806
> 100 45 0 2 831
> 100 45 0 2 809
> 100 45 0 2 808
> 100 45 0 2 839
> 100 45 0 2 815
> 100 45 0 2 804
> 100 45 0 2 834
> 100 45 0 2 780
> 100 45 0 2 780
> 100 45 0 2 791
> 100 45 0 2 837
> 100 45 0 2 835
> 100 45 0 2 857
> 100 45 0 2 823
> 100 45 0 2 846
> 100 45 0 2 849
> 100 45 0 2 826
> 100 45 0 2 824
> 100 45 0 2 840
> 100 45 0 2 782
> 100 45 0 2 801
> 100 45 0 2 852
> 100 45 0 2 796
> 100 45 0 2 846
> 100 45 0 2 795
> 100 45 0 2 837
> 100 45 0 2 819
> 100 45 0 2 813
> 100 45 0 2 799
> 100 45 0 2 823
> 100 45 0 2 785
> 100 45 0 2 794
> 100 45 0 2 818
> 100 45 0 2 825
> 100 45 0 2 826
> 100 45 0 2 817
> 100 45 0 2 811
> 100 45 0 2 833
> 100 45 0 2 828
> 100 45 0 2 783
> 100 45 0 2 809
> 100 45 0 2 838
> 100 45 0 2 855
> 100 45 0 2 825
> 100 45 0 2 800
> 100 45 0 2 840
> 100 45 0 2 827
> 100 45 0 2 837
> 100 45 0 2 810
> 100 45 0 2 834
> 100 45 0 2 794
> 100 45 0 2 830
> 100 45 0 2 826
> 100 46 0 2 786
> 100 46 0 2 850
> 100 46 0 2 803
> 100 46 0 2 829
> 100 46 0 2 781
> 100 46 0 2 811
> 100 46 0 2 847
> 100 46 0 2 777
> 100 46 0 2 854
> 100 46 0 2 844
> 100 46 0 2 831
> 100 46 0 2 842
> 100 46 0 2 837
> 100 46 0 2 824
> 100 46 0 2 809
> 100 46 0 2 814
> 100 46 0 2 776
> 100 46 0 2 856
> 100 46 0 2 839
> 100 46 0 2 862
> 100 46 0 2 852
> 100 46 0 2 805
> 100 46 0 2 790
> 100 46 0 2 796
> 100 46 0 2 790
> 100 46 0 2 854
> 100 46 0 2 809
> 100 46 0 2 814
> 100 46 0 2 815
> 100 46 0 2 829
> 100 46 0 2 850
> 100 46 0 2 821
> 100 46 0 2 864
> 100 46 0 2 857
> 100 46 0 2 840
> 100 46 0 2 798
> 100 46 0 2 837
> 100 46 0 2 810
> 100 46 0 2 816
> 100 46 0 2 816
> 100 46 0 2 819
> 100 46 0 2 824
> 100 46 0 2 812
> 100 46 0 2 825
> 100 46 0 2 826
> 100 46 0 2 829
> 100 46 0 2 809
> 100 46 0 2 810
> 100 46 0 2 824
> 100 46 0 2 834
> 100 46 0 2 839
> 100 46 0 2 833
> 100 46 0 2 826
> 100 46 0 2 832
> 100 46 0 2 821
> 100 46 0 2 821
> 100 46 0 2 816
> 100 46 0 2 870
> 100 46 0 2 766
> 100 46 0 2 805
> 100 46 0 2 818
> 100 46 0 2 836
> 100 46 0 2 789
> 100 46 0 2 833
> 100 46 0 2 836
> 100 46 0 2 827
> 100 46 0 2 827
> 100 46 0 2 816
> 100 46 0 2 821
> 100 46 0 2 783
> 100 46 0 2 868
> 100 46 0 2 793
> 100 46 0 2 798
> 100 46 0 2 789
> 100 46 0 2 834
> 100 46 0 2 837
> 100 46 0 2 851
> 100 46 0 2 789
> 100 46 0 2 794
> 100 46 0 2 861
> 100 46 0 2 819
> 100 46 0 2 852
> 100 46 0 2 862
> 100 46 0 2 818
> 100 46 0 2 857
> 100 46 0 2 870
> 100 46 0 2 815
> 100 46 0 2 821
> 100 46 0 2 795
> 100 46 0 2 846
> 100 46 0 2 822
> 100 46 0 2 790
> 100 46 0 2 821
> 100 46 0 2 833
> 100 46 0 2 766
> 100 46 0 2 853
> 100 46 0 2 817
> 100 46 0 2 819
> 100 46 0 2 818
> 100 46 0 2 845
> 100 47 0 2 831
> 100 47 0 2 863
> 100 47 0 2 839
> 100 47 0 2 809
> 100 47 0 2 813
> 100 47 0 2 832
> 100 47 0 2 799
> 100 47 0 2 827
> 100 47 0 2 843
> 100 47 0 2 837
> 100 47 0 2 827
> 100 47 0 2 804
> 100 47 0 2 797
> 100 47 0 2 793
> 100 47 0 2 819
> 100 47 0 2 816
> 100 47 0 2 824
> 100 47 0 2 810
> 100 47 0 2 807
> 100 47 0 2 833
> 100 47 0 2 811
> 100 47 0 2 843
> 100 47 0 2 812
> 100 47 0 2 842
> 100 47 0 2 815
> 100 47 0 2 814
> 100 47 0 2 824
> 100 47 0 2 860
> 100 47 0 2 845
> 100 47 0 2 839
> 100 47 0 2 868
> 100 47 0 2 828
> 100 47 0 2 791
> 100 47 0 2 859
> 100 47 0 2 835
> 100 47 0 2 900
> 100 47 0 2 825
> 100 47 0 2 822
> 100 47 0 2 802
> 100 47 0 2 802
> 100 47 0 2 831
> 100 47 0 2 814
> 100 47 0 2 822
> 100 47 0 2 809
> 100 47 0 2 829
> 100 47 0 2 845
> 100 47 0 2 818
> 100 47 0 2 839
> 100 47 0 2 815
> 100 47 0 2 837
> 100 47 0 2 828
> 100 47 0 2 831
> 100 47 0 2 823
> 100 47 0 2 843
> 100 47 0 2 835
> 100 47 0 2 853
> 100 47 0 2 791
> 100 47 0 2 862
> 100 47 0 2 854
> 100 47 0 2 807
> 100 47 0 2 809
> 100 47 0 2 826
> 100 47 0 2 814
> 100 47 0 2 794
> 100 47 0 2 815
> 100 47 0 2 814
> 100 47 0 2 813
> 100 47 0 2 862
> 100 47 0 2 835
> 100 47 0 2 842
> 100 47 0 2 863
> 100 47 0 2 821
> 100 47 0 2 851
> 100 47 0 2 792
> 100 47 0 2 842
> 100 47 0 2 851
> 100 47 0 2 835
> 100 47 0 2 827
> 100 47 0 2 854
> 100 47 0 2 851
> 100 47 0 2 881
> 100 47 0 2 845
> 100 47 0 2 832
> 100 47 0 2 833
> 100 47 0 2 806
> 100 47 0 2 819
> 100 47 0 2 817
> 100 47 0 2 827
> 100 47 0 2 859
> 100 47 0 2 820
> 100 47 0 2 842
> 100 47 0 2 859
> 100 47 0 2 796
> 100 47 0 2 835
> 100 47 0 2 849
> 100 47 0 2 804
> 100 47 0 2 820
> 100 47 0 2 829
> 100 47 0 2 828
> 100 47 0 2 837
> 100 48 0 2 833
> 100 48 0 2 829
> 100 48 0 2 819
> 100 48 0 2 852
> 100 48 0 2 839
> 100 48 0 2 852
> 100 48 0 2 833
> 100 48 0 2 832
> 100 48 0 2 829
> 100 48 0 2 816
> 100 48 0 2 862
> 100 48 0 2 896
> 100 48 0 2 835
> 100 48 0 2 849
> 100 48 0 2 858
> 100 48 0 2 810
> 100 48 0 2 801
> 100 48 0 2 859
> 100 48 0 2 871
> 100 48 0 2 807
> 100 48 0 2 829
> 100 48 0 2 820
> 100 48 0 2 809
> 100 48 0 2 801
> 100 48 0 2 832
> 100 48 0 2 811
> 100 48 0 2 840
> 100 48 0 2 806
> 100 48 0 2 816
> 100 48 0 2 820
> 100 48 0 2 826
> 100 48 0 2 836
> 100 48 0 2 859
> 100 48 0 2 782
> 100 48 0 2 856
> 100 48 0 2 847
> 100 48 0 2 825
> 100 48 0 2 814
> 100 48 0 2 855
> 100 48 0 2 862
> 100 48 0 2 835
> 100 48 0 2 843
> 100 48 0 2 837
> 100 48 0 2 832
> 100 48 0 2 825
> 100 48 0 2 821
> 100 48 0 2 861
> 100 48 0 2 824
> 100 48 0 2 849
> 100 48 0 2 822
> 100 48 0 2 798
> 100 48 0 2 854
> 100 48 0 2 820
> 100 48 0 2 836
> 100 48 0 2 833
> 100 48 0 2 811
> 100 48 0 2 837
> 100 48 0 2 848
> 100 48 0 2 827
> 100 48 0 2 837
> 100 48 0 2 791
> 100 48 0 2 822
> 100 48 0 2 828
> 100 48 0 2 814
> 100 48 0 2 845
> 100 48 0 2 855
> 100 48 0 2 830
> 100 48 0 2 832
> 100 48 0 2 809
> 100 48 0 2 809
> 100 48 0 2 818
> 100 48 0 2 854
> 100 48 0 2 810
> 100 48 0 2 810
> 100 48 0 2 814
> 100 48 0 2 876
> 100 48 0 2 861
> 100 48 0 2 840
> 100 48 0 2 841
> 100 48 0 2 834
> 100 48 0 2 779
> 100 48 0 2 823
> 100 48 0 2 824
> 100 48 0 2 850
> 100 48 0 2 813
> 100 48 0 2 816
> 100 48 0 2 833
> 100 48 0 2 876
> 100 48 0 2 828
> 100 48 0 2 829
> 100 48 0 2 862
> 100 48 0 2 857
> 100 48 0 2 889
> 100 48 0 2 839
> 100 48 0 2 820
> 100 48 0 2 833
> 100 48 0 2 844
> 100 48 0 2 816
> 100 48 0 2 798
> 100 48 0 2 841
> 100 49 0 2 841
> 100 49 0 2 851
> 100 49 0 2 863
> 100 49 0 2 824
> 100 49 0 2 844
> 100 49 0 2 849
> 100 49 0 2 849
> 100 49 0 2 839
> 100 49 0 2 803
> 100 49 0 2 857
> 100 49 0 2 852
> 100 49 0 2 864
> 100 49 0 2 831
> 100 49 0 2 860
> 100 49 0 2 857
> 100 49 0 2 852
> 100 49 0 2 794
> 100 49 0 2 812
> 100 49 0 2 825
> 100 49 0 2 826
> 100 49 0 2 819
> 100 49 0 2 809
> 100 49 0 2 841
> 100 49 0 2 828
> 100 49 0 2 842
> 100 49 0 2 804
> 100 49 0 2 826
> 100 49 0 2 811
> 100 49 0 2 832
> 100 49 0 2 809
> 100 49 0 2 840
> 100 49 0 2 829
> 100 49 0 2 809
> 100 49 0 2 818
> 100 49 0 2 812
> 100 49 0 2 829
> 100 49 0 2 842
> 100 49 0 2 855
> 100 49 0 2 833
> 100 49 0 2 826
> 100 49 0 2 848
> 100 49 0 2 822
> 100 49 0 2 823
> 100 49 0 2 828
> 100 49 0 2 823
> 100 49 0 2 827
> 100 49 0 2 809
> 100 49 0 2 826
> 100 49 0 2 870
> 100 49 0 2 856
> 100 49 0 2 821
> 100 49 0 2 833
> 100 49 0 2 836
> 100 49 0 2 829
> 100 49 0 2 838
> 100 49 0 2 850
> 100 49 0 2 795
> 100 49 0 2 847
> 100 49 0 2 831
> 100 49 0 2 861
> 100 49 0 2 830
> 100 49 0 2 848
> 100 49 0 2 828
> 100 49 0 2 822
> 100 49 0 2 823
> 100 49 0 2 865
> 100 49 0 2 861
> 100 49 0 2 856
> 100 49 0 2 863
> 100 49 0 2 837
> 100 49 0 2 856
> 100 49 0 2 837
> 100 49 0 2 807
> 100 49 0 2 862
> 100 49 0 2 840
> 100 49 0 2 852
> 100 49 0 2 826
> 100 49 0 2 828
> 100 49 0 2 838
> 100 49 0 2 784
> 100 49 0 2 825
> 100 49 0 2 867
> 100 49 0 2 835
> 100 49 0 2 853
> 100 49 0 2 848
> 100 49 0 2 816
> 100 49 0 2 800
> 100 49 0 2 850
> 100 49 0 2 833
> 100 49 0 2 813
> 100 49 0 2 873
> 100 49 0 2 895
> 100 49 0 2 817
> 100 49 0 2 830
> 100 49 0 2 792
> 100 49 0 2 868
> 100 49 0 2 832
> 100 49 0 2 830
> 100 49 0 2 815
> 100 49 0 2 833
