> 100 1 0 2 142
> 100 1 0 2 150
> 100 1 0 2 142
> 100 1 0 2 142
> 100 1 0 2 167
> 100 1 0 2 139
> 100 1 0 2 126
> 100 1 0 2 153
> 100 1 0 2 155
> 100 1 0 2 159
> 100 1 0 2 154
> 100 1 0 2 156
> 100 1 0 2 158
> 100 1 0 2 144
> 100 1 0 2 129
> 100 1 0 2 163
> 100 1 0 2 144
> 100 1 0 2 144
> 100 1 0 2 167
> 100 1 0 2 139
> 100 1 0 2 140
> 100 1 0 2 146
> 100 1 0 2 128
> 100 1 0 2 152
> 100 1 0 2 143
> 100 1 0 2 127
> 100 1 0 2 152
> 100 1 0 2 142
> 100 1 0 2 130
> 100 1 0 2 157
> 100 1 0 2 156
> 100 1 0 2 132
> 100 1 0 2 141
> 100 1 0 2 153
> 100 1 0 2 155
> 100 1 0 2 144
> 100 1 0 2 176
> 100 1 0 2 150
> 100 1 0 2 141
> 100 1 0 2 153
> 100 1 0 2 157
> 100 1 0 2 135
> 100 1 0 2 112
> 100 1 0 2 118
> 100 1 0 2 166
> 100 1 0 2 156
> 100 1 0 2 156
> 100 1 0 2 131
> 100 1 0 2 127
> 100 1 0 2 160
> 100 1 0 2 151
> 100 1 0 2 162
> 100 1 0 2 138
> 100 1 0 2 165
> 100 1 0 2 145
> 100 1 0 2 171
> 100 1 0 2 147
> 100 1 0 2 143
> 100 1 0 2 145
> 100 1 0 2 131
> 100 1 0 2 128
> 100 1 0 2 136
> 100 1 0 2 149
> 100 1 0 2 166
> 100 1 0 2 146
> 100 1 0 2 139
> 100 1 0 2 164
> 100 1 0 2 147
> 100 1 0 2 168
> 100 1 0 2 144
> 100 1 0 2 149
> 100 1 0 2 142
> 100 1 0 2 151
> 100 1 0 2 133
> 100 1 0 2 147
> 100 1 0 2 123
> 100 1 0 2 149
> 100 1 0 2 161
> 100 1 0 2 140
> 100 1 0 2 168
> 100 1 0 2 165
> 100 1 0 2 164
> 100 1 0 2 157
> 100 1 0 2 134
> 100 1 0 2 138
> 100 1 0 2 137
> 100 1 0 2 136
> 100 1 0 2 119
> 100 1 0 2 163
> 100 1 0 2 130
> 100 1 0 2 138
> 100 1 0 2 130
> 100 1 0 2 143
> 100 1 0 2 130
> 100 1 0 2 156
> 100 1 0 2 146
> 100 1 0 2 148
> 100 1 0 2 162
> 100 1 0 2 143
> 100 1 0 2 159
> 100 2 0 2 204
> 100 2 0 2 204
> 100 2 0 2 197
> 100 2 0 2 248
> 100 2 0 2 194
> 100 2 0 2 238
> 100 2 0 2 196
> 100 2 0 2 207
> 100 2 0 2 233
> 100 2 0 2 233
> 100 2 0 2 232
> 100 2 0 2 181
> 100 2 0 2 254
> 100 2 0 2 185
> 100 2 0 2 206
> 100 2 0 2 219
> 100 2 0 2 195
> 100 2 0 2 196
> 100 2 0 2 190
> 100 2 0 2 218
> 100 2 0 2 214
> 100 2 0 2 186
> 100 2 0 2 227
> 100 2 0 2 199
> 100 2 0 2 182
> 100 2 0 2 193
> 100 2 0 2 231
> 100 2 0 2 204
> 100 2 0 2 231
> 100 2 0 2 237
> 100 2 0 2 229
> 100 2 0 2 234
> 100 2 0 2 203
> 100 2 0 2 217
> 100 2 0 2 201
> 100 2 0 2 219
> 100 2 0 2 207
> 100 2 0 2 228
> 100 2 0 2 216
> 100 2 0 2 219
> 100 2 0 2 222
> 100 2 0 2 243
> 100 2 0 2 236
> 100 2 0 2 224
> 100 2 0 2 239
> 100 2 0 2 241
> 100 2 0 2 220
> 100 2 0 2 224
> 100 2 0 2 236
> 100 2 0 2 221
> 100 2 0 2 204
> 100 2 0 2 227
> 100 2 0 2 223
> 100 2 0 2 210
> 100 2 0 2 235
> 100 2 0 2 195
> 100 2 0 2 198
> 100 2 0 2 212
> 100 2 0 2 204
> 100 2 0 2 207
> 100 2 0 2 207
> 100 2 0 2 231
> 100 2 0 2 212
> 100 2 0 2 223
> 100 2 0 2 172
> 100 2 0 2 220
> 100 2 0 2 244
> 100 2 0 2 205
> 100 2 0 2 174
> 100 2 0 2 201
> 100 2 0 2 231
> 100 2 0 2 228
> 100 2 0 2 213
> 100 2 0 2 246
> 100 2 0 2 234
> 100 2 0 2 220
> 100 2 0 2 251
> 100 2 0 2 174
> 100 2 0 2 207
> 100 2 0 2 240
> 100 2 0 2 218
> 100 2 0 2 226
> 100 2 0 2 223
> 100 2 0 2 235
> 100 2 0 2 202
> 100 2 0 2 201
> 100 2 0 2 221
> 100 2 0 2 196
> 100 2 0 2 211
> 100 2 0 2 193
> 100 2 0 2 211
> 100 2 0 2 207
> 100 2 0 2 209
> 100 2 0 2 238
> 100 2 0 2 238
> 100 2 0 2 224
> 100 2 0 2 229
> 100 2 0 2 207
> 100 2 0 2 227
> 100 2 0 2 220
> 100 3 0 2 269
> 100 3 0 2 248
> 100 3 0 2 236
> 100 3 0 2 242
> 100 3 0 2 272
> 100 3 0 2 270
> 100 3 0 2 237
> 100 3 0 2 245
> 100 3 0 2 267
> 100 3 0 2 243
> 100 3 0 2 288
> 100 3 0 2 285
> 100 3 0 2 266
> 100 3 0 2 261
> 100 3 0 2 266
> 100 3 0 2 245
> 100 3 0 2 279
> 100 3 0 2 233
> 100 3 0 2 249
> 100 3 0 2 222
> 100 3 0 2 270
> 100 3 0 2 244
> 100 3 0 2 274
> 100 3 0 2 265
> 100 3 0 2 262
> 100 3 0 2 249
> 100 3 0 2 233
> 100 3 0 2 250
> 100 3 0 2 190
> 100 3 0 2 251
> 100 3 0 2 266
> 100 3 0 2 257
> 100 3 0 2 275
> 100 3 0 2 248
> 100 3 0 2 267
> 100 3 0 2 267
> 100 3 0 2 235
> 100 3 0 2 225
> 100 3 0 2 230
> 100 3 0 2 226
> 100 3 0 2 283
> 100 3 0 2 284
> 100 3 0 2 284
> 100 3 0 2 267
> 100 3 0 2 273
> 100 3 0 2 248
> 100 3 0 2 253
> 100 3 0 2 244
> 100 3 0 2 249
> 100 3 0 2 285
> 100 3 0 2 218
> 100 3 0 2 249
> 100 3 0 2 229
> 100 3 0 2 223
> 100 3 0 2 256
> 100 3 0 2 263
> 100 3 0 2 218
> 100 3 0 2 259
> 100 3 0 2 231
> 100 3 0 2 280
> 100 3 0 2 244
> 100 3 0 2 249
> 100 3 0 2 270
> 100 3 0 2 284
> 100 3 0 2 234
> 100 3 0 2 279
> 100 3 0 2 276
> 100 3 0 2 262
> 100 3 0 2 247
> 100 3 0 2 265
> 100 3 0 2 287
> 100 3 0 2 269
> 100 3 0 2 282
> 100 3 0 2 247
> 100 3 0 2 286
> 100 3 0 2 299
> 100 3 0 2 241
> 100 3 0 2 226
> 100 3 0 2 250
> 100 3 0 2 253
> 100 3 0 2 279
> 100 3 0 2 272
> 100 3 0 2 228
> 100 3 0 2 292
> 100 3 0 2 217
> 100 3 0 2 276
> 100 3 0 2 276
> 100 3 0 2 245
> 100 3 0 2 251
> 100 3 0 2 227
> 100 3 0 2 275
> 100 3 0 2 278
> 100 3 0 2 276
> 100 3 0 2 240
> 100 3 0 2 274
> 100 3 0 2 259
> 100 3 0 2 252
> 100 3 0 2 258
> 100 3 0 2 287
> 100 3 0 2 230
> 100 4 0 2 318
> 100 4 0 2 241
> 100 4 0 2 264
> 100 4 0 2 296
> 100 4 0 2 264
> 100 4 0 2 300
> 100 4 0 2 264
> 100 4 0 2 277
> 100 4 0 2 305
> 100 4 0 2 322
> 100 4 0 2 290
> 100 4 0 2 294
> 100 4 0 2 263
> 100 4 0 2 290
> 100 4 0 2 270
> 100 4 0 2 282
> 100 4 0 2 256
> 100 4 0 2 285
> 100 4 0 2 319
> 100 4 0 2 322
> 100 4 0 2 239
> 100 4 0 2 242
> 100 4 0 2 308
> 100 4 0 2 315
> 100 4 0 2 269
> 100 4 0 2 292
> 100 4 0 2 314
> 100 4 0 2 272
> 100 4 0 2 267
> 100 4 0 2 292
> 100 4 0 2 237
> 100 4 0 2 302
> 100 4 0 2 271
> 100 4 0 2 302
> 100 4 0 2 243
> 100 4 0 2 276
> 100 4 0 2 233
> 100 4 0 2 288
> 100 4 0 2 287
> 100 4 0 2 295
> 100 4 0 2 265
> 100 4 0 2 287
> 100 4 0 2 251
> 100 4 0 2 307
> 100 4 0 2 284
> 100 4 0 2 304
> 100 4 0 2 276
> 100 4 0 2 287
> 100 4 0 2 276
> 100 4 0 2 276
> 100 4 0 2 282
> 100 4 0 2 288
> 100 4 0 2 265
> 100 4 0 2 235
> 100 4 0 2 284
> 100 4 0 2 299
> 100 4 0 2 263
> 100 4 0 2 290
> 100 4 0 2 311
> 100 4 0 2 256
> 100 4 0 2 302
> 100 4 0 2 275
> 100 4 0 2 315
> 100 4 0 2 273
> 100 4 0 2 255
> 100 4 0 2 301
> 100 4 0 2 319
> 100 4 0 2 276
> 100 4 0 2 300
> 100 4 0 2 254
> 100 4 0 2 318
> 100 4 0 2 319
> 100 4 0 2 293
> 100 4 0 2 299
> 100 4 0 2 244
> 100 4 0 2 304
> 100 4 0 2 273
> 100 4 0 2 273
> 100 4 0 2 291
> 100 4 0 2 318
> 100 4 0 2 293
> 100 4 0 2 312
> 100 4 0 2 282
> 100 4 0 2 248
> 100 4 0 2 284
> 100 4 0 2 288
> 100 4 0 2 268
> 100 4 0 2 291
> 100 4 0 2 286
> 100 4 0 2 260
> 100 4 0 2 272
> 100 4 0 2 289
> 100 4 0 2 324
> 100 4 0 2 241
> 100 4 0 2 253
> 100 4 0 2 287
> 100 4 0 2 282
> 100 4 0 2 272
> 100 4 0 2 288
> 100 4 0 2 292
> 100 5 0 2 299
> 100 5 0 2 253
> 100 5 0 2 324
> 100 5 0 2 328
> 100 5 0 2 296
> 100 5 0 2 304
> 100 5 0 2 270
> 100 5 0 2 320
> 100 5 0 2 320
> 100 5 0 2 294
> 100 5 0 2 293
> 100 5 0 2 348
> 100 5 0 2 290
> 100 5 0 2 329
> 100 5 0 2 289
> 100 5 0 2 276
> 100 5 0 2 319
> 100 5 0 2 269
> 100 5 0 2 311
> 100 5 0 2 290
> 100 5 0 2 294
> 100 5 0 2 302
> 100 5 0 2 307
> 100 5 0 2 296
> 100 5 0 2 304
> 100 5 0 2 269
> 100 5 0 2 295
> 100 5 0 2 304
> 100 5 0 2 317
> 100 5 0 2 294
> 100 5 0 2 273
> 100 5 0 2 310
> 100 5 0 2 325
> 100 5 0 2 299
> 100 5 0 2 255
> 100 5 0 2 332
> 100 5 0 2 290
> 100 5 0 2 305
> 100 5 0 2 304
> 100 5 0 2 314
> 100 5 0 2 243
> 100 5 0 2 292
> 100 5 0 2 284
> 100 5 0 2 308
> 100 5 0 2 292
> 100 5 0 2 267
> 100 5 0 2 308
> 100 5 0 2 314
> 100 5 0 2 292
> 100 5 0 2 294
> 100 5 0 2 319
> 100 5 0 2 302
> 100 5 0 2 285
> 100 5 0 2 330
> 100 5 0 2 280
> 100 5 0 2 328
> 100 5 0 2 341
> 100 5 0 2 299
> 100 5 0 2 331
> 100 5 0 2 254
> 100 5 0 2 299
> 100 5 0 2 295
> 100 5 0 2 298
> 100 5 0 2 319
> 100 5 0 2 303
> 100 5 0 2 310
> 100 5 0 2 266
> 100 5 0 2 256
> 100 5 0 2 307
> 100 5 0 2 310
> 100 5 0 2 305
> 100 5 0 2 286
> 100 5 0 2 271
> 100 5 0 2 288
> 100 5 0 2 281
> 100 5 0 2 316
> 100 5 0 2 305
> 100 5 0 2 283
> 100 5 0 2 300
> 100 5 0 2 305
> 100 5 0 2 239
> 100 5 0 2 273
> 100 5 0 2 303
> 100 5 0 2 278
> 100 5 0 2 251
> 100 5 0 2 301
> 100 5 0 2 295
> 100 5 0 2 292
> 100 5 0 2 329
> 100 5 0 2 336
> 100 5 0 2 242
> 100 5 0 2 304
> 100 5 0 2 285
> 100 5 0 2 264
> 100 5 0 2 275
> 100 5 0 2 306
> 100 5 0 2 307
> 100 5 0 2 290
> 100 5 0 2 315
> 100 5 0 2 260
> 100 6 0 2 305
> 100 6 0 2 246
> 100 6 0 2 305
> 100 6 0 2 329
> 100 6 0 2 343
> 100 6 0 2 266
> 100 6 0 2 279
> 100 6 0 2 238
> 100 6 0 2 333
> 100 6 0 2 271
> 100 6 0 2 329
> 100 6 0 2 292
> 100 6 0 2 302
> 100 6 0 2 266
> 100 6 0 2 248
> 100 6 0 2 359
> 100 6 0 2 311
> 100 6 0 2 278
> 100 6 0 2 312
> 100 6 0 2 309
> 100 6 0 2 284
> 100 6 0 2 293
> 100 6 0 2 326
> 100 6 0 2 317
> 100 6 0 2 243
> 100 6 0 2 340
> 100 6 0 2 280
> 100 6 0 2 319
> 100 6 0 2 307
> 100 6 0 2 326
> 100 6 0 2 344
> 100 6 0 2 308
> 100 6 0 2 327
> 100 6 0 2 288
> 100 6 0 2 260
> 100 6 0 2 290
> 100 6 0 2 241
> 100 6 0 2 281
> 100 6 0 2 295
> 100 6 0 2 342
> 100 6 0 2 316
> 100 6 0 2 276
> 100 6 0 2 277
> 100 6 0 2 338
> 100 6 0 2 303
> 100 6 0 2 302
> 100 6 0 2 293
> 100 6 0 2 342
> 100 6 0 2 318
> 100 6 0 2 295
> 100 6 0 2 340
> 100 6 0 2 342
> 100 6 0 2 277
> 100 6 0 2 333
> 100 6 0 2 285
> 100 6 0 2 336
> 100 6 0 2 291
> 100 6 0 2 328
> 100 6 0 2 276
> 100 6 0 2 293
> 100 6 0 2 302
> 100 6 0 2 342
> 100 6 0 2 287
> 100 6 0 2 285
> 100 6 0 2 305
> 100 6 0 2 330
> 100 6 0 2 290
> 100 6 0 2 315
> 100 6 0 2 354
> 100 6 0 2 286
> 100 6 0 2 317
> 100 6 0 2 307
> 100 6 0 2 323
> 100 6 0 2 284
> 100 6 0 2 355
> 100 6 0 2 283
> 100 6 0 2 299
> 100 6 0 2 262
> 100 6 0 2 310
> 100 6 0 2 327
> 100 6 0 2 315
> 100 6 0 2 260
> 100 6 0 2 305
> 100 6 0 2 296
> 100 6 0 2 337
> 100 6 0 2 304
> 100 6 0 2 267
> 100 6 0 2 308
> 100 6 0 2 306
> 100 6 0 2 294
> 100 6 0 2 279
> 100 6 0 2 326
> 100 6 0 2 297
> 100 6 0 2 332
> 100 6 0 2 338
> 100 6 0 2 339
> 100 6 0 2 300
> 100 6 0 2 286
> 100 6 0 2 297
> 100 6 0 2 323
> 100 7 0 2 325
> 100 7 0 2 309
> 100 7 0 2 370
> 100 7 0 2 343
> 100 7 0 2 313
> 100 7 0 2 290
> 100 7 0 2 298
> 100 7 0 2 373
> 100 7 0 2 335
> 100 7 0 2 290
> 100 7 0 2 339
> 100 7 0 2 330
> 100 7 0 2 269
> 100 7 0 2 320
> 100 7 0 2 344
> 100 7 0 2 370
> 100 7 0 2 271
> 100 7 0 2 312
> 100 7 0 2 304
> 100 7 0 2 301
> 100 7 0 2 337
> 100 7 0 2 336
> 100 7 0 2 251
> 100 7 0 2 339
> 100 7 0 2 368
> 100 7 0 2 304
> 100 7 0 2 350
> 100 7 0 2 271
> 100 7 0 2 272
> 100 7 0 2 286
> 100 7 0 2 304
> 100 7 0 2 349
> 100 7 0 2 326
> 100 7 0 2 304
> 100 7 0 2 336
> 100 7 0 2 275
> 100 7 0 2 349
> 100 7 0 2 316
> 100 7 0 2 289
> 100 7 0 2 306
> 100 7 0 2 367
> 100 7 0 2 284
> 100 7 0 2 339
> 100 7 0 2 276
> 100 7 0 2 360
> 100 7 0 2 264
> 100 7 0 2 339
> 100 7 0 2 298
> 100 7 0 2 315
> 100 7 0 2 275
> 100 7 0 2 308
> 100 7 0 2 393
> 100 7 0 2 383
> 100 7 0 2 328
> 100 7 0 2 300
> 100 7 0 2 294
> 100 7 0 2 300
> 100 7 0 2 330
> 100 7 0 2 327
> 100 7 0 2 337
> 100 7 0 2 296
> 100 7 0 2 325
> 100 7 0 2 336
> 100 7 0 2 301
> 100 7 0 2 304
> 100 7 0 2 301
> 100 7 0 2 276
> 100 7 0 2 318
> 100 7 0 2 306
> 100 7 0 2 299
> 100 7 0 2 265
> 100 7 0 2 299
> 100 7 0 2 309
> 100 7 0 2 320
> 100 7 0 2 333
> 100 7 0 2 287
> 100 7 0 2 330
> 100 7 0 2 257
> 100 7 0 2 309
> 100 7 0 2 290
> 100 7 0 2 319
> 100 7 0 2 326
> 100 7 0 2 326
> 100 7 0 2 283
> 100 7 0 2 306
> 100 7 0 2 290
> 100 7 0 2 373
> 100 7 0 2 342
> 100 7 0 2 338
> 100 7 0 2 309
> 100 7 0 2 332
> 100 7 0 2 274
> 100 7 0 2 302
> 100 7 0 2 265
> 100 7 0 2 254
> 100 7 0 2 279
> 100 7 0 2 342
> 100 7 0 2 260
> 100 7 0 2 265
> 100 7 0 2 339
> 100 8 0 2 286
> 100 8 0 2 282
> 100 8 0 2 335
> 100 8 0 2 363
> 100 8 0 2 334
> 100 8 0 2 289
> 100 8 0 2 375
> 100 8 0 2 303
> 100 8 0 2 339
> 100 8 0 2 317
> 100 8 0 2 296
> 100 8 0 2 353
> 100 8 0 2 352
> 100 8 0 2 313
> 100 8 0 2 314
> 100 8 0 2 360
> 100 8 0 2 312
> 100 8 0 2 328
> 100 8 0 2 312
> 100 8 0 2 351
> 100 8 0 2 367
> 100 8 0 2 279
> 100 8 0 2 297
> 100 8 0 2 368
> 100 8 0 2 351
> 100 8 0 2 405
> 100 8 0 2 338
> 100 8 0 2 316
> 100 8 0 2 345
> 100 8 0 2 314
> 100 8 0 2 303
> 100 8 0 2 300
> 100 8 0 2 272
> 100 8 0 2 317
> 100 8 0 2 361
> 100 8 0 2 306
> 100 8 0 2 362
> 100 8 0 2 309
> 100 8 0 2 315
> 100 8 0 2 343
> 100 8 0 2 292
> 100 8 0 2 293
> 100 8 0 2 334
> 100 8 0 2 317
> 100 8 0 2 337
> 100 8 0 2 340
> 100 8 0 2 353
> 100 8 0 2 330
> 100 8 0 2 302
> 100 8 0 2 296
> 100 8 0 2 395
> 100 8 0 2 366
> 100 8 0 2 342
> 100 8 0 2 340
> 100 8 0 2 360
> 100 8 0 2 318
> 100 8 0 2 343
> 100 8 0 2 333
> 100 8 0 2 322
> 100 8 0 2 306
> 100 8 0 2 352
> 100 8 0 2 279
> 100 8 0 2 302
> 100 8 0 2 346
> 100 8 0 2 320
> 100 8 0 2 316
> 100 8 0 2 355
> 100 8 0 2 323
> 100 8 0 2 273
> 100 8 0 2 348
> 100 8 0 2 345
> 100 8 0 2 334
> 100 8 0 2 301
> 100 8 0 2 342
> 100 8 0 2 364
> 100 8 0 2 318
> 100 8 0 2 330
> 100 8 0 2 331
> 100 8 0 2 352
> 100 8 0 2 338
> 100 8 0 2 328
> 100 8 0 2 334
> 100 8 0 2 297
> 100 8 0 2 335
> 100 8 0 2 290
> 100 8 0 2 303
> 100 8 0 2 284
> 100 8 0 2 271
> 100 8 0 2 331
> 100 8 0 2 330
> 100 8 0 2 355
> 100 8 0 2 332
> 100 8 0 2 332
> 100 8 0 2 326
> 100 8 0 2 289
> 100 8 0 2 353
> 100 8 0 2 328
> 100 8 0 2 339
> 100 8 0 2 329
> 100 8 0 2 306
> 100 9 0 2 335
> 100 9 0 2 293
> 100 9 0 2 334
> 100 9 0 2 311
> 100 9 0 2 362
> 100 9 0 2 316
> 100 9 0 2 352
> 100 9 0 2 376
> 100 9 0 2 317
> 100 9 0 2 326
> 100 9 0 2 364
> 100 9 0 2 324
> 100 9 0 2 277
> 100 9 0 2 301
> 100 9 0 2 306
> 100 9 0 2 293
> 100 9 0 2 308
> 100 9 0 2 346
> 100 9 0 2 360
> 100 9 0 2 324
> 100 9 0 2 328
> 100 9 0 2 354
> 100 9 0 2 344
> 100 9 0 2 286
> 100 9 0 2 316
> 100 9 0 2 339
> 100 9 0 2 319
> 100 9 0 2 320
> 100 9 0 2 370
> 100 9 0 2 307
> 100 9 0 2 279
> 100 9 0 2 341
> 100 9 0 2 347
> 100 9 0 2 380
> 100 9 0 2 295
> 100 9 0 2 332
> 100 9 0 2 336
> 100 9 0 2 392
> 100 9 0 2 305
> 100 9 0 2 361
> 100 9 0 2 347
> 100 9 0 2 377
> 100 9 0 2 329
> 100 9 0 2 328
> 100 9 0 2 348
> 100 9 0 2 334
> 100 9 0 2 298
> 100 9 0 2 321
> 100 9 0 2 391
> 100 9 0 2 343
> 100 9 0 2 335
> 100 9 0 2 353
> 100 9 0 2 301
> 100 9 0 2 321
> 100 9 0 2 338
> 100 9 0 2 283
> 100 9 0 2 305
> 100 9 0 2 318
> 100 9 0 2 303
> 100 9 0 2 314
> 100 9 0 2 367
> 100 9 0 2 331
> 100 9 0 2 330
> 100 9 0 2 312
> 100 9 0 2 327
> 100 9 0 2 326
> 100 9 0 2 359
> 100 9 0 2 340
> 100 9 0 2 343
> 100 9 0 2 316
> 100 9 0 2 332
> 100 9 0 2 328
> 100 9 0 2 354
> 100 9 0 2 312
> 100 9 0 2 319
> 100 9 0 2 281
> 100 9 0 2 339
> 100 9 0 2 378
> 100 9 0 2 399
> 100 9 0 2 332
> 100 9 0 2 349
> 100 9 0 2 307
> 100 9 0 2 341
> 100 9 0 2 334
> 100 9 0 2 321
> 100 9 0 2 330
> 100 9 0 2 332
> 100 9 0 2 349
> 100 9 0 2 271
> 100 9 0 2 360
> 100 9 0 2 351
> 100 9 0 2 333
> 100 9 0 2 353
> 100 9 0 2 268
> 100 9 0 2 384
> 100 9 0 2 260
> 100 9 0 2 332
> 100 9 0 2 285
> 100 9 0 2 315
> 100 9 0 2 315
> 100 10 0 2 322
> 100 10 0 2 358
> 100 10 0 2 337
> 100 10 0 2 347
> 100 10 0 2 314
> 100 10 0 2 308
> 100 10 0 2 349
> 100 10 0 2 337
> 100 10 0 2 304
> 100 10 0 2 362
> 100 10 0 2 316
> 100 10 0 2 273
> 100 10 0 2 354
> 100 10 0 2 354
> 100 10 0 2 342
> 100 10 0 2 355
> 100 10 0 2 338
> 100 10 0 2 328
> 100 10 0 2 311
> 100 10 0 2 338
> 100 10 0 2 313
> 100 10 0 2 334
> 100 10 0 2 322
> 100 10 0 2 333
> 100 10 0 2 317
> 100 10 0 2 322
> 100 10 0 2 339
> 100 10 0 2 284
> 100 10 0 2 314
> 100 10 0 2 327
> 100 10 0 2 324
> 100 10 0 2 321
> 100 10 0 2 346
> 100 10 0 2 359
> 100 10 0 2 354
> 100 10 0 2 257
> 100 10 0 2 315
> 100 10 0 2 338
> 100 10 0 2 318
> 100 10 0 2 318
> 100 10 0 2 334
> 100 10 0 2 330
> 100 10 0 2 372
> 100 10 0 2 304
> 100 10 0 2 359
> 100 10 0 2 306
> 100 10 0 2 333
> 100 10 0 2 359
> 100 10 0 2 297
> 100 10 0 2 314
> 100 10 0 2 334
> 100 10 0 2 302
> 100 10 0 2 345
> 100 10 0 2 364
> 100 10 0 2 366
> 100 10 0 2 356
> 100 10 0 2 306
> 100 10 0 2 342
> 100 10 0 2 328
> 100 10 0 2 366
> 100 10 0 2 338
> 100 10 0 2 305
> 100 10 0 2 339
> 100 10 0 2 332
> 100 10 0 2 336
> 100 10 0 2 324
> 100 10 0 2 367
> 100 10 0 2 374
> 100 10 0 2 338
> 100 10 0 2 343
> 100 10 0 2 313
> 100 10 0 2 322
> 100 10 0 2 348
> 100 10 0 2 306
> 100 10 0 2 343
> 100 10 0 2 331
> 100 10 0 2 360
> 100 10 0 2 351
> 100 10 0 2 359
> 100 10 0 2 319
> 100 10 0 2 348
> 100 10 0 2 329
> 100 10 0 2 288
> 100 10 0 2 307
> 100 10 0 2 353
> 100 10 0 2 342
> 100 10 0 2 321
> 100 10 0 2 305
> 100 10 0 2 340
> 100 10 0 2 352
> 100 10 0 2 379
> 100 10 0 2 352
> 100 10 0 2 273
> 100 10 0 2 335
> 100 10 0 2 276
> 100 10 0 2 324
> 100 10 0 2 294
> 100 10 0 2 307
> 100 10 0 2 342
> 100 10 0 2 316
