> 100 1 0 2 86
> 100 1 0 2 113
> 100 1 0 2 104
> 100 1 0 2 101
> 100 1 0 2 107
> 100 1 0 2 101
> 100 1 0 2 122
> 100 1 0 2 94
> 100 1 0 2 95
> 100 1 0 2 121
> 100 1 0 2 135
> 100 1 0 2 99
> 100 1 0 2 118
> 100 1 0 2 88
> 100 1 0 2 101
> 100 1 0 2 125
> 100 1 0 2 82
> 100 1 0 2 103
> 100 1 0 2 133
> 100 1 0 2 113
> 100 1 0 2 84
> 100 1 0 2 97
> 100 1 0 2 108
> 100 1 0 2 83
> 100 1 0 2 146
> 100 1 0 2 95
> 100 1 0 2 125
> 100 1 0 2 94
> 100 1 0 2 121
> 100 1 0 2 108
> 100 1 0 2 82
> 100 1 0 2 75
> 100 1 0 2 89
> 100 1 0 2 124
> 100 1 0 2 116
> 100 1 0 2 129
> 100 1 0 2 100
> 100 1 0 2 78
> 100 1 0 2 95
> 100 1 0 2 119
> 100 1 0 2 80
> 100 1 0 2 73
> 100 1 0 2 102
> 100 1 0 2 119
> 100 1 0 2 77
> 100 1 0 2 128
> 100 1 0 2 103
> 100 1 0 2 92
> 100 1 0 2 125
> 100 1 0 2 100
> 100 1 0 2 103
> 100 1 0 2 106
> 100 1 0 2 89
> 100 1 0 2 110
> 100 1 0 2 103
> 100 1 0 2 112
> 100 1 0 2 81
> 100 1 0 2 102
> 100 1 0 2 133
> 100 1 0 2 136
> 100 1 0 2 104
> 100 1 0 2 94
> 100 1 0 2 102
> 100 1 0 2 127
> 100 1 0 2 134
> 100 1 0 2 128
> 100 1 0 2 115
> 100 1 0 2 116
> 100 1 0 2 99
> 100 1 0 2 110
> 100 1 0 2 118
> 100 1 0 2 94
> 100 1 0 2 79
> 100 1 0 2 96
> 100 1 0 2 109
> 100 1 0 2 88
> 100 1 0 2 81
> 100 1 0 2 106
> 100 1 0 2 115
> 100 1 0 2 101
> 100 1 0 2 122
> 100 1 0 2 85
> 100 1 0 2 96
> 100 1 0 2 110
> 100 1 0 2 123
> 100 1 0 2 93
> 100 1 0 2 111
> 100 1 0 2 119
> 100 1 0 2 100
> 100 1 0 2 144
> 100 1 0 2 98
> 100 1 0 2 86
> 100 1 0 2 82
> 100 1 0 2 98
> 100 1 0 2 111
> 100 1 0 2 136
> 100 1 0 2 105
> 100 1 0 2 107
> 100 1 0 2 105
> 100 1 0 2 102
> 100 2 0 2 235
> 100 2 0 2 262
> 100 2 0 2 213
> 100 2 0 2 210
> 100 2 0 2 220
> 100 2 0 2 187
> 100 2 0 2 217
> 100 2 0 2 245
> 100 2 0 2 210
> 100 2 0 2 219
> 100 2 0 2 239
> 100 2 0 2 204
> 100 2 0 2 210
> 100 2 0 2 215
> 100 2 0 2 206
> 100 2 0 2 210
> 100 2 0 2 199
> 100 2 0 2 222
> 100 2 0 2 167
> 100 2 0 2 241
> 100 2 0 2 207
> 100 2 0 2 231
> 100 2 0 2 229
> 100 2 0 2 225
> 100 2 0 2 213
> 100 2 0 2 214
> 100 2 0 2 216
> 100 2 0 2 224
> 100 2 0 2 232
> 100 2 0 2 200
> 100 2 0 2 228
> 100 2 0 2 221
> 100 2 0 2 244
> 100 2 0 2 194
> 100 2 0 2 218
> 100 2 0 2 204
> 100 2 0 2 210
> 100 2 0 2 200
> 100 2 0 2 221
> 100 2 0 2 204
> 100 2 0 2 217
> 100 2 0 2 234
> 100 2 0 2 221
> 100 2 0 2 223
> 100 2 0 2 188
> 100 2 0 2 237
> 100 2 0 2 221
> 100 2 0 2 208
> 100 2 0 2 245
> 100 2 0 2 258
> 100 2 0 2 261
> 100 2 0 2 226
> 100 2 0 2 225
> 100 2 0 2 235
> 100 2 0 2 232
> 100 2 0 2 229
> 100 2 0 2 208
> 100 2 0 2 239
> 100 2 0 2 217
> 100 2 0 2 214
> 100 2 0 2 212
> 100 2 0 2 228
> 100 2 0 2 234
> 100 2 0 2 225
> 100 2 0 2 207
> 100 2 0 2 224
> 100 2 0 2 230
> 100 2 0 2 211
> 100 2 0 2 214
> 100 2 0 2 239
> 100 2 0 2 240
> 100 2 0 2 232
> 100 2 0 2 240
> 100 2 0 2 222
> 100 2 0 2 227
> 100 2 0 2 217
> 100 2 0 2 215
> 100 2 0 2 243
> 100 2 0 2 206
> 100 2 0 2 196
> 100 2 0 2 206
> 100 2 0 2 239
> 100 2 0 2 242
> 100 2 0 2 245
> 100 2 0 2 231
> 100 2 0 2 246
> 100 2 0 2 223
> 100 2 0 2 228
> 100 2 0 2 247
> 100 2 0 2 219
> 100 2 0 2 219
> 100 2 0 2 235
> 100 2 0 2 215
> 100 2 0 2 221
> 100 2 0 2 233
> 100 2 0 2 209
> 100 2 0 2 202
> 100 2 0 2 229
> 100 2 0 2 193
> 100 2 0 2 220
> 100 3 0 2 324
> 100 3 0 2 304
> 100 3 0 2 299
> 100 3 0 2 310
> 100 3 0 2 305
> 100 3 0 2 293
> 100 3 0 2 285
> 100 3 0 2 297
> 100 3 0 2 315
> 100 3 0 2 281
> 100 3 0 2 307
> 100 3 0 2 288
> 100 3 0 2 335
> 100 3 0 2 309
> 100 3 0 2 326
> 100 3 0 2 316
> 100 3 0 2 298
> 100 3 0 2 335
> 100 3 0 2 308
> 100 3 0 2 309
> 100 3 0 2 330
> 100 3 0 2 306
> 100 3 0 2 277
> 100 3 0 2 317
> 100 3 0 2 290
> 100 3 0 2 312
> 100 3 0 2 310
> 100 3 0 2 314
> 100 3 0 2 339
> 100 3 0 2 250
> 100 3 0 2 324
> 100 3 0 2 293
> 100 3 0 2 329
> 100 3 0 2 272
> 100 3 0 2 317
> 100 3 0 2 292
> 100 3 0 2 316
> 100 3 0 2 327
> 100 3 0 2 295
> 100 3 0 2 329
> 100 3 0 2 284
> 100 3 0 2 281
> 100 3 0 2 322
> 100 3 0 2 314
> 100 3 0 2 305
> 100 3 0 2 307
> 100 3 0 2 313
> 100 3 0 2 315
> 100 3 0 2 277
> 100 3 0 2 341
> 100 3 0 2 323
> 100 3 0 2 288
> 100 3 0 2 318
> 100 3 0 2 316
> 100 3 0 2 302
> 100 3 0 2 268
> 100 3 0 2 281
> 100 3 0 2 269
> 100 3 0 2 300
> 100 3 0 2 306
> 100 3 0 2 286
> 100 3 0 2 298
> 100 3 0 2 300
> 100 3 0 2 322
> 100 3 0 2 301
> 100 3 0 2 323
> 100 3 0 2 312
> 100 3 0 2 309
> 100 3 0 2 296
> 100 3 0 2 297
> 100 3 0 2 292
> 100 3 0 2 311
> 100 3 0 2 316
> 100 3 0 2 320
> 100 3 0 2 300
> 100 3 0 2 308
> 100 3 0 2 305
> 100 3 0 2 296
> 100 3 0 2 300
> 100 3 0 2 329
> 100 3 0 2 275
> 100 3 0 2 307
> 100 3 0 2 322
> 100 3 0 2 317
> 100 3 0 2 317
> 100 3 0 2 322
> 100 3 0 2 325
> 100 3 0 2 297
> 100 3 0 2 324
> 100 3 0 2 307
> 100 3 0 2 285
> 100 3 0 2 278
> 100 3 0 2 327
> 100 3 0 2 278
> 100 3 0 2 259
> 100 3 0 2 282
> 100 3 0 2 312
> 100 3 0 2 328
> 100 3 0 2 315
> 100 3 0 2 283
> 100 4 0 2 353
> 100 4 0 2 346
> 100 4 0 2 331
> 100 4 0 2 356
> 100 4 0 2 365
> 100 4 0 2 354
> 100 4 0 2 349
> 100 4 0 2 356
> 100 4 0 2 349
> 100 4 0 2 355
> 100 4 0 2 365
> 100 4 0 2 344
> 100 4 0 2 365
> 100 4 0 2 323
> 100 4 0 2 373
> 100 4 0 2 348
> 100 4 0 2 370
> 100 4 0 2 354
> 100 4 0 2 393
> 100 4 0 2 325
> 100 4 0 2 380
> 100 4 0 2 341
> 100 4 0 2 354
> 100 4 0 2 371
> 100 4 0 2 369
> 100 4 0 2 369
> 100 4 0 2 311
> 100 4 0 2 369
> 100 4 0 2 323
> 100 4 0 2 338
> 100 4 0 2 363
> 100 4 0 2 391
> 100 4 0 2 351
> 100 4 0 2 363
> 100 4 0 2 358
> 100 4 0 2 359
> 100 4 0 2 387
> 100 4 0 2 332
> 100 4 0 2 330
> 100 4 0 2 352
> 100 4 0 2 338
> 100 4 0 2 360
> 100 4 0 2 353
> 100 4 0 2 366
> 100 4 0 2 359
> 100 4 0 2 360
> 100 4 0 2 352
> 100 4 0 2 328
> 100 4 0 2 347
> 100 4 0 2 381
> 100 4 0 2 347
> 100 4 0 2 369
> 100 4 0 2 399
> 100 4 0 2 344
> 100 4 0 2 357
> 100 4 0 2 341
> 100 4 0 2 342
> 100 4 0 2 330
> 100 4 0 2 363
> 100 4 0 2 357
> 100 4 0 2 339
> 100 4 0 2 339
> 100 4 0 2 398
> 100 4 0 2 347
> 100 4 0 2 333
> 100 4 0 2 366
> 100 4 0 2 354
> 100 4 0 2 360
> 100 4 0 2 356
> 100 4 0 2 326
> 100 4 0 2 370
> 100 4 0 2 351
> 100 4 0 2 344
> 100 4 0 2 367
> 100 4 0 2 361
> 100 4 0 2 367
> 100 4 0 2 378
> 100 4 0 2 329
> 100 4 0 2 363
> 100 4 0 2 358
> 100 4 0 2 370
> 100 4 0 2 346
> 100 4 0 2 343
> 100 4 0 2 377
> 100 4 0 2 338
> 100 4 0 2 350
> 100 4 0 2 344
> 100 4 0 2 368
> 100 4 0 2 367
> 100 4 0 2 365
> 100 4 0 2 374
> 100 4 0 2 380
> 100 4 0 2 377
> 100 4 0 2 378
> 100 4 0 2 360
> 100 4 0 2 352
> 100 4 0 2 344
> 100 4 0 2 342
> 100 4 0 2 345
> 100 4 0 2 328
> 100 5 0 2 355
> 100 5 0 2 417
> 100 5 0 2 393
> 100 5 0 2 400
> 100 5 0 2 362
> 100 5 0 2 408
> 100 5 0 2 381
> 100 5 0 2 416
> 100 5 0 2 393
> 100 5 0 2 401
> 100 5 0 2 397
> 100 5 0 2 390
> 100 5 0 2 387
> 100 5 0 2 400
> 100 5 0 2 350
> 100 5 0 2 376
> 100 5 0 2 402
> 100 5 0 2 372
> 100 5 0 2 408
> 100 5 0 2 413
> 100 5 0 2 407
> 100 5 0 2 402
> 100 5 0 2 399
> 100 5 0 2 401
> 100 5 0 2 391
> 100 5 0 2 392
> 100 5 0 2 424
> 100 5 0 2 365
> 100 5 0 2 373
> 100 5 0 2 419
> 100 5 0 2 398
> 100 5 0 2 404
> 100 5 0 2 416
> 100 5 0 2 391
> 100 5 0 2 410
> 100 5 0 2 376
> 100 5 0 2 390
> 100 5 0 2 391
> 100 5 0 2 397
> 100 5 0 2 408
> 100 5 0 2 392
> 100 5 0 2 409
> 100 5 0 2 406
> 100 5 0 2 373
> 100 5 0 2 402
> 100 5 0 2 409
> 100 5 0 2 385
> 100 5 0 2 417
> 100 5 0 2 382
> 100 5 0 2 414
> 100 5 0 2 377
> 100 5 0 2 417
> 100 5 0 2 392
> 100 5 0 2 409
> 100 5 0 2 399
> 100 5 0 2 405
> 100 5 0 2 403
> 100 5 0 2 415
> 100 5 0 2 366
> 100 5 0 2 417
> 100 5 0 2 380
> 100 5 0 2 385
> 100 5 0 2 378
> 100 5 0 2 408
> 100 5 0 2 429
> 100 5 0 2 378
> 100 5 0 2 390
> 100 5 0 2 410
> 100 5 0 2 404
> 100 5 0 2 417
> 100 5 0 2 396
> 100 5 0 2 375
> 100 5 0 2 426
> 100 5 0 2 407
> 100 5 0 2 382
> 100 5 0 2 395
> 100 5 0 2 389
> 100 5 0 2 417
> 100 5 0 2 392
> 100 5 0 2 386
> 100 5 0 2 427
> 100 5 0 2 399
> 100 5 0 2 408
> 100 5 0 2 398
> 100 5 0 2 392
> 100 5 0 2 411
> 100 5 0 2 418
> 100 5 0 2 390
> 100 5 0 2 419
> 100 5 0 2 394
> 100 5 0 2 408
> 100 5 0 2 419
> 100 5 0 2 393
> 100 5 0 2 401
> 100 5 0 2 365
> 100 5 0 2 408
> 100 5 0 2 373
> 100 5 0 2 399
> 100 5 0 2 407
> 100 5 0 2 363
> 100 6 0 2 404
> 100 6 0 2 429
> 100 6 0 2 421
> 100 6 0 2 415
> 100 6 0 2 464
> 100 6 0 2 436
> 100 6 0 2 445
> 100 6 0 2 452
> 100 6 0 2 420
> 100 6 0 2 406
> 100 6 0 2 413
> 100 6 0 2 439
> 100 6 0 2 438
> 100 6 0 2 437
> 100 6 0 2 444
> 100 6 0 2 410
> 100 6 0 2 425
> 100 6 0 2 414
> 100 6 0 2 424
> 100 6 0 2 415
> 100 6 0 2 436
> 100 6 0 2 435
> 100 6 0 2 421
> 100 6 0 2 429
> 100 6 0 2 429
> 100 6 0 2 404
> 100 6 0 2 441
> 100 6 0 2 408
> 100 6 0 2 417
> 100 6 0 2 416
> 100 6 0 2 429
> 100 6 0 2 427
> 100 6 0 2 429
> 100 6 0 2 407
> 100 6 0 2 463
> 100 6 0 2 436
> 100 6 0 2 429
> 100 6 0 2 433
> 100 6 0 2 417
> 100 6 0 2 443
> 100 6 0 2 453
> 100 6 0 2 473
> 100 6 0 2 423
> 100 6 0 2 427
> 100 6 0 2 419
> 100 6 0 2 424
> 100 6 0 2 419
> 100 6 0 2 424
> 100 6 0 2 414
> 100 6 0 2 448
> 100 6 0 2 431
> 100 6 0 2 452
> 100 6 0 2 446
> 100 6 0 2 392
> 100 6 0 2 431
> 100 6 0 2 441
> 100 6 0 2 434
> 100 6 0 2 444
> 100 6 0 2 419
> 100 6 0 2 418
> 100 6 0 2 447
> 100 6 0 2 418
> 100 6 0 2 416
> 100 6 0 2 440
> 100 6 0 2 415
> 100 6 0 2 406
> 100 6 0 2 426
> 100 6 0 2 435
> 100 6 0 2 442
> 100 6 0 2 397
> 100 6 0 2 435
> 100 6 0 2 424
> 100 6 0 2 427
> 100 6 0 2 428
> 100 6 0 2 423
> 100 6 0 2 412
> 100 6 0 2 405
> 100 6 0 2 437
> 100 6 0 2 415
> 100 6 0 2 426
> 100 6 0 2 446
> 100 6 0 2 422
> 100 6 0 2 399
> 100 6 0 2 413
> 100 6 0 2 450
> 100 6 0 2 441
> 100 6 0 2 435
> 100 6 0 2 422
> 100 6 0 2 440
> 100 6 0 2 445
> 100 6 0 2 442
> 100 6 0 2 445
> 100 6 0 2 417
> 100 6 0 2 390
> 100 6 0 2 417
> 100 6 0 2 418
> 100 6 0 2 421
> 100 6 0 2 434
> 100 6 0 2 428
> 100 6 0 2 420
> 100 7 0 2 470
> 100 7 0 2 458
> 100 7 0 2 442
> 100 7 0 2 469
> 100 7 0 2 426
> 100 7 0 2 450
> 100 7 0 2 422
> 100 7 0 2 446
> 100 7 0 2 438
> 100 7 0 2 451
> 100 7 0 2 471
> 100 7 0 2 458
> 100 7 0 2 440
> 100 7 0 2 455
> 100 7 0 2 483
> 100 7 0 2 430
> 100 7 0 2 462
> 100 7 0 2 478
> 100 7 0 2 449
> 100 7 0 2 435
> 100 7 0 2 442
> 100 7 0 2 429
> 100 7 0 2 460
> 100 7 0 2 467
> 100 7 0 2 459
> 100 7 0 2 430
> 100 7 0 2 447
> 100 7 0 2 463
> 100 7 0 2 475
> 100 7 0 2 464
> 100 7 0 2 446
> 100 7 0 2 476
> 100 7 0 2 448
> 100 7 0 2 437
> 100 7 0 2 426
> 100 7 0 2 454
> 100 7 0 2 454
> 100 7 0 2 435
> 100 7 0 2 462
> 100 7 0 2 440
> 100 7 0 2 421
> 100 7 0 2 445
> 100 7 0 2 450
> 100 7 0 2 455
> 100 7 0 2 476
> 100 7 0 2 478
> 100 7 0 2 475
> 100 7 0 2 455
> 100 7 0 2 434
> 100 7 0 2 471
> 100 7 0 2 485
> 100 7 0 2 472
> 100 7 0 2 448
> 100 7 0 2 460
> 100 7 0 2 463
> 100 7 0 2 440
> 100 7 0 2 453
> 100 7 0 2 452
> 100 7 0 2 474
> 100 7 0 2 464
> 100 7 0 2 462
> 100 7 0 2 465
> 100 7 0 2 460
> 100 7 0 2 458
> 100 7 0 2 435
> 100 7 0 2 429
> 100 7 0 2 451
> 100 7 0 2 427
> 100 7 0 2 457
> 100 7 0 2 456
> 100 7 0 2 470
> 100 7 0 2 476
> 100 7 0 2 496
> 100 7 0 2 444
> 100 7 0 2 478
> 100 7 0 2 455
> 100 7 0 2 481
> 100 7 0 2 461
> 100 7 0 2 464
> 100 7 0 2 447
> 100 7 0 2 469
> 100 7 0 2 450
> 100 7 0 2 472
> 100 7 0 2 443
> 100 7 0 2 476
> 100 7 0 2 432
> 100 7 0 2 467
> 100 7 0 2 459
> 100 7 0 2 487
> 100 7 0 2 481
> 100 7 0 2 488
> 100 7 0 2 472
> 100 7 0 2 441
> 100 7 0 2 454
> 100 7 0 2 459
> 100 7 0 2 435
> 100 7 0 2 446
> 100 7 0 2 466
> 100 7 0 2 436
> 100 7 0 2 461
> 100 8 0 2 478
> 100 8 0 2 503
> 100 8 0 2 486
> 100 8 0 2 466
> 100 8 0 2 469
> 100 8 0 2 456
> 100 8 0 2 471
> 100 8 0 2 483
> 100 8 0 2 490
> 100 8 0 2 478
> 100 8 0 2 477
> 100 8 0 2 479
> 100 8 0 2 501
> 100 8 0 2 458
> 100 8 0 2 506
> 100 8 0 2 474
> 100 8 0 2 485
> 100 8 0 2 490
> 100 8 0 2 465
> 100 8 0 2 474
> 100 8 0 2 463
> 100 8 0 2 467
> 100 8 0 2 495
> 100 8 0 2 494
> 100 8 0 2 481
> 100 8 0 2 459
> 100 8 0 2 483
> 100 8 0 2 492
> 100 8 0 2 474
> 100 8 0 2 493
> 100 8 0 2 504
> 100 8 0 2 463
> 100 8 0 2 491
> 100 8 0 2 489
> 100 8 0 2 465
> 100 8 0 2 465
> 100 8 0 2 475
> 100 8 0 2 456
> 100 8 0 2 481
> 100 8 0 2 459
> 100 8 0 2 463
> 100 8 0 2 498
> 100 8 0 2 482
> 100 8 0 2 458
> 100 8 0 2 535
> 100 8 0 2 468
> 100 8 0 2 501
> 100 8 0 2 493
> 100 8 0 2 467
> 100 8 0 2 493
> 100 8 0 2 506
> 100 8 0 2 497
> 100 8 0 2 497
> 100 8 0 2 488
> 100 8 0 2 479
> 100 8 0 2 480
> 100 8 0 2 469
> 100 8 0 2 505
> 100 8 0 2 474
> 100 8 0 2 455
> 100 8 0 2 477
> 100 8 0 2 490
> 100 8 0 2 439
> 100 8 0 2 487
> 100 8 0 2 453
> 100 8 0 2 461
> 100 8 0 2 497
> 100 8 0 2 470
> 100 8 0 2 464
> 100 8 0 2 484
> 100 8 0 2 457
> 100 8 0 2 503
> 100 8 0 2 477
> 100 8 0 2 480
> 100 8 0 2 495
> 100 8 0 2 452
> 100 8 0 2 495
> 100 8 0 2 481
> 100 8 0 2 461
> 100 8 0 2 501
> 100 8 0 2 468
> 100 8 0 2 494
> 100 8 0 2 479
> 100 8 0 2 502
> 100 8 0 2 497
> 100 8 0 2 484
> 100 8 0 2 499
> 100 8 0 2 482
> 100 8 0 2 463
> 100 8 0 2 496
> 100 8 0 2 470
> 100 8 0 2 454
> 100 8 0 2 470
> 100 8 0 2 463
> 100 8 0 2 462
> 100 8 0 2 460
> 100 8 0 2 483
> 100 8 0 2 439
> 100 8 0 2 423
> 100 8 0 2 466
> 100 9 0 2 499
> 100 9 0 2 509
> 100 9 0 2 507
> 100 9 0 2 518
> 100 9 0 2 479
> 100 9 0 2 497
> 100 9 0 2 510
> 100 9 0 2 509
> 100 9 0 2 503
> 100 9 0 2 503
> 100 9 0 2 488
> 100 9 0 2 521
> 100 9 0 2 496
> 100 9 0 2 450
> 100 9 0 2 499
> 100 9 0 2 507
> 100 9 0 2 491
> 100 9 0 2 470
> 100 9 0 2 513
> 100 9 0 2 497
> 100 9 0 2 505
> 100 9 0 2 470
> 100 9 0 2 473
> 100 9 0 2 499
> 100 9 0 2 481
> 100 9 0 2 449
> 100 9 0 2 497
> 100 9 0 2 533
> 100 9 0 2 489
> 100 9 0 2 484
> 100 9 0 2 492
> 100 9 0 2 521
> 100 9 0 2 517
> 100 9 0 2 472
> 100 9 0 2 498
> 100 9 0 2 492
> 100 9 0 2 507
> 100 9 0 2 468
> 100 9 0 2 515
> 100 9 0 2 509
> 100 9 0 2 540
> 100 9 0 2 471
> 100 9 0 2 492
> 100 9 0 2 485
> 100 9 0 2 503
> 100 9 0 2 504
> 100 9 0 2 479
> 100 9 0 2 483
> 100 9 0 2 512
> 100 9 0 2 485
> 100 9 0 2 512
> 100 9 0 2 481
> 100 9 0 2 514
> 100 9 0 2 487
> 100 9 0 2 527
> 100 9 0 2 524
> 100 9 0 2 479
> 100 9 0 2 496
> 100 9 0 2 490
> 100 9 0 2 512
> 100 9 0 2 509
> 100 9 0 2 472
> 100 9 0 2 482
> 100 9 0 2 526
> 100 9 0 2 486
> 100 9 0 2 495
> 100 9 0 2 481
> 100 9 0 2 491
> 100 9 0 2 469
> 100 9 0 2 481
> 100 9 0 2 508
> 100 9 0 2 492
> 100 9 0 2 494
> 100 9 0 2 513
> 100 9 0 2 482
> 100 9 0 2 514
> 100 9 0 2 512
> 100 9 0 2 520
> 100 9 0 2 477
> 100 9 0 2 485
> 100 9 0 2 503
> 100 9 0 2 501
> 100 9 0 2 465
> 100 9 0 2 489
> 100 9 0 2 500
> 100 9 0 2 495
> 100 9 0 2 480
> 100 9 0 2 502
> 100 9 0 2 483
> 100 9 0 2 493
> 100 9 0 2 472
> 100 9 0 2 481
> 100 9 0 2 505
> 100 9 0 2 492
> 100 9 0 2 484
> 100 9 0 2 505
> 100 9 0 2 509
> 100 9 0 2 497
> 100 9 0 2 505
> 100 9 0 2 481
> 100 10 0 2 521
> 100 10 0 2 500
> 100 10 0 2 539
> 100 10 0 2 489
> 100 10 0 2 534
> 100 10 0 2 522
> 100 10 0 2 531
> 100 10 0 2 532
> 100 10 0 2 504
> 100 10 0 2 495
> 100 10 0 2 512
> 100 10 0 2 495
> 100 10 0 2 504
> 100 10 0 2 525
> 100 10 0 2 513
> 100 10 0 2 510
> 100 10 0 2 490
> 100 10 0 2 532
> 100 10 0 2 501
> 100 10 0 2 494
> 100 10 0 2 496
> 100 10 0 2 528
> 100 10 0 2 522
> 100 10 0 2 518
> 100 10 0 2 480
> 100 10 0 2 531
> 100 10 0 2 510
> 100 10 0 2 534
> 100 10 0 2 515
> 100 10 0 2 561
> 100 10 0 2 527
> 100 10 0 2 512
> 100 10 0 2 524
> 100 10 0 2 544
> 100 10 0 2 509
> 100 10 0 2 521
> 100 10 0 2 515
> 100 10 0 2 514
> 100 10 0 2 497
> 100 10 0 2 507
> 100 10 0 2 512
> 100 10 0 2 478
> 100 10 0 2 526
> 100 10 0 2 502
> 100 10 0 2 518
> 100 10 0 2 492
> 100 10 0 2 520
> 100 10 0 2 494
> 100 10 0 2 501
> 100 10 0 2 532
> 100 10 0 2 540
> 100 10 0 2 491
> 100 10 0 2 500
> 100 10 0 2 523
> 100 10 0 2 513
> 100 10 0 2 503
> 100 10 0 2 521
> 100 10 0 2 500
> 100 10 0 2 520
> 100 10 0 2 536
> 100 10 0 2 530
> 100 10 0 2 490
> 100 10 0 2 487
> 100 10 0 2 524
> 100 10 0 2 533
> 100 10 0 2 509
> 100 10 0 2 549
> 100 10 0 2 493
> 100 10 0 2 520
> 100 10 0 2 510
> 100 10 0 2 520
> 100 10 0 2 538
> 100 10 0 2 535
> 100 10 0 2 537
> 100 10 0 2 524
> 100 10 0 2 519
> 100 10 0 2 532
> 100 10 0 2 509
> 100 10 0 2 523
> 100 10 0 2 514
> 100 10 0 2 525
> 100 10 0 2 533
> 100 10 0 2 528
> 100 10 0 2 459
> 100 10 0 2 555
> 100 10 0 2 474
> 100 10 0 2 494
> 100 10 0 2 517
> 100 10 0 2 540
> 100 10 0 2 509
> 100 10 0 2 517
> 100 10 0 2 512
> 100 10 0 2 512
> 100 10 0 2 487
> 100 10 0 2 506
> 100 10 0 2 489
> 100 10 0 2 527
> 100 10 0 2 515
> 100 10 0 2 496
> 100 10 0 2 518
