> 50 10 0 2 12482
> 50 10 0 2 19129
> 50 10 0 2 20725
> 50 10 0 2 16375
> 50 10 0 2 22528
> 50 10 0 2 17835
> 50 10 0 2 18105
> 50 10 0 2 10245
> 50 10 0 2 13079
> 50 10 0 2 11493
> 50 10 0 2 15319
> 50 10 0 2 24130
> 50 10 0 2 18859
> 50 10 0 2 9159
> 50 10 0 2 15113
> 50 10 0 2 11232
> 50 10 0 2 11328
> 50 10 0 2 15878
> 50 10 0 2 10633
> 50 10 0 2 26074
> 50 10 0 2 17613
> 50 10 0 2 22584
> 50 10 0 2 12457
> 50 10 0 2 8359
> 50 10 0 2 20065
> 50 10 0 2 20564
> 50 10 0 2 14498
> 50 10 0 2 26417
> 50 10 0 2 20152
> 50 10 0 2 23347
> 50 10 0 2 10936
> 50 10 0 2 19459
> 50 10 0 2 13941
> 50 10 0 2 16365
> 50 10 0 2 23841
> 50 10 0 2 26250
> 50 10 0 2 11511
> 50 10 0 2 19904
> 50 10 0 2 14583
> 50 10 0 2 13426
> 50 10 0 2 12197
> 50 10 0 2 10544
> 50 10 0 2 20388
> 50 10 0 2 12017
> 50 10 0 2 24353
> 50 10 0 2 22507
> 50 10 0 2 13708
> 50 10 0 2 19120
> 50 10 0 2 10374
> 50 10 0 2 19651
> 50 10 0 2 15732
> 50 10 0 2 20826
> 50 10 0 2 17533
> 50 10 0 2 28331
> 50 10 0 2 11471
> 50 10 0 2 26110
> 50 10 0 2 14133
> 50 10 0 2 18854
> 50 10 0 2 18512
> 50 10 0 2 15074
> 50 10 0 2 21188
> 50 10 0 2 16004
> 50 10 0 2 11800
> 50 10 0 2 15368
> 50 10 0 2 14814
> 50 10 0 2 18578
> 50 10 0 2 15199
> 50 10 0 2 17232
> 50 10 0 2 25400
> 50 10 0 2 19866
> 50 10 0 2 8951
> 50 10 0 2 17474
> 50 10 0 2 17379
> 50 10 0 2 15002
> 50 10 0 2 18592
> 50 10 0 2 17051
> 50 10 0 2 11800
> 50 10 0 2 21399
> 50 10 0 2 13350
> 50 10 0 2 15184
> 50 10 0 2 16258
> 50 10 0 2 13719
> 50 10 0 2 13255
> 50 10 0 2 15442
> 50 10 0 2 24919
> 50 10 0 2 17516
> 50 10 0 2 17557
> 50 10 0 2 26597
> 50 10 0 2 16966
> 50 10 0 2 21148
> 50 10 0 2 22234
> 50 10 0 2 15548
> 50 10 0 2 25721
> 50 10 0 2 12173
> 50 10 0 2 16199
> 50 10 0 2 13217
> 50 10 0 2 35671
> 50 10 0 2 11767
> 50 10 0 2 23283
> 50 10 0 2 20250
