> 100 5 0 1 428
> 100 5 0 1 416
> 100 5 0 1 435
> 100 5 0 1 417
> 100 5 0 1 409
> 100 5 0 1 452
> 100 5 0 1 443
> 100 5 0 1 441
> 100 5 0 1 444
> 100 5 0 1 416
> 100 5 0 1 417
> 100 5 0 1 432
> 100 5 0 1 432
> 100 5 0 1 414
> 100 5 0 1 418
> 100 5 0 1 429
> 100 5 0 1 417
> 100 5 0 1 418
> 100 5 0 1 431
> 100 5 0 1 442
> 100 5 0 1 414
> 100 5 0 1 401
> 100 5 0 1 431
> 100 5 0 1 456
> 100 5 0 1 421
> 100 5 0 1 441
> 100 5 0 1 403
> 100 5 0 1 431
> 100 5 0 1 433
> 100 5 0 1 449
> 100 5 0 1 435
> 100 5 0 1 425
> 100 5 0 1 443
> 100 5 0 1 433
> 100 5 0 1 423
> 100 5 0 1 415
> 100 5 0 1 420
> 100 5 0 1 416
> 100 5 0 1 421
> 100 5 0 1 411
> 100 5 0 1 440
> 100 5 0 1 405
> 100 5 0 1 414
> 100 5 0 1 424
> 100 5 0 1 430
> 100 5 0 1 447
> 100 5 0 1 398
> 100 5 0 1 414
> 100 5 0 1 443
> 100 5 0 1 453
> 100 5 0 1 432
> 100 5 0 1 414
> 100 5 0 1 412
> 100 5 0 1 423
> 100 5 0 1 407
> 100 5 0 1 434
> 100 5 0 1 412
> 100 5 0 1 406
> 100 5 0 1 433
> 100 5 0 1 386
> 100 5 0 1 416
> 100 5 0 1 390
> 100 5 0 1 433
> 100 5 0 1 412
> 100 5 0 1 419
> 100 5 0 1 443
> 100 5 0 1 435
> 100 5 0 1 405
> 100 5 0 1 437
> 100 5 0 1 442
> 100 5 0 1 429
> 100 5 0 1 434
> 100 5 0 1 413
> 100 5 0 1 438
> 100 5 0 1 429
> 100 5 0 1 427
> 100 5 0 1 443
> 100 5 0 1 435
> 100 5 0 1 432
> 100 5 0 1 435
> 100 5 0 1 418
> 100 5 0 1 431
> 100 5 0 1 394
> 100 5 0 1 425
> 100 5 0 1 424
> 100 5 0 1 426
> 100 5 0 1 420
> 100 5 0 1 421
> 100 5 0 1 427
> 100 5 0 1 410
> 100 5 0 1 444
> 100 5 0 1 427
> 100 5 0 1 416
> 100 5 0 1 416
> 100 5 0 1 417
> 100 5 0 1 450
> 100 5 0 1 430
> 100 5 0 1 422
> 100 5 0 1 420
> 100 5 0 1 458
> 100 5 0 2 438
> 100 5 0 2 423
> 100 5 0 2 427
> 100 5 0 2 418
> 100 5 0 2 429
> 100 5 0 2 422
> 100 5 0 2 418
> 100 5 0 2 425
> 100 5 0 2 425
> 100 5 0 2 427
> 100 5 0 2 428
> 100 5 0 2 434
> 100 5 0 2 418
> 100 5 0 2 419
> 100 5 0 2 433
> 100 5 0 2 409
> 100 5 0 2 422
> 100 5 0 2 417
> 100 5 0 2 417
> 100 5 0 2 428
> 100 5 0 2 414
> 100 5 0 2 425
> 100 5 0 2 417
> 100 5 0 2 423
> 100 5 0 2 424
> 100 5 0 2 428
> 100 5 0 2 426
> 100 5 0 2 419
> 100 5 0 2 424
> 100 5 0 2 422
> 100 5 0 2 413
> 100 5 0 2 411
> 100 5 0 2 415
> 100 5 0 2 421
> 100 5 0 2 426
> 100 5 0 2 426
> 100 5 0 2 424
> 100 5 0 2 419
> 100 5 0 2 411
> 100 5 0 2 423
> 100 5 0 2 414
> 100 5 0 2 426
> 100 5 0 2 421
> 100 5 0 2 431
> 100 5 0 2 436
> 100 5 0 2 424
> 100 5 0 2 416
> 100 5 0 2 420
> 100 5 0 2 429
> 100 5 0 2 418
> 100 5 0 2 407
> 100 5 0 2 436
> 100 5 0 2 420
> 100 5 0 2 422
> 100 5 0 2 421
> 100 5 0 2 423
> 100 5 0 2 422
> 100 5 0 2 418
> 100 5 0 2 422
> 100 5 0 2 416
> 100 5 0 2 420
> 100 5 0 2 423
> 100 5 0 2 435
> 100 5 0 2 416
> 100 5 0 2 404
> 100 5 0 2 418
> 100 5 0 2 426
> 100 5 0 2 417
> 100 5 0 2 432
> 100 5 0 2 416
> 100 5 0 2 422
> 100 5 0 2 421
> 100 5 0 2 430
> 100 5 0 2 417
> 100 5 0 2 420
> 100 5 0 2 436
> 100 5 0 2 425
> 100 5 0 2 412
> 100 5 0 2 423
> 100 5 0 2 424
> 100 5 0 2 424
> 100 5 0 2 427
> 100 5 0 2 410
> 100 5 0 2 411
> 100 5 0 2 419
> 100 5 0 2 400
> 100 5 0 2 412
> 100 5 0 2 425
> 100 5 0 2 421
> 100 5 0 2 419
> 100 5 0 2 433
> 100 5 0 2 425
> 100 5 0 2 415
> 100 5 0 2 428
> 100 5 0 2 425
> 100 5 0 2 416
> 100 5 0 2 433
> 100 5 0 2 431
> 100 5 0 2 417
> 100 5 0 2 420
> 100 5 0 3 425
> 100 5 0 3 430
> 100 5 0 3 431
> 100 5 0 3 418
> 100 5 0 3 431
> 100 5 0 3 431
> 100 5 0 3 427
> 100 5 0 3 407
> 100 5 0 3 436
> 100 5 0 3 417
> 100 5 0 3 437
> 100 5 0 3 426
> 100 5 0 3 424
> 100 5 0 3 431
> 100 5 0 3 418
> 100 5 0 3 426
> 100 5 0 3 423
> 100 5 0 3 412
> 100 5 0 3 428
> 100 5 0 3 425
> 100 5 0 3 414
> 100 5 0 3 423
> 100 5 0 3 415
> 100 5 0 3 435
> 100 5 0 3 415
> 100 5 0 3 422
> 100 5 0 3 429
> 100 5 0 3 424
> 100 5 0 3 425
> 100 5 0 3 440
> 100 5 0 3 424
> 100 5 0 3 420
> 100 5 0 3 431
> 100 5 0 3 428
> 100 5 0 3 424
> 100 5 0 3 419
> 100 5 0 3 424
> 100 5 0 3 426
> 100 5 0 3 430
> 100 5 0 3 426
> 100 5 0 3 427
> 100 5 0 3 417
> 100 5 0 3 417
> 100 5 0 3 417
> 100 5 0 3 429
> 100 5 0 3 426
> 100 5 0 3 430
> 100 5 0 3 438
> 100 5 0 3 430
> 100 5 0 3 430
> 100 5 0 3 418
> 100 5 0 3 429
> 100 5 0 3 427
> 100 5 0 3 434
> 100 5 0 3 428
> 100 5 0 3 413
> 100 5 0 3 436
> 100 5 0 3 419
> 100 5 0 3 426
> 100 5 0 3 418
> 100 5 0 3 419
> 100 5 0 3 425
> 100 5 0 3 429
> 100 5 0 3 438
> 100 5 0 3 422
> 100 5 0 3 411
> 100 5 0 3 429
> 100 5 0 3 430
> 100 5 0 3 423
> 100 5 0 3 432
> 100 5 0 3 435
> 100 5 0 3 427
> 100 5 0 3 429
> 100 5 0 3 431
> 100 5 0 3 419
> 100 5 0 3 432
> 100 5 0 3 424
> 100 5 0 3 416
> 100 5 0 3 414
> 100 5 0 3 414
> 100 5 0 3 435
> 100 5 0 3 420
> 100 5 0 3 423
> 100 5 0 3 422
> 100 5 0 3 413
> 100 5 0 3 423
> 100 5 0 3 425
> 100 5 0 3 427
> 100 5 0 3 421
> 100 5 0 3 437
> 100 5 0 3 432
> 100 5 0 3 434
> 100 5 0 3 443
> 100 5 0 3 422
> 100 5 0 3 428
> 100 5 0 3 419
> 100 5 0 3 429
> 100 5 0 3 417
> 100 5 0 3 430
> 100 5 0 3 430