> 100 10 0 1 564
> 100 10 0 1 540
> 100 10 0 1 509
> 100 10 0 1 538
> 100 10 0 1 548
> 100 10 0 1 553
> 100 10 0 1 531
> 100 10 0 1 571
> 100 10 0 1 552
> 100 10 0 1 556
> 100 10 0 1 549
> 100 10 0 1 553
> 100 10 0 1 545
> 100 10 0 1 563
> 100 10 0 1 511
> 100 10 0 1 553
> 100 10 0 1 521
> 100 10 0 1 527
> 100 10 0 1 506
> 100 10 0 1 554
> 100 10 0 1 529
> 100 10 0 1 537
> 100 10 0 1 537
> 100 10 0 1 530
> 100 10 0 1 532
> 100 10 0 1 542
> 100 10 0 1 533
> 100 10 0 1 524
> 100 10 0 1 543
> 100 10 0 1 549
> 100 10 0 1 555
> 100 10 0 1 499
> 100 10 0 1 509
> 100 10 0 1 538
> 100 10 0 1 524
> 100 10 0 1 533
> 100 10 0 1 531
> 100 10 0 1 549
> 100 10 0 1 531
> 100 10 0 1 557
> 100 10 0 1 557
> 100 10 0 1 520
> 100 10 0 1 546
> 100 10 0 1 508
> 100 10 0 1 540
> 100 10 0 1 533
> 100 10 0 1 524
> 100 10 0 1 552
> 100 10 0 1 552
> 100 10 0 1 555
> 100 10 0 1 537
> 100 10 0 1 511
> 100 10 0 1 554
> 100 10 0 1 557
> 100 10 0 1 521
> 100 10 0 1 554
> 100 10 0 1 535
> 100 10 0 1 559
> 100 10 0 1 529
> 100 10 0 1 539
> 100 10 0 1 532
> 100 10 0 1 530
> 100 10 0 1 537
> 100 10 0 1 565
> 100 10 0 1 523
> 100 10 0 1 525
> 100 10 0 1 540
> 100 10 0 1 552
> 100 10 0 1 548
> 100 10 0 1 527
> 100 10 0 1 538
> 100 10 0 1 536
> 100 10 0 1 558
> 100 10 0 1 573
> 100 10 0 1 536
> 100 10 0 1 538
> 100 10 0 1 531
> 100 10 0 1 513
> 100 10 0 1 563
> 100 10 0 1 533
> 100 10 0 1 534
> 100 10 0 1 543
> 100 10 0 1 538
> 100 10 0 1 546
> 100 10 0 1 522
> 100 10 0 1 533
> 100 10 0 1 528
> 100 10 0 1 551
> 100 10 0 1 515
> 100 10 0 1 509
> 100 10 0 1 538
> 100 10 0 1 543
> 100 10 0 1 523
> 100 10 0 1 530
> 100 10 0 1 520
> 100 10 0 1 523
> 100 10 0 1 524
> 100 10 0 1 520
> 100 10 0 1 522
> 100 10 0 1 541
> 100 10 0 2 504
> 100 10 0 2 514
> 100 10 0 2 510
> 100 10 0 2 520
> 100 10 0 2 503
> 100 10 0 2 493
> 100 10 0 2 515
> 100 10 0 2 520
> 100 10 0 2 510
> 100 10 0 2 511
> 100 10 0 2 519
> 100 10 0 2 487
> 100 10 0 2 512
> 100 10 0 2 494
> 100 10 0 2 500
> 100 10 0 2 506
> 100 10 0 2 520
> 100 10 0 2 507
> 100 10 0 2 499
> 100 10 0 2 507
> 100 10 0 2 505
> 100 10 0 2 496
> 100 10 0 2 509
> 100 10 0 2 505
> 100 10 0 2 498
> 100 10 0 2 523
> 100 10 0 2 493
> 100 10 0 2 515
> 100 10 0 2 500
> 100 10 0 2 498
> 100 10 0 2 502
> 100 10 0 2 508
> 100 10 0 2 517
> 100 10 0 2 504
> 100 10 0 2 510
> 100 10 0 2 506
> 100 10 0 2 499
> 100 10 0 2 499
> 100 10 0 2 492
> 100 10 0 2 535
> 100 10 0 2 535
> 100 10 0 2 512
> 100 10 0 2 506
> 100 10 0 2 488
> 100 10 0 2 523
> 100 10 0 2 496
> 100 10 0 2 513
> 100 10 0 2 503
> 100 10 0 2 505
> 100 10 0 2 518
> 100 10 0 2 516
> 100 10 0 2 518
> 100 10 0 2 508
> 100 10 0 2 503
> 100 10 0 2 494
> 100 10 0 2 518
> 100 10 0 2 507
> 100 10 0 2 506
> 100 10 0 2 522
> 100 10 0 2 510
> 100 10 0 2 504
> 100 10 0 2 489
> 100 10 0 2 508
> 100 10 0 2 536
> 100 10 0 2 517
> 100 10 0 2 509
> 100 10 0 2 490
> 100 10 0 2 512
> 100 10 0 2 510
> 100 10 0 2 499
> 100 10 0 2 519
> 100 10 0 2 511
> 100 10 0 2 501
> 100 10 0 2 535
> 100 10 0 2 507
> 100 10 0 2 510
> 100 10 0 2 539
> 100 10 0 2 506
> 100 10 0 2 491
> 100 10 0 2 505
> 100 10 0 2 518
> 100 10 0 2 506
> 100 10 0 2 505
> 100 10 0 2 516
> 100 10 0 2 504
> 100 10 0 2 514
> 100 10 0 2 528
> 100 10 0 2 491
> 100 10 0 2 500
> 100 10 0 2 507
> 100 10 0 2 518
> 100 10 0 2 515
> 100 10 0 2 519
> 100 10 0 2 506
> 100 10 0 2 518
> 100 10 0 2 503
> 100 10 0 2 508
> 100 10 0 2 506
> 100 10 0 2 527
> 100 10 0 2 504
> 100 10 0 3 518
> 100 10 0 3 504
> 100 10 0 3 503
> 100 10 0 3 507
> 100 10 0 3 511
> 100 10 0 3 507
> 100 10 0 3 519
> 100 10 0 3 499
> 100 10 0 3 490
> 100 10 0 3 481
> 100 10 0 3 488
> 100 10 0 3 514
> 100 10 0 3 499
> 100 10 0 3 492
> 100 10 0 3 498
> 100 10 0 3 505
> 100 10 0 3 499
> 100 10 0 3 501
> 100 10 0 3 516
> 100 10 0 3 489
> 100 10 0 3 492
> 100 10 0 3 494
> 100 10 0 3 495
> 100 10 0 3 493
> 100 10 0 3 495
> 100 10 0 3 507
> 100 10 0 3 512
> 100 10 0 3 509
> 100 10 0 3 494
> 100 10 0 3 486
> 100 10 0 3 503
> 100 10 0 3 499
> 100 10 0 3 493
> 100 10 0 3 501
> 100 10 0 3 493
> 100 10 0 3 492
> 100 10 0 3 503
> 100 10 0 3 509
> 100 10 0 3 488
> 100 10 0 3 497
> 100 10 0 3 491
> 100 10 0 3 506
> 100 10 0 3 488
> 100 10 0 3 498
> 100 10 0 3 526
> 100 10 0 3 517
> 100 10 0 3 495
> 100 10 0 3 480
> 100 10 0 3 499
> 100 10 0 3 501
> 100 10 0 3 475
> 100 10 0 3 525
> 100 10 0 3 495
> 100 10 0 3 487
> 100 10 0 3 499
> 100 10 0 3 509
> 100 10 0 3 500
> 100 10 0 3 494
> 100 10 0 3 512
> 100 10 0 3 516
> 100 10 0 3 488
> 100 10 0 3 504
> 100 10 0 3 475
> 100 10 0 3 485
> 100 10 0 3 520
> 100 10 0 3 489
> 100 10 0 3 479
> 100 10 0 3 506
> 100 10 0 3 502
> 100 10 0 3 516
> 100 10 0 3 496
> 100 10 0 3 486
> 100 10 0 3 505
> 100 10 0 3 495
> 100 10 0 3 495
> 100 10 0 3 517
> 100 10 0 3 514
> 100 10 0 3 500
> 100 10 0 3 505
> 100 10 0 3 500
> 100 10 0 3 494
> 100 10 0 3 512
> 100 10 0 3 497
> 100 10 0 3 514
> 100 10 0 3 504
> 100 10 0 3 521
> 100 10 0 3 494
> 100 10 0 3 521
> 100 10 0 3 504
> 100 10 0 3 502
> 100 10 0 3 509
> 100 10 0 3 506
> 100 10 0 3 496
> 100 10 0 3 502
> 100 10 0 3 515
> 100 10 0 3 502
> 100 10 0 3 506
> 100 10 0 3 509
> 100 10 0 3 499
> 100 10 0 3 508
> 100 10 0 4 525
> 100 10 0 4 523
> 100 10 0 4 536
> 100 10 0 4 505
> 100 10 0 4 511
> 100 10 0 4 516
> 100 10 0 4 514
> 100 10 0 4 529
> 100 10 0 4 498
> 100 10 0 4 508
> 100 10 0 4 512
> 100 10 0 4 494
> 100 10 0 4 509
> 100 10 0 4 504
> 100 10 0 4 527
> 100 10 0 4 511
> 100 10 0 4 555
> 100 10 0 4 513
> 100 10 0 4 506
> 100 10 0 4 513
> 100 10 0 4 501
> 100 10 0 4 502
> 100 10 0 4 528
> 100 10 0 4 501
> 100 10 0 4 505
> 100 10 0 4 516
> 100 10 0 4 509
> 100 10 0 4 498
> 100 10 0 4 542
> 100 10 0 4 502
> 100 10 0 4 499
> 100 10 0 4 522
> 100 10 0 4 497
> 100 10 0 4 519
> 100 10 0 4 522
> 100 10 0 4 516
> 100 10 0 4 518
> 100 10 0 4 512
> 100 10 0 4 495
> 100 10 0 4 512
> 100 10 0 4 514
> 100 10 0 4 500
> 100 10 0 4 503
> 100 10 0 4 495
> 100 10 0 4 524
> 100 10 0 4 506
> 100 10 0 4 506
> 100 10 0 4 512
> 100 10 0 4 502
> 100 10 0 4 521
> 100 10 0 4 500
> 100 10 0 4 504
> 100 10 0 4 509
> 100 10 0 4 509
> 100 10 0 4 526
> 100 10 0 4 520
> 100 10 0 4 523
> 100 10 0 4 497
> 100 10 0 4 504
> 100 10 0 4 519
> 100 10 0 4 523
> 100 10 0 4 524
> 100 10 0 4 503
> 100 10 0 4 507
> 100 10 0 4 513
> 100 10 0 4 513
> 100 10 0 4 517
> 100 10 0 4 513
> 100 10 0 4 503
> 100 10 0 4 520
> 100 10 0 4 496
> 100 10 0 4 509
> 100 10 0 4 512
> 100 10 0 4 536
> 100 10 0 4 527
> 100 10 0 4 498
> 100 10 0 4 501
> 100 10 0 4 541
> 100 10 0 4 507
> 100 10 0 4 487
> 100 10 0 4 515
> 100 10 0 4 512
> 100 10 0 4 517
> 100 10 0 4 516
> 100 10 0 4 514
> 100 10 0 4 510
> 100 10 0 4 521
> 100 10 0 4 500
> 100 10 0 4 502
> 100 10 0 4 493
> 100 10 0 4 524
> 100 10 0 4 489
> 100 10 0 4 503
> 100 10 0 4 507
> 100 10 0 4 505
> 100 10 0 4 494
> 100 10 0 4 512
> 100 10 0 4 494
> 100 10 0 4 506
> 100 10 0 4 552
> 100 10 0 5 561
> 100 10 0 5 556
> 100 10 0 5 546
> 100 10 0 5 568
> 100 10 0 5 539
> 100 10 0 5 539
> 100 10 0 5 563
> 100 10 0 5 558
> 100 10 0 5 554
> 100 10 0 5 561
> 100 10 0 5 552
> 100 10 0 5 553
> 100 10 0 5 558
> 100 10 0 5 566
> 100 10 0 5 556
> 100 10 0 5 558
> 100 10 0 5 553
> 100 10 0 5 582
> 100 10 0 5 566
> 100 10 0 5 554
> 100 10 0 5 567
> 100 10 0 5 525
> 100 10 0 5 565
> 100 10 0 5 543
> 100 10 0 5 556
> 100 10 0 5 570
> 100 10 0 5 570
> 100 10 0 5 549
> 100 10 0 5 535
> 100 10 0 5 561
> 100 10 0 5 568
> 100 10 0 5 564
> 100 10 0 5 561
> 100 10 0 5 546
> 100 10 0 5 562
> 100 10 0 5 541
> 100 10 0 5 563
> 100 10 0 5 529
> 100 10 0 5 532
> 100 10 0 5 549
> 100 10 0 5 598
> 100 10 0 5 542
> 100 10 0 5 567
> 100 10 0 5 564
> 100 10 0 5 545
> 100 10 0 5 550
> 100 10 0 5 530
> 100 10 0 5 571
> 100 10 0 5 567
> 100 10 0 5 564
> 100 10 0 5 553
> 100 10 0 5 577
> 100 10 0 5 561
> 100 10 0 5 557
> 100 10 0 5 529
> 100 10 0 5 553
> 100 10 0 5 551
> 100 10 0 5 527
> 100 10 0 5 531
> 100 10 0 5 554
> 100 10 0 5 552
> 100 10 0 5 551
> 100 10 0 5 562
> 100 10 0 5 547
> 100 10 0 5 538
> 100 10 0 5 540
> 100 10 0 5 555
> 100 10 0 5 552
> 100 10 0 5 548
> 100 10 0 5 568
> 100 10 0 5 571
> 100 10 0 5 557
> 100 10 0 5 538
> 100 10 0 5 560
> 100 10 0 5 560
> 100 10 0 5 531
> 100 10 0 5 549
> 100 10 0 5 533
> 100 10 0 5 553
> 100 10 0 5 566
> 100 10 0 5 573
> 100 10 0 5 541
> 100 10 0 5 539
> 100 10 0 5 543
> 100 10 0 5 542
> 100 10 0 5 549
> 100 10 0 5 543
> 100 10 0 5 592
> 100 10 0 5 558
> 100 10 0 5 569
> 100 10 0 5 553
> 100 10 0 5 562
> 100 10 0 5 555
> 100 10 0 5 537
> 100 10 0 5 562
> 100 10 0 5 520
> 100 10 0 5 548
> 100 10 0 5 572
> 100 10 0 5 542
> 100 10 0 5 570
> 100 10 0 6 556
> 100 10 0 6 561
> 100 10 0 6 537
> 100 10 0 6 549
> 100 10 0 6 593
> 100 10 0 6 562
> 100 10 0 6 557
> 100 10 0 6 553
> 100 10 0 6 553
> 100 10 0 6 568
> 100 10 0 6 551
> 100 10 0 6 545
> 100 10 0 6 587
> 100 10 0 6 572
> 100 10 0 6 567
> 100 10 0 6 555
> 100 10 0 6 546
> 100 10 0 6 587
> 100 10 0 6 562
> 100 10 0 6 577
> 100 10 0 6 562
> 100 10 0 6 558
> 100 10 0 6 567
> 100 10 0 6 554
> 100 10 0 6 523
> 100 10 0 6 565
> 100 10 0 6 548
> 100 10 0 6 568
> 100 10 0 6 554
> 100 10 0 6 558
> 100 10 0 6 531
> 100 10 0 6 568
> 100 10 0 6 572
> 100 10 0 6 583
> 100 10 0 6 567
> 100 10 0 6 553
> 100 10 0 6 564
> 100 10 0 6 569
> 100 10 0 6 559
> 100 10 0 6 546
> 100 10 0 6 565
> 100 10 0 6 562
> 100 10 0 6 572
> 100 10 0 6 575
> 100 10 0 6 540
> 100 10 0 6 554
> 100 10 0 6 543
> 100 10 0 6 554
> 100 10 0 6 545
> 100 10 0 6 569
> 100 10 0 6 598
> 100 10 0 6 596
> 100 10 0 6 550
> 100 10 0 6 568
> 100 10 0 6 569
> 100 10 0 6 564
> 100 10 0 6 577
> 100 10 0 6 554
> 100 10 0 6 569
> 100 10 0 6 556
> 100 10 0 6 584
> 100 10 0 6 533
> 100 10 0 6 584
> 100 10 0 6 554
> 100 10 0 6 548
> 100 10 0 6 534
> 100 10 0 6 548
> 100 10 0 6 546
> 100 10 0 6 564
> 100 10 0 6 532
> 100 10 0 6 565
> 100 10 0 6 546
> 100 10 0 6 565
> 100 10 0 6 549
> 100 10 0 6 568
> 100 10 0 6 573
> 100 10 0 6 551
> 100 10 0 6 562
> 100 10 0 6 539
> 100 10 0 6 545
> 100 10 0 6 561
> 100 10 0 6 527
> 100 10 0 6 557
> 100 10 0 6 546
> 100 10 0 6 562
> 100 10 0 6 580
> 100 10 0 6 540
> 100 10 0 6 556
> 100 10 0 6 543
> 100 10 0 6 533
> 100 10 0 6 526
> 100 10 0 6 562
> 100 10 0 6 551
> 100 10 0 6 549
> 100 10 0 6 598
> 100 10 0 6 547
> 100 10 0 6 532
> 100 10 0 6 564
> 100 10 0 6 576
> 100 10 0 6 544
> 100 10 0 7 545
> 100 10 0 7 572
> 100 10 0 7 570
> 100 10 0 7 577
> 100 10 0 7 604
> 100 10 0 7 562
> 100 10 0 7 574
> 100 10 0 7 550
> 100 10 0 7 592
> 100 10 0 7 586
> 100 10 0 7 556
> 100 10 0 7 573
> 100 10 0 7 557
> 100 10 0 7 526
> 100 10 0 7 567
> 100 10 0 7 580
> 100 10 0 7 571
> 100 10 0 7 558
> 100 10 0 7 560
> 100 10 0 7 588
> 100 10 0 7 569
> 100 10 0 7 585
> 100 10 0 7 590
> 100 10 0 7 557
> 100 10 0 7 590
> 100 10 0 7 585
> 100 10 0 7 584
> 100 10 0 7 586
> 100 10 0 7 570
> 100 10 0 7 547
> 100 10 0 7 563
> 100 10 0 7 592
> 100 10 0 7 550
> 100 10 0 7 545
> 100 10 0 7 560
> 100 10 0 7 573
> 100 10 0 7 583
> 100 10 0 7 576
> 100 10 0 7 576
> 100 10 0 7 583
> 100 10 0 7 558
> 100 10 0 7 551
> 100 10 0 7 596
> 100 10 0 7 564
> 100 10 0 7 549
> 100 10 0 7 601
> 100 10 0 7 568
> 100 10 0 7 608
> 100 10 0 7 545
> 100 10 0 7 595
> 100 10 0 7 589
> 100 10 0 7 607
> 100 10 0 7 596
> 100 10 0 7 559
> 100 10 0 7 556
> 100 10 0 7 567
> 100 10 0 7 581
> 100 10 0 7 579
> 100 10 0 7 539
> 100 10 0 7 575
> 100 10 0 7 543
> 100 10 0 7 601
> 100 10 0 7 548
> 100 10 0 7 607
> 100 10 0 7 548
> 100 10 0 7 584
> 100 10 0 7 575
> 100 10 0 7 572
> 100 10 0 7 541
> 100 10 0 7 559
> 100 10 0 7 595
> 100 10 0 7 610
> 100 10 0 7 549
> 100 10 0 7 584
> 100 10 0 7 613
> 100 10 0 7 558
> 100 10 0 7 565
> 100 10 0 7 572
> 100 10 0 7 600
> 100 10 0 7 546
> 100 10 0 7 551
> 100 10 0 7 551
> 100 10 0 7 564
> 100 10 0 7 579
> 100 10 0 7 584
> 100 10 0 7 598
> 100 10 0 7 552
> 100 10 0 7 611
> 100 10 0 7 541
> 100 10 0 7 553
> 100 10 0 7 572
> 100 10 0 7 577
> 100 10 0 7 580
> 100 10 0 7 590
> 100 10 0 7 582
> 100 10 0 7 583
> 100 10 0 7 561
> 100 10 0 7 584
> 100 10 0 7 575
> 100 10 0 7 563
> 100 10 0 8 579
> 100 10 0 8 618
> 100 10 0 8 605
> 100 10 0 8 610
> 100 10 0 8 607
> 100 10 0 8 616
> 100 10 0 8 598
> 100 10 0 8 574
> 100 10 0 8 605
> 100 10 0 8 571
> 100 10 0 8 625
> 100 10 0 8 606
> 100 10 0 8 600
> 100 10 0 8 591
> 100 10 0 8 577
> 100 10 0 8 591
> 100 10 0 8 590
> 100 10 0 8 625
> 100 10 0 8 626
> 100 10 0 8 607
> 100 10 0 8 631
> 100 10 0 8 570
> 100 10 0 8 592
> 100 10 0 8 623
> 100 10 0 8 587
> 100 10 0 8 607
> 100 10 0 8 637
> 100 10 0 8 662
> 100 10 0 8 629
> 100 10 0 8 601
> 100 10 0 8 592
> 100 10 0 8 592
> 100 10 0 8 612
> 100 10 0 8 578
> 100 10 0 8 614
> 100 10 0 8 601
> 100 10 0 8 609
> 100 10 0 8 589
> 100 10 0 8 601
> 100 10 0 8 596
> 100 10 0 8 615
> 100 10 0 8 644
> 100 10 0 8 627
> 100 10 0 8 611
> 100 10 0 8 632
> 100 10 0 8 629
> 100 10 0 8 641
> 100 10 0 8 635
> 100 10 0 8 610
> 100 10 0 8 563
> 100 10 0 8 602
> 100 10 0 8 621
> 100 10 0 8 592
> 100 10 0 8 633
> 100 10 0 8 587
> 100 10 0 8 569
> 100 10 0 8 640
> 100 10 0 8 614
> 100 10 0 8 643
> 100 10 0 8 623
> 100 10 0 8 627
> 100 10 0 8 589
> 100 10 0 8 611
> 100 10 0 8 627
> 100 10 0 8 559
> 100 10 0 8 602
> 100 10 0 8 634
> 100 10 0 8 601
> 100 10 0 8 616
> 100 10 0 8 635
> 100 10 0 8 585
> 100 10 0 8 597
> 100 10 0 8 637
> 100 10 0 8 642
> 100 10 0 8 629
> 100 10 0 8 581
> 100 10 0 8 599
> 100 10 0 8 640
> 100 10 0 8 583
> 100 10 0 8 615
> 100 10 0 8 644
> 100 10 0 8 646
> 100 10 0 8 654
> 100 10 0 8 597
> 100 10 0 8 627
> 100 10 0 8 603
> 100 10 0 8 637
> 100 10 0 8 613
> 100 10 0 8 642
> 100 10 0 8 611
> 100 10 0 8 612
> 100 10 0 8 587
> 100 10 0 8 632
> 100 10 0 8 584
> 100 10 0 8 606
> 100 10 0 8 631
> 100 10 0 8 655
> 100 10 0 8 637
> 100 10 0 8 578
> 100 10 0 8 616
