> 100 5 0 2 443
> 100 5 0 2 412
> 100 5 0 2 411
> 100 5 0 2 438
> 100 5 0 2 417
> 100 5 0 2 413
> 100 5 0 2 432
> 100 5 0 2 423
> 100 5 0 2 434
> 100 5 0 2 433
> 100 5 0 2 400
> 100 5 0 2 453
> 100 5 0 2 432
> 100 5 0 2 428
> 100 5 0 2 447
> 100 5 0 2 425
> 100 5 0 2 423
> 100 5 0 2 446
> 100 5 0 2 447
> 100 5 0 2 407
> 100 5 0 2 442
> 100 5 0 2 418
> 100 5 0 2 415
> 100 5 0 2 454
> 100 5 0 2 415
> 100 5 0 2 427
> 100 5 0 2 420
> 100 5 0 2 433
> 100 5 0 2 416
> 100 5 0 2 433
> 100 5 0 2 423
> 100 5 0 2 414
> 100 5 0 2 403
> 100 5 0 2 417
> 100 5 0 2 429
> 100 5 0 2 441
> 100 5 0 2 443
> 100 5 0 2 430
> 100 5 0 2 424
> 100 5 0 2 423
> 100 5 0 2 423
> 100 5 0 2 424
> 100 5 0 2 415
> 100 5 0 2 444
> 100 5 0 2 422
> 100 5 0 2 444
> 100 5 0 2 433
> 100 5 0 2 409
> 100 5 0 2 440
> 100 5 0 2 410
> 100 5 0 2 420
> 100 5 0 2 425
> 100 5 0 2 416
> 100 5 0 2 429
> 100 5 0 2 445
> 100 5 0 2 458
> 100 5 0 2 424
> 100 5 0 2 420
> 100 5 0 2 426
> 100 5 0 2 416
> 100 5 0 2 426
> 100 5 0 2 437
> 100 5 0 2 421
> 100 5 0 2 419
> 100 5 0 2 415
> 100 5 0 2 434
> 100 5 0 2 411
> 100 5 0 2 430
> 100 5 0 2 409
> 100 5 0 2 433
> 100 5 0 2 427
> 100 5 0 2 435
> 100 5 0 2 400
> 100 5 0 2 431
> 100 5 0 2 459
> 100 5 0 2 440
> 100 5 0 2 427
> 100 5 0 2 422
> 100 5 0 2 413
> 100 5 0 2 407
> 100 5 0 2 413
> 100 5 0 2 420
> 100 5 0 2 429
> 100 5 0 2 440
> 100 5 0 2 429
> 100 5 0 2 436
> 100 5 0 2 446
> 100 5 0 2 442
> 100 5 0 2 418
> 100 5 0 2 422
> 100 5 0 2 434
> 100 5 0 2 440
> 100 5 0 2 431
> 100 5 0 2 426
> 100 5 0 2 441
> 100 5 0 2 407
> 100 5 0 2 418
> 100 5 0 2 445
> 100 5 0 2 419
> 100 5 0 2 398
> 100 5 0 3 511
> 100 5 0 3 511
> 100 5 0 3 528
> 100 5 0 3 537
> 100 5 0 3 547
> 100 5 0 3 527
> 100 5 0 3 504
> 100 5 0 3 516
> 100 5 0 3 497
> 100 5 0 3 535
> 100 5 0 3 519
> 100 5 0 3 514
> 100 5 0 3 491
> 100 5 0 3 548
> 100 5 0 3 509
> 100 5 0 3 530
> 100 5 0 3 488
> 100 5 0 3 516
> 100 5 0 3 519
> 100 5 0 3 513
> 100 5 0 3 485
> 100 5 0 3 537
> 100 5 0 3 479
> 100 5 0 3 515
> 100 5 0 3 507
> 100 5 0 3 524
> 100 5 0 3 529
> 100 5 0 3 509
> 100 5 0 3 519
> 100 5 0 3 541
> 100 5 0 3 541
> 100 5 0 3 477
> 100 5 0 3 515
> 100 5 0 3 494
> 100 5 0 3 502
> 100 5 0 3 491
> 100 5 0 3 513
> 100 5 0 3 528
> 100 5 0 3 517
> 100 5 0 3 531
> 100 5 0 3 474
> 100 5 0 3 513
> 100 5 0 3 510
> 100 5 0 3 489
> 100 5 0 3 496
> 100 5 0 3 489
> 100 5 0 3 496
> 100 5 0 3 505
> 100 5 0 3 475
> 100 5 0 3 490
> 100 5 0 3 512
> 100 5 0 3 518
> 100 5 0 3 525
> 100 5 0 3 528
> 100 5 0 3 516
> 100 5 0 3 512
> 100 5 0 3 487
> 100 5 0 3 517
> 100 5 0 3 511
> 100 5 0 3 519
> 100 5 0 3 502
> 100 5 0 3 500
> 100 5 0 3 544
> 100 5 0 3 548
> 100 5 0 3 545
> 100 5 0 3 536
> 100 5 0 3 510
> 100 5 0 3 490
> 100 5 0 3 480
> 100 5 0 3 516
> 100 5 0 3 517
> 100 5 0 3 492
> 100 5 0 3 517
> 100 5 0 3 538
> 100 5 0 3 479
> 100 5 0 3 515
> 100 5 0 3 500
> 100 5 0 3 508
> 100 5 0 3 522
> 100 5 0 3 520
> 100 5 0 3 510
> 100 5 0 3 523
> 100 5 0 3 538
> 100 5 0 3 533
> 100 5 0 3 510
> 100 5 0 3 543
> 100 5 0 3 511
> 100 5 0 3 561
> 100 5 0 3 521
> 100 5 0 3 513
> 100 5 0 3 522
> 100 5 0 3 497
> 100 5 0 3 530
> 100 5 0 3 486
> 100 5 0 3 549
> 100 5 0 3 497
> 100 5 0 3 487
> 100 5 0 3 488
> 100 5 0 3 516
> 100 5 0 3 542
> 100 5 0 4 619
> 100 5 0 4 547
> 100 5 0 4 614
> 100 5 0 4 564
> 100 5 0 4 601
> 100 5 0 4 551
> 100 5 0 4 543
> 100 5 0 4 577
> 100 5 0 4 575
> 100 5 0 4 529
> 100 5 0 4 601
> 100 5 0 4 564
> 100 5 0 4 587
> 100 5 0 4 585
> 100 5 0 4 595
> 100 5 0 4 577
> 100 5 0 4 606
> 100 5 0 4 606
> 100 5 0 4 592
> 100 5 0 4 599
> 100 5 0 4 610
> 100 5 0 4 540
> 100 5 0 4 610
> 100 5 0 4 613
> 100 5 0 4 620
> 100 5 0 4 568
> 100 5 0 4 556
> 100 5 0 4 572
> 100 5 0 4 573
> 100 5 0 4 581
> 100 5 0 4 618
> 100 5 0 4 569
> 100 5 0 4 577
> 100 5 0 4 604
> 100 5 0 4 593
> 100 5 0 4 569
> 100 5 0 4 597
> 100 5 0 4 623
> 100 5 0 4 608
> 100 5 0 4 621
> 100 5 0 4 611
> 100 5 0 4 549
> 100 5 0 4 591
> 100 5 0 4 594
> 100 5 0 4 613
> 100 5 0 4 594
> 100 5 0 4 582
> 100 5 0 4 557
> 100 5 0 4 599
> 100 5 0 4 554
> 100 5 0 4 582
> 100 5 0 4 585
> 100 5 0 4 568
> 100 5 0 4 584
> 100 5 0 4 584
> 100 5 0 4 607
> 100 5 0 4 537
> 100 5 0 4 602
> 100 5 0 4 633
> 100 5 0 4 602
> 100 5 0 4 536
> 100 5 0 4 612
> 100 5 0 4 605
> 100 5 0 4 592
> 100 5 0 4 539
> 100 5 0 4 578
> 100 5 0 4 622
> 100 5 0 4 544
> 100 5 0 4 595
> 100 5 0 4 608
> 100 5 0 4 580
> 100 5 0 4 620
> 100 5 0 4 562
> 100 5 0 4 595
> 100 5 0 4 604
> 100 5 0 4 567
> 100 5 0 4 587
> 100 5 0 4 580
> 100 5 0 4 599
> 100 5 0 4 566
> 100 5 0 4 525
> 100 5 0 4 596
> 100 5 0 4 616
> 100 5 0 4 554
> 100 5 0 4 606
> 100 5 0 4 614
> 100 5 0 4 578
> 100 5 0 4 581
> 100 5 0 4 560
> 100 5 0 4 543
> 100 5 0 4 599
> 100 5 0 4 568
> 100 5 0 4 571
> 100 5 0 4 620
> 100 5 0 4 619
> 100 5 0 4 602
> 100 5 0 4 574
> 100 5 0 4 607
> 100 5 0 4 596
> 100 5 0 4 605
> 100 5 0 5 697
> 100 5 0 5 686
> 100 5 0 5 650
> 100 5 0 5 635
> 100 5 0 5 671
> 100 5 0 5 648
> 100 5 0 5 684
> 100 5 0 5 652
> 100 5 0 5 701
> 100 5 0 5 670
> 100 5 0 5 700
> 100 5 0 5 731
> 100 5 0 5 665
> 100 5 0 5 703
> 100 5 0 5 634
> 100 5 0 5 690
> 100 5 0 5 676
> 100 5 0 5 676
> 100 5 0 5 680
> 100 5 0 5 649
> 100 5 0 5 639
> 100 5 0 5 682
> 100 5 0 5 670
> 100 5 0 5 694
> 100 5 0 5 700
> 100 5 0 5 652
> 100 5 0 5 678
> 100 5 0 5 689
> 100 5 0 5 715
> 100 5 0 5 649
> 100 5 0 5 591
> 100 5 0 5 674
> 100 5 0 5 674
> 100 5 0 5 696
> 100 5 0 5 691
> 100 5 0 5 641
> 100 5 0 5 718
> 100 5 0 5 630
> 100 5 0 5 672
> 100 5 0 5 717
> 100 5 0 5 706
> 100 5 0 5 658
> 100 5 0 5 664
> 100 5 0 5 690
> 100 5 0 5 615
> 100 5 0 5 683
> 100 5 0 5 686
> 100 5 0 5 693
> 100 5 0 5 643
> 100 5 0 5 692
> 100 5 0 5 675
> 100 5 0 5 693
> 100 5 0 5 666
> 100 5 0 5 616
> 100 5 0 5 622
> 100 5 0 5 685
> 100 5 0 5 675
> 100 5 0 5 640
> 100 5 0 5 669
> 100 5 0 5 681
> 100 5 0 5 672
> 100 5 0 5 678
> 100 5 0 5 694
> 100 5 0 5 598
> 100 5 0 5 694
> 100 5 0 5 669
> 100 5 0 5 689
> 100 5 0 5 657
> 100 5 0 5 678
> 100 5 0 5 658
> 100 5 0 5 677
> 100 5 0 5 652
> 100 5 0 5 599
> 100 5 0 5 666
> 100 5 0 5 676
> 100 5 0 5 610
> 100 5 0 5 706
> 100 5 0 5 686
> 100 5 0 5 690
> 100 5 0 5 654
> 100 5 0 5 694
> 100 5 0 5 742
> 100 5 0 5 654
> 100 5 0 5 711
> 100 5 0 5 690
> 100 5 0 5 675
> 100 5 0 5 600
> 100 5 0 5 687
> 100 5 0 5 662
> 100 5 0 5 667
> 100 5 0 5 692
> 100 5 0 5 704
> 100 5 0 5 706
> 100 5 0 5 679
> 100 5 0 5 671
> 100 5 0 5 694
> 100 5 0 5 647
> 100 5 0 5 682
> 100 5 0 5 643
> 100 5 0 5 665
> 100 5 0 6 794
> 100 5 0 6 737
> 100 5 0 6 820
> 100 5 0 6 718
> 100 5 0 6 771
> 100 5 0 6 761
> 100 5 0 6 777
> 100 5 0 6 757
> 100 5 0 6 708
> 100 5 0 6 774
> 100 5 0 6 736
> 100 5 0 6 776
> 100 5 0 6 766
> 100 5 0 6 784
> 100 5 0 6 834
> 100 5 0 6 738
> 100 5 0 6 737
> 100 5 0 6 754
> 100 5 0 6 728
> 100 5 0 6 762
> 100 5 0 6 795
> 100 5 0 6 805
> 100 5 0 6 772
> 100 5 0 6 789
> 100 5 0 6 679
> 100 5 0 6 809
> 100 5 0 6 761
> 100 5 0 6 733
> 100 5 0 6 769
> 100 5 0 6 794
> 100 5 0 6 745
> 100 5 0 6 812
> 100 5 0 6 740
> 100 5 0 6 755
> 100 5 0 6 782
> 100 5 0 6 755
> 100 5 0 6 782
> 100 5 0 6 789
> 100 5 0 6 770
> 100 5 0 6 748
> 100 5 0 6 798
> 100 5 0 6 784
> 100 5 0 6 794
> 100 5 0 6 766
> 100 5 0 6 696
> 100 5 0 6 779
> 100 5 0 6 788
> 100 5 0 6 764
> 100 5 0 6 690
> 100 5 0 6 787
> 100 5 0 6 813
> 100 5 0 6 806
> 100 5 0 6 759
> 100 5 0 6 696
> 100 5 0 6 787
> 100 5 0 6 749
> 100 5 0 6 735
> 100 5 0 6 700
> 100 5 0 6 751
> 100 5 0 6 799
> 100 5 0 6 746
> 100 5 0 6 777
> 100 5 0 6 762
> 100 5 0 6 771
> 100 5 0 6 777
> 100 5 0 6 763
> 100 5 0 6 788
> 100 5 0 6 807
> 100 5 0 6 799
> 100 5 0 6 757
> 100 5 0 6 724
> 100 5 0 6 797
> 100 5 0 6 751
> 100 5 0 6 761
> 100 5 0 6 736
> 100 5 0 6 745
> 100 5 0 6 754
> 100 5 0 6 746
> 100 5 0 6 770
> 100 5 0 6 730
> 100 5 0 6 801
> 100 5 0 6 785
> 100 5 0 6 766
> 100 5 0 6 736
> 100 5 0 6 760
> 100 5 0 6 738
> 100 5 0 6 768
> 100 5 0 6 762
> 100 5 0 6 797
> 100 5 0 6 789
> 100 5 0 6 802
> 100 5 0 6 730
> 100 5 0 6 738
> 100 5 0 6 795
> 100 5 0 6 730
> 100 5 0 6 729
> 100 5 0 6 722
> 100 5 0 6 750
> 100 5 0 6 763
> 100 5 0 6 720
> 100 5 0 7 888
> 100 5 0 7 833
> 100 5 0 7 827
> 100 5 0 7 857
> 100 5 0 7 859
> 100 5 0 7 888
> 100 5 0 7 856
> 100 5 0 7 849
> 100 5 0 7 850
> 100 5 0 7 843
> 100 5 0 7 892
> 100 5 0 7 850
> 100 5 0 7 860
> 100 5 0 7 876
> 100 5 0 7 831
> 100 5 0 7 832
> 100 5 0 7 830
> 100 5 0 7 860
> 100 5 0 7 840
> 100 5 0 7 926
> 100 5 0 7 862
> 100 5 0 7 818
> 100 5 0 7 853
> 100 5 0 7 785
> 100 5 0 7 855
> 100 5 0 7 826
> 100 5 0 7 835
> 100 5 0 7 868
> 100 5 0 7 857
> 100 5 0 7 832
> 100 5 0 7 844
> 100 5 0 7 864
> 100 5 0 7 829
> 100 5 0 7 858
> 100 5 0 7 873
> 100 5 0 7 868
> 100 5 0 7 827
> 100 5 0 7 848
> 100 5 0 7 817
> 100 5 0 7 827
> 100 5 0 7 905
> 100 5 0 7 895
> 100 5 0 7 869
> 100 5 0 7 831
> 100 5 0 7 795
> 100 5 0 7 822
> 100 5 0 7 879
> 100 5 0 7 817
> 100 5 0 7 852
> 100 5 0 7 827
> 100 5 0 7 861
> 100 5 0 7 892
> 100 5 0 7 862
> 100 5 0 7 787
> 100 5 0 7 828
> 100 5 0 7 884
> 100 5 0 7 841
> 100 5 0 7 839
> 100 5 0 7 815
> 100 5 0 7 828
> 100 5 0 7 861
> 100 5 0 7 833
> 100 5 0 7 821
> 100 5 0 7 862
> 100 5 0 7 846
> 100 5 0 7 809
> 100 5 0 7 882
> 100 5 0 7 788
> 100 5 0 7 850
> 100 5 0 7 810
> 100 5 0 7 870
> 100 5 0 7 807
> 100 5 0 7 811
> 100 5 0 7 837
> 100 5 0 7 838
> 100 5 0 7 823
> 100 5 0 7 866
> 100 5 0 7 863
> 100 5 0 7 838
> 100 5 0 7 852
> 100 5 0 7 884
> 100 5 0 7 823
> 100 5 0 7 856
> 100 5 0 7 836
> 100 5 0 7 857
> 100 5 0 7 861
> 100 5 0 7 880
> 100 5 0 7 873
> 100 5 0 7 857
> 100 5 0 7 859
> 100 5 0 7 844
> 100 5 0 7 867
> 100 5 0 7 853
> 100 5 0 7 832
> 100 5 0 7 917
> 100 5 0 7 806
> 100 5 0 7 818
> 100 5 0 7 823
> 100 5 0 7 828
> 100 5 0 7 856
> 100 5 0 8 982
> 100 5 0 8 875
> 100 5 0 8 895
> 100 5 0 8 937
> 100 5 0 8 907
> 100 5 0 8 883
> 100 5 0 8 916
> 100 5 0 8 886
> 100 5 0 8 916
> 100 5 0 8 880
> 100 5 0 8 920
> 100 5 0 8 906
> 100 5 0 8 943
> 100 5 0 8 901
> 100 5 0 8 932
> 100 5 0 8 896
> 100 5 0 8 912
> 100 5 0 8 857
> 100 5 0 8 923
> 100 5 0 8 917
> 100 5 0 8 931
> 100 5 0 8 801
> 100 5 0 8 932
> 100 5 0 8 921
> 100 5 0 8 894
> 100 5 0 8 845
> 100 5 0 8 887
> 100 5 0 8 894
> 100 5 0 8 897
> 100 5 0 8 882
> 100 5 0 8 827
> 100 5 0 8 923
> 100 5 0 8 939
> 100 5 0 8 880
> 100 5 0 8 884
> 100 5 0 8 921
> 100 5 0 8 927
> 100 5 0 8 911
> 100 5 0 8 872
> 100 5 0 8 909
> 100 5 0 8 888
> 100 5 0 8 902
> 100 5 0 8 892
> 100 5 0 8 958
> 100 5 0 8 945
> 100 5 0 8 889
> 100 5 0 8 891
> 100 5 0 8 905
> 100 5 0 8 867
> 100 5 0 8 925
> 100 5 0 8 893
> 100 5 0 8 909
> 100 5 0 8 916
> 100 5 0 8 907
> 100 5 0 8 910
> 100 5 0 8 946
> 100 5 0 8 893
> 100 5 0 8 848
> 100 5 0 8 908
> 100 5 0 8 911
> 100 5 0 8 953
> 100 5 0 8 885
> 100 5 0 8 935
> 100 5 0 8 872
> 100 5 0 8 962
> 100 5 0 8 877
> 100 5 0 8 917
> 100 5 0 8 878
> 100 5 0 8 925
> 100 5 0 8 840
> 100 5 0 8 885
> 100 5 0 8 923
> 100 5 0 8 907
> 100 5 0 8 925
> 100 5 0 8 912
> 100 5 0 8 935
> 100 5 0 8 877
> 100 5 0 8 879
> 100 5 0 8 901
> 100 5 0 8 994
> 100 5 0 8 902
> 100 5 0 8 879
> 100 5 0 8 951
> 100 5 0 8 888
> 100 5 0 8 896
> 100 5 0 8 897
> 100 5 0 8 927
> 100 5 0 8 921
> 100 5 0 8 882
> 100 5 0 8 890
> 100 5 0 8 881
> 100 5 0 8 881
> 100 5 0 8 891
> 100 5 0 8 898
> 100 5 0 8 848
> 100 5 0 8 936
> 100 5 0 8 888
> 100 5 0 8 927
> 100 5 0 8 873
> 100 5 0 8 875
> 100 5 0 9 937
> 100 5 0 9 946
> 100 5 0 9 969
> 100 5 0 9 970
> 100 5 0 9 991
> 100 5 0 9 907
> 100 5 0 9 964
> 100 5 0 9 975
> 100 5 0 9 989
> 100 5 0 9 940
> 100 5 0 9 996
> 100 5 0 9 976
> 100 5 0 9 889
> 100 5 0 9 952
> 100 5 0 9 894
> 100 5 0 9 969
> 100 5 0 9 945
> 100 5 0 9 975
> 100 5 0 9 880
> 100 5 0 9 950
> 100 5 0 9 916
> 100 5 0 9 983
> 100 5 0 9 941
> 100 5 0 9 875
> 100 5 0 9 984
> 100 5 0 9 948
> 100 5 0 9 968
> 100 5 0 9 976
> 100 5 0 9 931
> 100 5 0 9 970
> 100 5 0 9 922
> 100 5 0 9 979
> 100 5 0 9 925
> 100 5 0 9 911
> 100 5 0 9 990
> 100 5 0 9 941
> 100 5 0 9 971
> 100 5 0 9 946
> 100 5 0 9 997
> 100 5 0 9 991
> 100 5 0 9 996
> 100 5 0 9 997
> 100 5 0 9 976
> 100 5 0 9 917
> 100 5 0 9 943
> 100 5 0 9 927
> 100 5 0 9 972
> 100 5 0 9 969
> 100 5 0 9 960
> 100 5 0 9 964
> 100 5 0 9 918
> 100 5 0 9 951
> 100 5 0 9 904
> 100 5 0 9 903
> 100 5 0 9 1002
> 100 5 0 9 977
> 100 5 0 9 873
> 100 5 0 9 1002
> 100 5 0 9 933
> 100 5 0 9 964
> 100 5 0 9 958
> 100 5 0 9 941
> 100 5 0 9 998
> 100 5 0 9 1043
> 100 5 0 9 952
> 100 5 0 9 967
> 100 5 0 9 919
> 100 5 0 9 960
> 100 5 0 9 957
> 100 5 0 9 1009
> 100 5 0 9 985
> 100 5 0 9 939
> 100 5 0 9 944
> 100 5 0 9 962
> 100 5 0 9 966
> 100 5 0 9 947
> 100 5 0 9 999
> 100 5 0 9 952
> 100 5 0 9 976
> 100 5 0 9 942
> 100 5 0 9 918
> 100 5 0 9 961
> 100 5 0 9 925
> 100 5 0 9 917
> 100 5 0 9 937
> 100 5 0 9 970
> 100 5 0 9 1021
> 100 5 0 9 999
> 100 5 0 9 948
> 100 5 0 9 904
> 100 5 0 9 909
> 100 5 0 9 969
> 100 5 0 9 954
> 100 5 0 9 995
> 100 5 0 9 958
> 100 5 0 9 965
> 100 5 0 9 952
> 100 5 0 9 1031
> 100 5 0 9 949
> 100 5 0 9 975