> 50 10 0 2 272
> 50 10 0 2 268
> 50 10 0 2 248
> 50 10 0 2 281
> 50 10 0 2 246
> 50 10 0 2 263
> 50 10 0 2 260
> 50 10 0 2 253
> 50 10 0 2 285
> 50 10 0 2 266
> 50 10 0 2 270
> 50 10 0 2 277
> 50 10 0 2 268
> 50 10 0 2 288
> 50 10 0 2 265
> 50 10 0 2 257
> 50 10 0 2 251
> 50 10 0 2 262
> 50 10 0 2 262
> 50 10 0 2 275
> 50 10 0 2 273
> 50 10 0 2 270
> 50 10 0 2 265
> 50 10 0 2 246
> 50 10 0 2 279
> 50 10 0 2 259
> 50 10 0 2 271
> 50 10 0 2 275
> 50 10 0 2 263
> 50 10 0 2 262
> 50 10 0 2 293
> 50 10 0 2 264
> 50 10 0 2 283
> 50 10 0 2 247
> 50 10 0 2 258
> 50 10 0 2 259
> 50 10 0 2 272
> 50 10 0 2 281
> 50 10 0 2 262
> 50 10 0 2 254
> 50 10 0 2 273
> 50 10 0 2 274
> 50 10 0 2 255
> 50 10 0 2 272
> 50 10 0 2 256
> 50 10 0 2 276
> 50 10 0 2 273
> 50 10 0 2 251
> 50 10 0 2 271
> 50 10 0 2 269
> 50 10 0 2 250
> 50 10 0 2 264
> 50 10 0 2 269
> 50 10 0 2 261
> 50 10 0 2 276
> 50 10 0 2 271
> 50 10 0 2 269
> 50 10 0 2 241
> 50 10 0 2 262
> 50 10 0 2 258
> 50 10 0 2 272
> 50 10 0 2 271
> 50 10 0 2 265
> 50 10 0 2 277
> 50 10 0 2 259
> 50 10 0 2 258
> 50 10 0 2 271
> 50 10 0 2 268
> 50 10 0 2 257
> 50 10 0 2 259
> 50 10 0 2 277
> 50 10 0 2 273
> 50 10 0 2 266
> 50 10 0 2 239
> 50 10 0 2 274
> 50 10 0 2 258
> 50 10 0 2 259
> 50 10 0 2 264
> 50 10 0 2 287
> 50 10 0 2 267
> 50 10 0 2 269
> 50 10 0 2 266
> 50 10 0 2 255
> 50 10 0 2 261
> 50 10 0 2 264
> 50 10 0 2 286
> 50 10 0 2 253
> 50 10 0 2 266
> 50 10 0 2 268
> 50 10 0 2 263
> 50 10 0 2 271
> 50 10 0 2 268
> 50 10 0 2 257
> 50 10 0 2 260
> 50 10 0 2 274
> 50 10 0 2 234
> 50 10 0 2 275
> 50 10 0 2 240
> 50 10 0 2 253
> 50 10 0 2 242
